KSP Object: 1 MPI processes
  type: lsqr
  maximum iterations=10000, initial guess is zero
  tolerances:  relative=1e-05, absolute=1e-50, divergence=10000
  left preconditioning
  using UNPRECONDITIONED norm type for convergence test
PC Object: 1 MPI processes
  type: icc
    2 levels of fill
    tolerance for zero pivot 2.22045e-14
    using Manteuffel shift [POSITIVE_DEFINITE]
    matrix ordering: natural
    factor fill ratio given 1, needed 1.64793
      Factored matrix follows:
        Mat Object:         1 MPI processes
          type: seqsbaij
          rows=153, cols=153
          package used to perform factorization: petsc
          total: nonzeros=997, allocated nonzeros=997
          total number of mallocs used during MatSetValues calls =0
              block size is 1
  linear system matrix = precond matrix:
  Mat Object:   1 MPI processes
    type: seqaij
    rows=153, cols=153
    total: nonzeros=1057, allocated nonzeros=1057
    total number of mallocs used during MatSetValues calls =0
      not using I-node routines
************************************************************************************************************************
***             WIDEN YOUR WINDOW TO 120 CHARACTERS.  Use 'enscript -r -fCourier9' to print this document            ***
************************************************************************************************************************

---------------------------------------------- PETSc Performance Summary: ----------------------------------------------

/ibrix/home11/bnorris2/research/lighthouse/sandbox/petsc/new/solvers-aciss on a arch-linux2-c-mpich3.1-gcc4.9 named cn28 with 1 processor, by bnorris2 Tue Feb  9 17:02:14 2016
Using Petsc Release Version 3.5.3, Jan, 31, 2015 

                         Max       Max/Min        Avg      Total 
Time (sec):           5.367e-02      1.00000   5.367e-02
Objects:              2.200e+01      1.00000   2.200e+01
Flops:                2.285e+06      1.00000   2.285e+06  2.285e+06
Flops/sec:            4.258e+07      1.00000   4.258e+07  4.258e+07
Memory:               1.326e+05      1.00000              1.326e+05
MPI Messages:         0.000e+00      0.00000   0.000e+00  0.000e+00
MPI Message Lengths:  0.000e+00      0.00000   0.000e+00  0.000e+00
MPI Reductions:       0.000e+00      0.00000

Flop counting convention: 1 flop = 1 real number operation of type (multiply/divide/add/subtract)
                            e.g., VecAXPY() for real vectors of length N --> 2N flops
                            and VecAXPY() for complex vectors of length N --> 8N flops

Summary of Stages:   ----- Time ------  ----- Flops -----  --- Messages ---  -- Message Lengths --  -- Reductions --
                        Avg     %Total     Avg     %Total   counts   %Total     Avg         %Total   counts   %Total 
 0:      Main Stage: 5.2272e-02  97.4%  2.2854e+06 100.0%  0.000e+00   0.0%  0.000e+00        0.0%  0.000e+00   0.0% 

------------------------------------------------------------------------------------------------------------------------
See the 'Profiling' chapter of the users' manual for details on interpreting output.
Phase summary info:
   Count: number of times phase was executed
   Time and Flops: Max - maximum over all processors
                   Ratio - ratio of maximum to minimum over all processors
   Mess: number of messages sent
   Avg. len: average message length (bytes)
   Reduct: number of global reductions
   Global: entire computation
   Stage: stages of a computation. Set stages with PetscLogStagePush() and PetscLogStagePop().
      %T - percent time in this phase         %F - percent flops in this phase
      %M - percent messages in this phase     %L - percent message lengths in this phase
      %R - percent reductions in this phase
   Total Mflop/s: 10e-6 * (sum of flops over all processors)/(max time over all processors)
------------------------------------------------------------------------------------------------------------------------


      ##########################################################
      #                                                        #
      #                          WARNING!!!                    #
      #                                                        #
      #   This code was compiled with a debugging option,      #
      #   To get timing results run ./configure                #
      #   using --with-debugging=no, the performance will      #
      #   be generally two or three times faster.              #
      #                                                        #
      ##########################################################


Event                Count      Time (sec)     Flops                             --- Global ---  --- Stage ---   Total
                   Max Ratio  Max     Ratio   Max  Ratio  Mess   Avg len Reduct  %T %F %M %L %R  %T %F %M %L %R Mflop/s
------------------------------------------------------------------------------------------------------------------------

--- Event Stage 0: Main Stage

ThreadCommRunKer       1 1.0 4.0531e-06 1.0 0.00e+00 0.0 0.0e+00 0.0e+00 0.0e+00  0  0  0  0  0   0  0  0  0  0     0
ThreadCommBarrie       1 1.0 2.1458e-06 1.0 0.00e+00 0.0 0.0e+00 0.0e+00 0.0e+00  0  0  0  0  0   0  0  0  0  0     0
MatMult              231 1.0 1.2083e-03 1.0 4.53e+05 1.0 0.0e+00 0.0e+00 0.0e+00  2 20  0  0  0   2 20  0  0  0   375
MatMultTranspose     231 1.0 2.5089e-03 1.0 4.88e+05 1.0 0.0e+00 0.0e+00 0.0e+00  5 21  0  0  0   5 21  0  0  0   195
MatSolve             231 1.0 1.5194e-03 1.0 8.15e+05 1.0 0.0e+00 0.0e+00 0.0e+00  3 36  0  0  0   3 36  0  0  0   537
MatCholFctrNum         1 1.0 3.9101e-05 1.0 1.53e+02 1.0 0.0e+00 0.0e+00 0.0e+00  0  0  0  0  0   0  0  0  0  0     4
MatICCFactorSym        1 1.0 1.0490e-04 1.0 0.00e+00 0.0 0.0e+00 0.0e+00 0.0e+00  0  0  0  0  0   0  0  0  0  0     0
MatAssemblyBegin       1 1.0 1.9073e-06 1.0 0.00e+00 0.0 0.0e+00 0.0e+00 0.0e+00  0  0  0  0  0   0  0  0  0  0     0
MatAssemblyEnd         1 1.0 2.6941e-05 1.0 0.00e+00 0.0 0.0e+00 0.0e+00 0.0e+00  0  0  0  0  0   0  0  0  0  0     0
MatGetRowIJ            1 1.0 3.0994e-06 1.0 0.00e+00 0.0 0.0e+00 0.0e+00 0.0e+00  0  0  0  0  0   0  0  0  0  0     0
MatGetOrdering         1 1.0 1.3995e-04 1.0 0.00e+00 0.0 0.0e+00 0.0e+00 0.0e+00  0  0  0  0  0   0  0  0  0  0     0
MatLoad                1 1.0 1.2708e-04 1.0 0.00e+00 0.0 0.0e+00 0.0e+00 0.0e+00  0  0  0  0  0   0  0  0  0  0     0
MatView                6 1.0 1.7331e-03 1.0 0.00e+00 0.0 0.0e+00 0.0e+00 0.0e+00  3  0  0  0  0   3  0  0  0  0     0
VecDot               231 1.0 2.5139e-03 1.0 7.05e+04 1.0 0.0e+00 0.0e+00 0.0e+00  5  3  0  0  0   5  3  0  0  0    28
VecNorm              231 1.0 7.1311e-04 1.0 7.05e+04 1.0 0.0e+00 0.0e+00 0.0e+00  1  3  0  0  0   1  3  0  0  0    99
VecScale             693 1.0 6.3920e-03 1.0 1.06e+05 1.0 0.0e+00 0.0e+00 0.0e+00 12  5  0  0  0  12  5  0  0  0    17
VecCopy                2 1.0 1.3113e-05 1.0 0.00e+00 0.0 0.0e+00 0.0e+00 0.0e+00  0  0  0  0  0   0  0  0  0  0     0
VecSet               245 1.0 6.7973e-04 1.0 0.00e+00 0.0 0.0e+00 0.0e+00 0.0e+00  1  0  0  0  0   1  0  0  0  0     0
VecAXPY              691 1.0 7.5464e-03 1.0 2.11e+05 1.0 0.0e+00 0.0e+00 0.0e+00 14  9  0  0  0  14  9  0  0  0    28
VecAYPX              230 1.0 8.5759e-04 1.0 7.04e+04 1.0 0.0e+00 0.0e+00 0.0e+00  2  3  0  0  0   2  3  0  0  0    82
KSPSetUp               1 1.0 2.5201e-04 1.0 0.00e+00 0.0 0.0e+00 0.0e+00 0.0e+00  0  0  0  0  0   0  0  0  0  0     0
KSPSolve               1 1.0 3.8650e-02 1.0 2.28e+06 1.0 0.0e+00 0.0e+00 0.0e+00 72100  0  0  0  74100  0  0  0    59
PCSetUp                1 1.0 4.1103e-04 1.0 1.53e+02 1.0 0.0e+00 0.0e+00 0.0e+00  1  0  0  0  0   1  0  0  0  0     0
PCApply              231 1.0 2.6364e-03 1.0 8.15e+05 1.0 0.0e+00 0.0e+00 0.0e+00  5 36  0  0  0   5 36  0  0  0   309
------------------------------------------------------------------------------------------------------------------------

Memory usage is given in bytes:

Object Type          Creations   Destructions     Memory  Descendants' Mem.
Reports information only for process 0.

--- Event Stage 0: Main Stage

              Viewer     3              1          752     0
              Matrix     2              1        14676     0
              Vector    12             12        32736     0
       Krylov Solver     1              1         1224     0
      Preconditioner     1              1          960     0
           Index Set     3              3         3576     0
========================================================================================================================
Average time to get PetscTime(): 0
#PETSc Option Table entries:
-f /home11/bnorris2/UFloridaSparseMat/moose/adapt_tstep_shrink_init_dt_restart_11_1_1.mat
-hash 90197667
-ksp_type lsqr
-ksp_view
-log_summary
-options_left
-pc_factor_levels 2
-pc_type icc
#End of PETSc Option Table entries
Compiled without FORTRAN kernels
Compiled with full precision matrices (default)
sizeof(short) 2 sizeof(int) 4 sizeof(long) 8 sizeof(void*) 8 sizeof(PetscScalar) 8 sizeof(PetscInt) 4
Configure options: --download-hypre=yes --COPTFLAGS="-g -O3" --FOPTFLAGS="-g -O3" --FFLAGS="-g -O3" --CFLAGS="-g -O3" --download-superlu=yes
-----------------------------------------
Libraries compiled on Fri Nov 27 17:45:54 2015 on cn164 
Machine characteristics: Linux-2.6.32-358.23.2.el6.x86_64-x86_64-with-redhat-6.6-Santiago
Using PETSc directory: /home11/bnorris2/petsc/petsc-3.5.3
Using PETSc arch: arch-linux2-c-mpich3.1-gcc4.9
-----------------------------------------

Using C compiler: mpicc -g -O3 -fPIC -g -O3  ${COPTFLAGS} ${CFLAGS}
Using Fortran compiler: mpif90 -g -O3 -fPIC -g -O3   ${FOPTFLAGS} ${FFLAGS} 
-----------------------------------------

Using include paths: -I/home11/bnorris2/petsc/petsc-3.5.3/arch-linux2-c-mpich3.1-gcc4.9/include -I/home11/bnorris2/petsc/petsc-3.5.3/include -I/home11/bnorris2/petsc/petsc-3.5.3/include -I/home11/bnorris2/petsc/petsc-3.5.3/arch-linux2-c-mpich3.1-gcc4.9/include -I/ibrix/users/home11/bnorris2/petsc/petsc-3.5.3/arch-linux2-c-mpich3.1-gcc4.9/include -I/packages/mpich2/3.1.4_gcc-4.9.2/include
-----------------------------------------

Using C linker: mpicc
Using Fortran linker: mpif90
Using libraries: -Wl,-rpath,/home11/bnorris2/petsc/petsc-3.5.3/arch-linux2-c-mpich3.1-gcc4.9/lib -L/home11/bnorris2/petsc/petsc-3.5.3/arch-linux2-c-mpich3.1-gcc4.9/lib -lpetsc -Wl,-rpath,/ibrix/users/home11/bnorris2/petsc/petsc-3.5.3/arch-linux2-c-mpich3.1-gcc4.9/lib -L/ibrix/users/home11/bnorris2/petsc/petsc-3.5.3/arch-linux2-c-mpich3.1-gcc4.9/lib -lsuperlu_4.3 -lHYPRE -Wl,-rpath,/packages/mpich2/3.1.4_gcc-4.9.2/lib -L/packages/mpich2/3.1.4_gcc-4.9.2/lib -Wl,-rpath,/ibrix/packages/gcc/4.9.3/lib/gcc/x86_64-unknown-linux-gnu/4.9.3 -L/ibrix/packages/gcc/4.9.3/lib/gcc/x86_64-unknown-linux-gnu/4.9.3 -Wl,-rpath,/ibrix/packages/gcc/4.9.3/lib/gcc -L/ibrix/packages/gcc/4.9.3/lib/gcc -Wl,-rpath,/ibrix/packages/gcc/4.9.3/lib64 -L/ibrix/packages/gcc/4.9.3/lib64 -Wl,-rpath,/ibrix/packages/gcc/4.9.3/lib -L/ibrix/packages/gcc/4.9.3/lib -lmpicxx -lstdc++ -llapack -lblas -lX11 -lssl -lcrypto -lpthread -lmpifort -lgfortran -lm -lgfortran -lm -lquadmath -lm -lmpicxx -lstdc++ -Wl,-rpath,/packages/mpich2/3.1.4_gcc-4.9.2/lib -L/packages/mpich2/3.1.4_gcc-4.9.2/lib -Wl,-rpath,/ibrix/packages/gcc/4.9.3/lib/gcc/x86_64-unknown-linux-gnu/4.9.3 -L/ibrix/packages/gcc/4.9.3/lib/gcc/x86_64-unknown-linux-gnu/4.9.3 -Wl,-rpath,/ibrix/packages/gcc/4.9.3/lib/gcc -L/ibrix/packages/gcc/4.9.3/lib/gcc -Wl,-rpath,/ibrix/packages/gcc/4.9.3/lib64 -L/ibrix/packages/gcc/4.9.3/lib64 -Wl,-rpath,/ibrix/packages/gcc/4.9.3/lib -L/ibrix/packages/gcc/4.9.3/lib -ldl -Wl,-rpath,/packages/mpich2/3.1.4_gcc-4.9.2/lib -lmpi -lgcc_s -ldl  
-----------------------------------------

#PETSc Option Table entries:
-f /home11/bnorris2/UFloridaSparseMat/moose/adapt_tstep_shrink_init_dt_restart_11_1_1.mat
-hash 90197667
-ksp_type lsqr
-ksp_view
-log_summary
-options_left
-pc_factor_levels 2
-pc_type icc
#End of PETSc Option Table entries
There are no unused options.
