************************************************************************************************************************
***             WIDEN YOUR WINDOW TO 120 CHARACTERS.  Use 'enscript -r -fCourier9' to print this document            ***
************************************************************************************************************************

---------------------------------------------- PETSc Performance Summary: ----------------------------------------------

/ibrix/home11/bnorris2/research/lighthouse/sandbox/petsc/new/solvers-aciss on a arch-linux2-c-mpich3.1-gcc4.9 named cn167 with 1 processor, by bnorris2 Thu Dec  3 17:07:48 2015
Using Petsc Release Version 3.5.3, Jan, 31, 2015 

                         Max       Max/Min        Avg      Total 
Time (sec):           2.963e-02      1.00000   2.963e-02
Objects:              3.200e+01      1.00000   3.200e+01
Flops:                2.169e+06      1.00000   2.169e+06  2.169e+06
Flops/sec:            7.320e+07      1.00000   7.320e+07  7.320e+07
Memory:               2.768e+06      1.00000              2.768e+06
MPI Messages:         0.000e+00      0.00000   0.000e+00  0.000e+00
MPI Message Lengths:  0.000e+00      0.00000   0.000e+00  0.000e+00
MPI Reductions:       0.000e+00      0.00000

Flop counting convention: 1 flop = 1 real number operation of type (multiply/divide/add/subtract)
                            e.g., VecAXPY() for real vectors of length N --> 2N flops
                            and VecAXPY() for complex vectors of length N --> 8N flops

Summary of Stages:   ----- Time ------  ----- Flops -----  --- Messages ---  -- Message Lengths --  -- Reductions --
                        Avg     %Total     Avg     %Total   counts   %Total     Avg         %Total   counts   %Total 
 0:      Main Stage: 2.8181e-02  95.1%  2.1694e+06 100.0%  0.000e+00   0.0%  0.000e+00        0.0%  0.000e+00   0.0% 

------------------------------------------------------------------------------------------------------------------------
See the 'Profiling' chapter of the users' manual for details on interpreting output.
Phase summary info:
   Count: number of times phase was executed
   Time and Flops: Max - maximum over all processors
                   Ratio - ratio of maximum to minimum over all processors
   Mess: number of messages sent
   Avg. len: average message length (bytes)
   Reduct: number of global reductions
   Global: entire computation
   Stage: stages of a computation. Set stages with PetscLogStagePush() and PetscLogStagePop().
      %T - percent time in this phase         %F - percent flops in this phase
      %M - percent messages in this phase     %L - percent message lengths in this phase
      %R - percent reductions in this phase
   Total Mflop/s: 10e-6 * (sum of flops over all processors)/(max time over all processors)
------------------------------------------------------------------------------------------------------------------------


      ##########################################################
      #                                                        #
      #                          WARNING!!!                    #
      #                                                        #
      #   This code was compiled with a debugging option,      #
      #   To get timing results run ./configure                #
      #   using --with-debugging=no, the performance will      #
      #   be generally two or three times faster.              #
      #                                                        #
      ##########################################################


Event                Count      Time (sec)     Flops                             --- Global ---  --- Stage ---   Total
                   Max Ratio  Max     Ratio   Max  Ratio  Mess   Avg len Reduct  %T %F %M %L %R  %T %F %M %L %R Mflop/s
------------------------------------------------------------------------------------------------------------------------

--- Event Stage 0: Main Stage

ThreadCommRunKer       1 1.0 5.0068e-06 1.0 0.00e+00 0.0 0.0e+00 0.0e+00 0.0e+00  0  0  0  0  0   0  0  0  0  0     0
ThreadCommBarrie       1 1.0 2.1458e-06 1.0 0.00e+00 0.0 0.0e+00 0.0e+00 0.0e+00  0  0  0  0  0   0  0  0  0  0     0
MatMult                7 1.0 4.6515e-04 1.0 4.62e+05 1.0 0.0e+00 0.0e+00 0.0e+00  2 21  0  0  0   2 21  0  0  0   992
MatMultTranspose       7 1.0 6.0987e-04 1.0 5.14e+05 1.0 0.0e+00 0.0e+00 0.0e+00  2 24  0  0  0   2 24  0  0  0   843
MatSolve               7 1.0 4.8113e-04 1.0 4.62e+05 1.0 0.0e+00 0.0e+00 0.0e+00  2 21  0  0  0   2 21  0  0  0   959
MatLUFactorNum         1 1.0 1.4789e-03 1.0 3.67e+04 1.0 0.0e+00 0.0e+00 0.0e+00  5  2  0  0  0   5  2  0  0  0    25
MatILUFactorSym        1 1.0 3.8981e-04 1.0 0.00e+00 0.0 0.0e+00 0.0e+00 0.0e+00  1  0  0  0  0   1  0  0  0  0     0
MatAssemblyBegin       2 1.0 4.0531e-06 1.0 0.00e+00 0.0 0.0e+00 0.0e+00 0.0e+00  0  0  0  0  0   0  0  0  0  0     0
MatAssemblyEnd         2 1.0 7.5483e-04 1.0 0.00e+00 0.0 0.0e+00 0.0e+00 0.0e+00  3  0  0  0  0   3  0  0  0  0     0
MatGetRowIJ            1 1.0 3.0994e-06 1.0 0.00e+00 0.0 0.0e+00 0.0e+00 0.0e+00  0  0  0  0  0   0  0  0  0  0     0
MatGetSubMatrice       1 1.0 9.2220e-04 1.0 0.00e+00 0.0 0.0e+00 0.0e+00 0.0e+00  3  0  0  0  0   3  0  0  0  0     0
MatGetOrdering         1 1.0 7.8917e-04 1.0 0.00e+00 0.0 0.0e+00 0.0e+00 0.0e+00  3  0  0  0  0   3  0  0  0  0     0
MatIncreaseOvrlp       1 1.0 3.1090e-04 1.0 0.00e+00 0.0 0.0e+00 0.0e+00 0.0e+00  1  0  0  0  0   1  0  0  0  0     0
MatLoad                1 1.0 9.9301e-04 1.0 0.00e+00 0.0 0.0e+00 0.0e+00 0.0e+00  3  0  0  0  0   4  0  0  0  0     0
MatView                6 1.0 1.9484e-03 1.0 0.00e+00 0.0 0.0e+00 0.0e+00 0.0e+00  7  0  0  0  0   7  0  0  0  0     0
VecDot                 7 1.0 1.8716e-04 1.0 1.05e+05 1.0 0.0e+00 0.0e+00 0.0e+00  1  5  0  0  0   1  5  0  0  0   559
VecNorm                7 1.0 8.3447e-05 1.0 1.05e+05 1.0 0.0e+00 0.0e+00 0.0e+00  0  5  0  0  0   0  5  0  0  0  1255
VecScale              19 1.0 3.6836e-04 1.0 1.42e+05 1.0 0.0e+00 0.0e+00 0.0e+00  1  7  0  0  0   1  7  0  0  0   386
VecCopy                2 1.0 2.2888e-05 1.0 0.00e+00 0.0 0.0e+00 0.0e+00 0.0e+00  0  0  0  0  0   0  0  0  0  0     0
VecSet                38 1.0 4.5586e-04 1.0 0.00e+00 0.0 0.0e+00 0.0e+00 0.0e+00  2  0  0  0  0   2  0  0  0  0     0
VecAXPY               18 1.0 4.6062e-04 1.0 2.69e+05 1.0 0.0e+00 0.0e+00 0.0e+00  2 12  0  0  0   2 12  0  0  0   585
VecAYPX                5 1.0 5.1022e-05 1.0 7.48e+04 1.0 0.0e+00 0.0e+00 0.0e+00  0  3  0  0  0   0  3  0  0  0  1466
VecScatterBegin       14 1.0 1.8001e-04 1.0 0.00e+00 0.0 0.0e+00 0.0e+00 0.0e+00  1  0  0  0  0   1  0  0  0  0     0
KSPSetUp               2 1.0 4.4703e-04 1.0 0.00e+00 0.0 0.0e+00 0.0e+00 0.0e+00  2  0  0  0  0   2  0  0  0  0     0
KSPSolve               1 1.0 9.1820e-03 1.0 2.04e+06 1.0 0.0e+00 0.0e+00 0.0e+00 31 94  0  0  0  33 94  0  0  0   222
PCSetUp                2 1.0 4.6186e-03 1.0 3.67e+04 1.0 0.0e+00 0.0e+00 0.0e+00 16  2  0  0  0  16  2  0  0  0     8
PCSetUpOnBlocks        2 1.0 2.8129e-03 1.0 3.67e+04 1.0 0.0e+00 0.0e+00 0.0e+00  9  2  0  0  0  10  2  0  0  0    13
PCApply                7 1.0 2.6584e-03 1.0 4.62e+05 1.0 0.0e+00 0.0e+00 0.0e+00  9 21  0  0  0   9 21  0  0  0   174
------------------------------------------------------------------------------------------------------------------------

Memory usage is given in bytes:

Object Type          Creations   Destructions     Memory  Descendants' Mem.
Reports information only for process 0.

--- Event Stage 0: Main Stage

              Viewer     3              1          752     0
              Matrix     3              2      1125756     0
              Vector    15             15       920040     0
      Vector Scatter     1              1          644     0
       Krylov Solver     2              2         2384     0
      Preconditioner     2              2         1960     0
           Index Set     6              6        94452     0
========================================================================================================================
Average time to get PetscTime(): 0
#PETSc Option Table entries:
-f /home11/bnorris2/UFloridaSparseMat/petsc/c-36.petsc
-hash 37052868
-ksp_type lsqr
-log_summary
-matload_block_size 1
-options_left
-pc_asm_overlap 1
-pc_type asm
#End of PETSc Option Table entries
Compiled without FORTRAN kernels
Compiled with full precision matrices (default)
sizeof(short) 2 sizeof(int) 4 sizeof(long) 8 sizeof(void*) 8 sizeof(PetscScalar) 8 sizeof(PetscInt) 4
Configure options: --download-hypre=yes --COPTFLAGS="-g -O3" --FOPTFLAGS="-g -O3" --FFLAGS="-g -O3" --CFLAGS="-g -O3" --download-superlu=yes
-----------------------------------------
Libraries compiled on Fri Nov 27 17:45:54 2015 on cn164 
Machine characteristics: Linux-2.6.32-358.23.2.el6.x86_64-x86_64-with-redhat-6.6-Santiago
Using PETSc directory: /home11/bnorris2/petsc/petsc-3.5.3
Using PETSc arch: arch-linux2-c-mpich3.1-gcc4.9
-----------------------------------------

Using C compiler: mpicc -g -O3 -fPIC -g -O3  ${COPTFLAGS} ${CFLAGS}
Using Fortran compiler: mpif90 -g -O3 -fPIC -g -O3   ${FOPTFLAGS} ${FFLAGS} 
-----------------------------------------

Using include paths: -I/home11/bnorris2/petsc/petsc-3.5.3/arch-linux2-c-mpich3.1-gcc4.9/include -I/home11/bnorris2/petsc/petsc-3.5.3/include -I/home11/bnorris2/petsc/petsc-3.5.3/include -I/home11/bnorris2/petsc/petsc-3.5.3/arch-linux2-c-mpich3.1-gcc4.9/include -I/ibrix/users/home11/bnorris2/petsc/petsc-3.5.3/arch-linux2-c-mpich3.1-gcc4.9/include -I/packages/mpich2/3.1.4_gcc-4.9.2/include
-----------------------------------------

Using C linker: mpicc
Using Fortran linker: mpif90
Using libraries: -Wl,-rpath,/home11/bnorris2/petsc/petsc-3.5.3/arch-linux2-c-mpich3.1-gcc4.9/lib -L/home11/bnorris2/petsc/petsc-3.5.3/arch-linux2-c-mpich3.1-gcc4.9/lib -lpetsc -Wl,-rpath,/ibrix/users/home11/bnorris2/petsc/petsc-3.5.3/arch-linux2-c-mpich3.1-gcc4.9/lib -L/ibrix/users/home11/bnorris2/petsc/petsc-3.5.3/arch-linux2-c-mpich3.1-gcc4.9/lib -lsuperlu_4.3 -lHYPRE -Wl,-rpath,/packages/mpich2/3.1.4_gcc-4.9.2/lib -L/packages/mpich2/3.1.4_gcc-4.9.2/lib -Wl,-rpath,/ibrix/packages/gcc/4.9.3/lib/gcc/x86_64-unknown-linux-gnu/4.9.3 -L/ibrix/packages/gcc/4.9.3/lib/gcc/x86_64-unknown-linux-gnu/4.9.3 -Wl,-rpath,/ibrix/packages/gcc/4.9.3/lib/gcc -L/ibrix/packages/gcc/4.9.3/lib/gcc -Wl,-rpath,/ibrix/packages/gcc/4.9.3/lib64 -L/ibrix/packages/gcc/4.9.3/lib64 -Wl,-rpath,/ibrix/packages/gcc/4.9.3/lib -L/ibrix/packages/gcc/4.9.3/lib -lmpicxx -lstdc++ -llapack -lblas -lX11 -lssl -lcrypto -lpthread -lmpifort -lgfortran -lm -lgfortran -lm -lquadmath -lm -lmpicxx -lstdc++ -Wl,-rpath,/packages/mpich2/3.1.4_gcc-4.9.2/lib -L/packages/mpich2/3.1.4_gcc-4.9.2/lib -Wl,-rpath,/ibrix/packages/gcc/4.9.3/lib/gcc/x86_64-unknown-linux-gnu/4.9.3 -L/ibrix/packages/gcc/4.9.3/lib/gcc/x86_64-unknown-linux-gnu/4.9.3 -Wl,-rpath,/ibrix/packages/gcc/4.9.3/lib/gcc -L/ibrix/packages/gcc/4.9.3/lib/gcc -Wl,-rpath,/ibrix/packages/gcc/4.9.3/lib64 -L/ibrix/packages/gcc/4.9.3/lib64 -Wl,-rpath,/ibrix/packages/gcc/4.9.3/lib -L/ibrix/packages/gcc/4.9.3/lib -ldl -Wl,-rpath,/packages/mpich2/3.1.4_gcc-4.9.2/lib -lmpi -lgcc_s -ldl  
-----------------------------------------

#PETSc Option Table entries:
-f /home11/bnorris2/UFloridaSparseMat/petsc/c-36.petsc
-hash 37052868
-ksp_type lsqr
-log_summary
-matload_block_size 1
-options_left
-pc_asm_overlap 1
-pc_type asm
#End of PETSc Option Table entries
There are no unused options.
