************************************************************************************************************************
***             WIDEN YOUR WINDOW TO 120 CHARACTERS.  Use 'enscript -r -fCourier9' to print this document            ***
************************************************************************************************************************

---------------------------------------------- PETSc Performance Summary: ----------------------------------------------

/ibrix/home11/bnorris2/research/lighthouse/sandbox/petsc/new/solvers-aciss on a arch-linux2-c-mpich3.1-gcc4.9 named cn167 with 1 processor, by bnorris2 Thu Dec  3 15:36:57 2015
Using Petsc Release Version 3.5.3, Jan, 31, 2015 

                         Max       Max/Min        Avg      Total 
Time (sec):           2.127e-02      1.00000   2.127e-02
Objects:              2.300e+01      1.00000   2.300e+01
Flops:                1.381e+06      1.00000   1.381e+06  1.381e+06
Flops/sec:            6.496e+07      1.00000   6.496e+07  6.496e+07
Memory:               1.422e+06      1.00000              1.422e+06
MPI Messages:         0.000e+00      0.00000   0.000e+00  0.000e+00
MPI Message Lengths:  0.000e+00      0.00000   0.000e+00  0.000e+00
MPI Reductions:       0.000e+00      0.00000

Flop counting convention: 1 flop = 1 real number operation of type (multiply/divide/add/subtract)
                            e.g., VecAXPY() for real vectors of length N --> 2N flops
                            and VecAXPY() for complex vectors of length N --> 8N flops

Summary of Stages:   ----- Time ------  ----- Flops -----  --- Messages ---  -- Message Lengths --  -- Reductions --
                        Avg     %Total     Avg     %Total   counts   %Total     Avg         %Total   counts   %Total 
 0:      Main Stage: 1.9892e-02  93.5%  1.3814e+06 100.0%  0.000e+00   0.0%  0.000e+00        0.0%  0.000e+00   0.0% 

------------------------------------------------------------------------------------------------------------------------
See the 'Profiling' chapter of the users' manual for details on interpreting output.
Phase summary info:
   Count: number of times phase was executed
   Time and Flops: Max - maximum over all processors
                   Ratio - ratio of maximum to minimum over all processors
   Mess: number of messages sent
   Avg. len: average message length (bytes)
   Reduct: number of global reductions
   Global: entire computation
   Stage: stages of a computation. Set stages with PetscLogStagePush() and PetscLogStagePop().
      %T - percent time in this phase         %F - percent flops in this phase
      %M - percent messages in this phase     %L - percent message lengths in this phase
      %R - percent reductions in this phase
   Total Mflop/s: 10e-6 * (sum of flops over all processors)/(max time over all processors)
------------------------------------------------------------------------------------------------------------------------


      ##########################################################
      #                                                        #
      #                          WARNING!!!                    #
      #                                                        #
      #   This code was compiled with a debugging option,      #
      #   To get timing results run ./configure                #
      #   using --with-debugging=no, the performance will      #
      #   be generally two or three times faster.              #
      #                                                        #
      ##########################################################


Event                Count      Time (sec)     Flops                             --- Global ---  --- Stage ---   Total
                   Max Ratio  Max     Ratio   Max  Ratio  Mess   Avg len Reduct  %T %F %M %L %R  %T %F %M %L %R Mflop/s
------------------------------------------------------------------------------------------------------------------------

--- Event Stage 0: Main Stage

ThreadCommRunKer       1 1.0 4.0531e-06 1.0 0.00e+00 0.0 0.0e+00 0.0e+00 0.0e+00  0  0  0  0  0   0  0  0  0  0     0
ThreadCommBarrie       1 1.0 1.9073e-06 1.0 0.00e+00 0.0 0.0e+00 0.0e+00 0.0e+00  0  0  0  0  0   0  0  0  0  0     0
MatMult                9 1.0 3.6383e-04 1.0 3.41e+05 1.0 0.0e+00 0.0e+00 0.0e+00  2 25  0  0  0   2 25  0  0  0   938
MatSolve               9 1.0 4.8089e-04 1.0 4.36e+05 1.0 0.0e+00 0.0e+00 0.0e+00  2 32  0  0  0   2 32  0  0  0   906
MatLUFactorNum         1 1.0 7.8583e-04 1.0 1.81e+05 1.0 0.0e+00 0.0e+00 0.0e+00  4 13  0  0  0   4 13  0  0  0   230
MatILUFactorSym        1 1.0 2.0490e-03 1.0 0.00e+00 0.0 0.0e+00 0.0e+00 0.0e+00 10  0  0  0  0  10  0  0  0  0     0
MatAssemblyBegin       1 1.0 2.1458e-06 1.0 0.00e+00 0.0 0.0e+00 0.0e+00 0.0e+00  0  0  0  0  0   0  0  0  0  0     0
MatAssemblyEnd         1 1.0 2.3103e-04 1.0 0.00e+00 0.0 0.0e+00 0.0e+00 0.0e+00  1  0  0  0  0   1  0  0  0  0     0
MatGetRowIJ            1 1.0 3.0994e-06 1.0 0.00e+00 0.0 0.0e+00 0.0e+00 0.0e+00  0  0  0  0  0   0  0  0  0  0     0
MatGetOrdering         1 1.0 5.3096e-04 1.0 0.00e+00 0.0 0.0e+00 0.0e+00 0.0e+00  2  0  0  0  0   3  0  0  0  0     0
MatLoad                1 1.0 6.3610e-04 1.0 0.00e+00 0.0 0.0e+00 0.0e+00 0.0e+00  3  0  0  0  0   3  0  0  0  0     0
MatView                4 1.0 1.1744e-03 1.0 0.00e+00 0.0 0.0e+00 0.0e+00 0.0e+00  6  0  0  0  0   6  0  0  0  0     0
VecDot                 8 1.0 1.6379e-04 1.0 7.22e+04 1.0 0.0e+00 0.0e+00 0.0e+00  1  5  0  0  0   1  5  0  0  0   441
VecNorm                6 1.0 5.1022e-05 1.0 5.41e+04 1.0 0.0e+00 0.0e+00 0.0e+00  0  4  0  0  0   0  4  0  0  0  1061
VecCopy                5 1.0 4.1008e-05 1.0 0.00e+00 0.0 0.0e+00 0.0e+00 0.0e+00  0  0  0  0  0   0  0  0  0  0     0
VecSet                16 1.0 2.0337e-04 1.0 0.00e+00 0.0 0.0e+00 0.0e+00 0.0e+00  1  0  0  0  0   1  0  0  0  0     0
VecAXPY               15 1.0 2.9969e-04 1.0 1.35e+05 1.0 0.0e+00 0.0e+00 0.0e+00  1 10  0  0  0   2 10  0  0  0   451
VecAYPX                7 1.0 5.6982e-05 1.0 5.41e+04 1.0 0.0e+00 0.0e+00 0.0e+00  0  4  0  0  0   0  4  0  0  0   950
VecWAXPY              14 1.0 1.2231e-04 1.0 1.08e+05 1.0 0.0e+00 0.0e+00 0.0e+00  1  8  0  0  0   1  8  0  0  0   885
KSPSetUp               1 1.0 4.0698e-04 1.0 0.00e+00 0.0 0.0e+00 0.0e+00 0.0e+00  2  0  0  0  0   2  0  0  0  0     0
KSPSolve               1 1.0 4.3750e-03 1.0 1.14e+06 1.0 0.0e+00 0.0e+00 0.0e+00 21 83  0  0  0  22 83  0  0  0   262
PCSetUp                1 1.0 3.5028e-03 1.0 1.81e+05 1.0 0.0e+00 0.0e+00 0.0e+00 16 13  0  0  0  18 13  0  0  0    52
PCApply                9 1.0 5.3000e-04 1.0 4.36e+05 1.0 0.0e+00 0.0e+00 0.0e+00  2 32  0  0  0   3 32  0  0  0   822
------------------------------------------------------------------------------------------------------------------------

Memory usage is given in bytes:

Object Type          Creations   Destructions     Memory  Descendants' Mem.
Reports information only for process 0.

--- Event Stage 0: Main Stage

              Viewer     3              1          752     0
              Matrix     2              1       320160     0
              Vector    13             13       488592     0
       Krylov Solver     1              1         1160     0
      Preconditioner     1              1         1008     0
           Index Set     3              3        38432     0
========================================================================================================================
Average time to get PetscTime(): 9.53674e-08
#PETSc Option Table entries:
-f /home11/bnorris2/UFloridaSparseMat/petsc/circuit_2.petsc
-hash 69654763
-ksp_type tfqmr
-log_summary
-matload_block_size 1
-options_left
-pc_factor_levels 2
-pc_type ilu
#End of PETSc Option Table entries
Compiled without FORTRAN kernels
Compiled with full precision matrices (default)
sizeof(short) 2 sizeof(int) 4 sizeof(long) 8 sizeof(void*) 8 sizeof(PetscScalar) 8 sizeof(PetscInt) 4
Configure options: --download-hypre=yes --COPTFLAGS="-g -O3" --FOPTFLAGS="-g -O3" --FFLAGS="-g -O3" --CFLAGS="-g -O3" --download-superlu=yes
-----------------------------------------
Libraries compiled on Fri Nov 27 17:45:54 2015 on cn164 
Machine characteristics: Linux-2.6.32-358.23.2.el6.x86_64-x86_64-with-redhat-6.6-Santiago
Using PETSc directory: /home11/bnorris2/petsc/petsc-3.5.3
Using PETSc arch: arch-linux2-c-mpich3.1-gcc4.9
-----------------------------------------

Using C compiler: mpicc -g -O3 -fPIC -g -O3  ${COPTFLAGS} ${CFLAGS}
Using Fortran compiler: mpif90 -g -O3 -fPIC -g -O3   ${FOPTFLAGS} ${FFLAGS} 
-----------------------------------------

Using include paths: -I/home11/bnorris2/petsc/petsc-3.5.3/arch-linux2-c-mpich3.1-gcc4.9/include -I/home11/bnorris2/petsc/petsc-3.5.3/include -I/home11/bnorris2/petsc/petsc-3.5.3/include -I/home11/bnorris2/petsc/petsc-3.5.3/arch-linux2-c-mpich3.1-gcc4.9/include -I/ibrix/users/home11/bnorris2/petsc/petsc-3.5.3/arch-linux2-c-mpich3.1-gcc4.9/include -I/packages/mpich2/3.1.4_gcc-4.9.2/include
-----------------------------------------

Using C linker: mpicc
Using Fortran linker: mpif90
Using libraries: -Wl,-rpath,/home11/bnorris2/petsc/petsc-3.5.3/arch-linux2-c-mpich3.1-gcc4.9/lib -L/home11/bnorris2/petsc/petsc-3.5.3/arch-linux2-c-mpich3.1-gcc4.9/lib -lpetsc -Wl,-rpath,/ibrix/users/home11/bnorris2/petsc/petsc-3.5.3/arch-linux2-c-mpich3.1-gcc4.9/lib -L/ibrix/users/home11/bnorris2/petsc/petsc-3.5.3/arch-linux2-c-mpich3.1-gcc4.9/lib -lsuperlu_4.3 -lHYPRE -Wl,-rpath,/packages/mpich2/3.1.4_gcc-4.9.2/lib -L/packages/mpich2/3.1.4_gcc-4.9.2/lib -Wl,-rpath,/ibrix/packages/gcc/4.9.3/lib/gcc/x86_64-unknown-linux-gnu/4.9.3 -L/ibrix/packages/gcc/4.9.3/lib/gcc/x86_64-unknown-linux-gnu/4.9.3 -Wl,-rpath,/ibrix/packages/gcc/4.9.3/lib/gcc -L/ibrix/packages/gcc/4.9.3/lib/gcc -Wl,-rpath,/ibrix/packages/gcc/4.9.3/lib64 -L/ibrix/packages/gcc/4.9.3/lib64 -Wl,-rpath,/ibrix/packages/gcc/4.9.3/lib -L/ibrix/packages/gcc/4.9.3/lib -lmpicxx -lstdc++ -llapack -lblas -lX11 -lssl -lcrypto -lpthread -lmpifort -lgfortran -lm -lgfortran -lm -lquadmath -lm -lmpicxx -lstdc++ -Wl,-rpath,/packages/mpich2/3.1.4_gcc-4.9.2/lib -L/packages/mpich2/3.1.4_gcc-4.9.2/lib -Wl,-rpath,/ibrix/packages/gcc/4.9.3/lib/gcc/x86_64-unknown-linux-gnu/4.9.3 -L/ibrix/packages/gcc/4.9.3/lib/gcc/x86_64-unknown-linux-gnu/4.9.3 -Wl,-rpath,/ibrix/packages/gcc/4.9.3/lib/gcc -L/ibrix/packages/gcc/4.9.3/lib/gcc -Wl,-rpath,/ibrix/packages/gcc/4.9.3/lib64 -L/ibrix/packages/gcc/4.9.3/lib64 -Wl,-rpath,/ibrix/packages/gcc/4.9.3/lib -L/ibrix/packages/gcc/4.9.3/lib -ldl -Wl,-rpath,/packages/mpich2/3.1.4_gcc-4.9.2/lib -lmpi -lgcc_s -ldl  
-----------------------------------------

#PETSc Option Table entries:
-f /home11/bnorris2/UFloridaSparseMat/petsc/circuit_2.petsc
-hash 69654763
-ksp_type tfqmr
-log_summary
-matload_block_size 1
-options_left
-pc_factor_levels 2
-pc_type ilu
#End of PETSc Option Table entries
There are no unused options.
