Hash: 7285382
cg | ilu | reason=2 | time=1.273870e-03 | norm=1.80602e-13 | its=1
KSP Object: 1 MPI processes
  type: cg
  maximum iterations=10000, initial guess is zero
  tolerances:  relative=1e-05, absolute=1e-50, divergence=10000
  left preconditioning
  using PRECONDITIONED norm type for convergence test
PC Object: 1 MPI processes
  type: ilu
    ILU: out-of-place factorization
    2 levels of fill
    tolerance for zero pivot 2.22045e-14
    using diagonal shift on blocks to prevent zero pivot [INBLOCKS]
    matrix ordering: natural
    factor fill ratio given 1, needed 1
      Factored matrix follows:
        Mat Object:         1 MPI processes
          type: seqaij
          rows=2568, cols=2568
          package used to perform factorization: petsc
          total: nonzeros=39098, allocated nonzeros=39098
          total number of mallocs used during MatSetValues calls =0
            not using I-node routines
  linear system matrix = precond matrix:
  Mat Object:   1 MPI processes
    type: seqaij
    rows=2568, cols=2568
    total: nonzeros=39098, allocated nonzeros=39098
    total number of mallocs used during MatSetValues calls =0
      not using I-node routines
PC Object: 1 MPI processes
  type: ilu
    ILU: out-of-place factorization
    2 levels of fill
    tolerance for zero pivot 2.22045e-14
    using diagonal shift on blocks to prevent zero pivot [INBLOCKS]
    matrix ordering: natural
    factor fill ratio given 1, needed 1
      Factored matrix follows:
        Mat Object:         1 MPI processes
          type: seqaij
          rows=2568, cols=2568
          package used to perform factorization: petsc
          total: nonzeros=39098, allocated nonzeros=39098
          total number of mallocs used during MatSetValues calls =0
            not using I-node routines
  linear system matrix = precond matrix:
  Mat Object:   1 MPI processes
    type: seqaij
    rows=2568, cols=2568
    total: nonzeros=39098, allocated nonzeros=39098
    total number of mallocs used during MatSetValues calls =0
      not using I-node routines
************************************************************************************************************************
***             WIDEN YOUR WINDOW TO 120 CHARACTERS.  Use 'enscript -r -fCourier9' to print this document            ***
************************************************************************************************************************

---------------------------------------------- PETSc Performance Summary: ----------------------------------------------

/home11/bnorris2/research/lighthouse/sandbox/petsc/new/solvers-aciss on a arch-linux2-c-mpich3.1-gcc4.9 named cn120 with 1 processor, by bnorris2 Wed Mar 23 16:18:55 201UsUsing Petsc Release Version 3.5.3, Jan, 31, 2015
 
                         Max       Max/Min        Avg      TotalTime (sec):           4.057e+00      1.00000   4.057e+00
Objects:              1.700e+01      1.00000   1.700e+01
Flops:                3.827e+05      1.00000   3.827e+05  3.827e+05
Flops/sec:            9.433e+04      1.00000   9.433e+04  9.433e+04
Memory:               1.297e+06      1.00000              1.297e+06
MPMPI Messages:         0.000e+00      0.00000   0.000e+00  0.000e+0MPMPI Message Lengths:  0.000e+00      0.00000   0.000e+00  0.000e+0MPMPI Reductions:       0.000e+00      0.0000
F
Flop counting convention: 1 flop = 1 real number operation of type (multiply/divide/add/subtract                              e.g., VecAXPY() for real vectors of length N --> 2N flop                              and VecAXPY() for complex vectors of length N --> 8N flop
S
Summary of Stages:   ----- Time ------  ----- Flops -----  --- Messages ---  -- Message Lengths --  -- Reductions -                          Avg     %Total     Avg     %Total   counts   %Total     Avg         %Total   counts   %Total 0 0:      Main Stage: 4.0553e+00 100.0%  3.8269e+05 100.0%  0.000e+00   0.0%  0.000e+00        0.0%  0.000e+00   0.0%
-
-----------------------------------------------------------------------------------------------------------------------SeSee the 'Profiling' chapter of the users' manual for details on interpreting outputPhPhase summary info     Count: number of times phase was execute     Time and Flops: Max - maximum over all processor                     Ratio - ratio of maximum to minimum over all processor     Mess: number of messages sen     Avg. len: average message length (bytes     Reduct: number of global reduction     Global: entire computatio     Stage: stages of a computation. Set stages with PetscLogStagePush() and PetscLogStagePop()        %T - percent time in this phase         %F - percent flops in this phas        %M - percent messages in this phase     %L - percent message lengths in this phas        %R - percent reductions in this phas     Total Mflop/s: 10e-6 * (sum of flops over all processors)/(max time over all processors-------------------------------------------------------------------------------------------------------------------------

        #########################################################        #                                                                #                          WARNING!!!                            #                                                                #   This code was compiled with a debugging option,              #   To get timing results run ./configure                        #   using --with-debugging=no, the performance will              #   be generally two or three times faster.                      #                                                                ##########################################################
EvEvent                Count      Time (sec)     Flops                             --- Global ---  --- Stage ---   Tota                   Max Ratio  Max     Ratio   Max  Ratio  Mess   Avg len Reduct  %T %F %M %L %R  %T %F %M %L %R Mflop/s
------------------------------------------------------------------------------------------------------------------------

-
--- Event Stage 0: Main StageTTThreadCommRunKer       1 1.0 4.0531e-06 1.0 0.00e+00 0.0 0.0e+00 0.0e+00 0.0e+00  0  0  0  0  0   0  0  0  0  0     ThreadCommBarrie       1 1.0 1.9073e-06 1.0 0.00e+00 0.0 0.0e+00 0.0e+00 0.0e+00  0  0  0  0  0   0  0  0  0  0     0
MatMult                2 1.0 1.2875e-04 1.0 1.51e+05 1.0 0.0e+00 0.0e+00 0.0e+00  0 40  0  0  0   0 40  0  0  0  1175
MatSolve               2 1.0 1.2827e-04 1.0 1.51e+05 1.0 0.0e+00 0.0e+00 0.0e+00  0 40  0  0  0   0 40  0  0  0  1179
MatLUFactorNum         1 1.0 1.4341e-03 1.0 3.91e+04 1.0 0.0e+00 0.0e+00 0.0e+00  0 10  0  0  0   0 10  0  0  0    27
MatILUFactorSym        1 1.0 1.2710e-03 1.0 0.00e+00 0.0 0.0e+00 0.0e+00 0.0e+00  0  0  0  0  0   0  0  0  0  0     0
MaMatAssemblyBegin       1 1.0 1.9073e-06 1.0 0.00e+00 0.0 0.0e+00 0.0e+00 0.0e+00  0  0  0  0  0   0  0  0  0  0     MaMatAssemblyEnd         1 1.0 1.3804e-04 1.0 0.00e+00 0.0 0.0e+00 0.0e+00 0.0e+00  0  0  0  0  0   0  0  0  0  0     MatGetRowIJ            1 1.0 3.0994e-06 1.0 0.00e+00 0.0 0.0e+00 0.0e+00 0.0e+00  0  0  0  0  0   0  0  0  0  0     0
MatGetOrdering         1 1.0 3.6311e-04 1.0 0.00e+00 0.0 0.0e+00 0.0e+00 0.0e+00  0  0  0  0  0   0  0  0  0  0     0
MatLoad                1 1.0 3.9410e-01 1.0 0.00e+00 0.0 0.0e+00 0.0e+00 0.0e+00 10  0  0  0  0  10  0  0  0  0     0
MatView                6 1.0 1.7365e+00 1.0 0.00e+00 0.0 0.0e+00 0.0e+00 0.0e+00 43  0  0  0  0  43  0  0  0  0     0
VecTDot                2 1.0 3.9101e-05 1.0 1.03e+04 1.0 0.0e+00 0.0e+00 0.0e+00  0  3  0  0  0   0  3  0  0  0   263
VecNorm                3 1.0 2.4080e-05 1.0 1.54e+04 1.0 0.0e+00 0.0e+00 0.0e+00  0  4  0  0  0   0  4  0  0  0   640
VecCopy                2 1.0 1.6928e-05 1.0 0.00e+00 0.0 0.0e+00 0.0e+00 0.0e+00  0  0  0  0  0   0  0  0  0  0     0
VVecSet                 9 1.0 7.4387e-05 1.0 0.00e+00 0.0 0.0e+00 0.0e+00 0.0e+00  0  0  0  0  0   0  0  0  0  0     0VVecAXPY                3 1.0 5.2929e-05 1.0 1.54e+04 1.0 0.0e+00 0.0e+00 0.0e+00  0  4  0  0  0   0  4  0  0  0   291KKSPSetUp               1 1.0 1.6189e-04 1.0 0.00e+00 0.0 0.0e+00 0.0e+00 0.0e+00  0  0  0  0  0   0  0  0  0  0     0KSPSolve               1 1.0 6.5899e-04 1.0 2.58e+05 1.0 0.0e+00 0.0e+00 0.0e+00  0 67  0  0  0   0 67  0  0  0   391
PCPCSetUp                1 1.0 3.1981e-03 1.0 3.91e+04 1.0 0.0e+00 0.0e+00 0.0e+00  0 10  0  0  0   0 10  0  0  0    1PCApply                2 1.0 1.4281e-04 1.0 1.51e+05 1.0 0.0e+00 0.0e+00 0.0e+00  0 40  0  0  0   0 40  0  0  0  1059
------------------------------------------------------------------------------------------------------------------------

Memory usage is given in bytes:

Object Type          Creations   Destructions     Memory  Descendants' Mem.
Reports information only for process 0.

--- Event Stage 0: Main Stage

              Viewer     3              1          752     0
              Matrix     2              0            0     0
              Vector     7              1        22048     0
       Krylov Solver     1              0            0     0
      Preconditioner     1              0            0     0
           Index Set     3              0            0     0
========================================================================================================================
Average time to get PetscTime(): 0
#PETSc Option Table entries:
-f /home11/bnorris2/UFloridaSparseMat/petsc/ex13.petsc
-hash 7285382
-ksp_converged_reason
-ksp_error_i-ksp_error_if_not_-ksp_type cg
-ksp_view
-log_summary--logfile /ho-logfile /home11/bnorris2/UFloridaSparseMat/timing-aciss/ex13.-matload_blo-matload_b-options_lef-options_left
-pc_factor_levels 2
-pc_type ilu
#End of PETSc Option Table entries
Compiled without FORTRAN kernels
Compiled with full precision matrices (default)
sizeof(short) 2 sizeof(int) 4 sizeof(long) 8 sizeof(void*) 8 sizeof(PetscScalar) 8 sizeof(Configure oCConfigure options: --download-hypre=yes --COPTFLAGS="-g -O3" --FOPTFLAGS="-g -O3" --FFLAGS="-g -O3" --CFLAGS="-g -O3" --download
-----------
-----------------------------------------
Libraries compiled on Fri Nov 27 17:45:54 2015 on cn164 
Machine characteristics: Linux-2.6.32-358.23.2.el6.x86_64-x86_64-with-redhat-6.6-Santiago
Using PETSc directory: /home11/bnorris2/petsc/petsc-3.5.3
Using PETSc arch: arch-linux2-c-mpich3.1-gcc4.9
------------------------------
Using C co

Using C compiler: mpicc -g -O3 -fPIC -g -O3  ${COPTFLAGS} ${CFLAGS}
Using Fortran compiler: mpif90 -g -O3 -fPIC -g -O3   ${FOPTFLAGS} ${FFLAGS} 
------------------------------
Using incl

Using include paths: -I/home11/bnorris2/petsc/petsc-3.5.3/arch-linux2-c-mpich3.1-gcc4.9/include -I/home11/bnorris2/petsc/petsc-3.5.3/include -I/home11/bnorris2/petsc/petsc-3.5.3/include -I/home11/bnorris2/petsc/petsc-3.5.3/arch-linux2-c-mpich3.1-gcc4.9/include -I/ibrix/users/home11/bnorris2/petsc/petsc-3.5.3/arch-linux2-c-mpich3.1-gcc4.9/include -I/packages/mpich2/3.1.4_gcc-4.9.2/include
------------------------------
Using C li

Using C linker: mpicc
Using Fortran linker: mpif90
Using libraries: -Wl,-rpath,/home11/bnorris2/petsc/petsc-3.5.3/arch-linux2-c-mpich3.1-gcc4.9/lib -L/home11/bnorris2/petsc/petsc-3.5.3/arch-linux2-c-mpich3.1-gcc4.9/lib -lpetsc -Wl,-rpath,/ibrix/users/home11/bnorris2/petsc/petsc-3.5.3/arch-linux2-c-mpich3.1-gcc4.9/lib -L/ibrix/users/home11/bnorris2/petsc/petsc-3.5.3/arch-linux2-c-mpich3.1-gcc4.9/lib -lsuperlu_4.3 -lHYPRE -Wl,-rpath,/packages/mpich2/3.1.4_gcc-4.9.2/lib -L/packages/mpich2/3.1.4_gcc-4.9.2/lib -Wl,-rpath,/ibrix/packages/gcc/4.9.3/lib/gcc/x86_64-unknown-linux-gnu/4.9.3 -L/ibrix/packages/gcc/4.9.3/lib/gcc/x86_64-unknown-linux-gnu/4.9.3 -Wl,-rpath,/ibrix/packages/gcc/4.9.3/lib/gcc -L/ibrix/packages/gcc/4.9.3/lib/gcc -Wl,-rpath,/ibrix/packages/gcc/4.9.3/lib64 -L/ibrix/packages/gcc/4.9.3/lib64 -Wl,-rpath,/ibrix/packages/gcc/4.9.3/lib -L/ibrix/packages/gcc/4.9.3/lib -lmpicxx -lstdc++ -llapack -lblas -lX11 -lssl -lcrypto -lpthread -lmpifort -lgfortran -lm -lgfortran -lm -lquadmath -lm -lmpicxx -lstdc++ -Wl,-rpath,/packages/mpich2/3.1.4_gcc-4.9.2/lib -L/packages/mpich2/3.1.4_gcc-4.9.2/lib -Wl,-rpath,/ibrix/packages/gcc/4.9.3/lib/gcc/x86_64-unknown-linux-gnu/4.9.3 -L/ibrix/packages/gcc/4.9.3/lib/gcc/x86_64-unknown-linux-gnu/4.9.3 -Wl,-rpath,/ibrix/packages/gcc/4.9.3/lib/gcc -L/ibrix/packages/gcc/4.9.3/lib/gcc -Wl,-rpath,/ibrix/packages/gcc/4.9.3/lib64 -L/ibrix/packages/gcc/4.9.3/lib64 -Wl,-rpath,/ibrix/packages/gcc/4.9.3/lib -L/ibrix/packages/gcc/4.9.3/lib -ldl -Wl,-rpath,/packages/mpich2/3.1.4_gcc-4.9.2/lib -lmpi -lgcc_s -ldl  
------------------------------
----------

