************************************************************************************************************************
***             WIDEN YOUR WINDOW TO 120 CHARACTERS.  Use 'enscript -r -fCourier9' to print this document            ***
************************************************************************************************************************

---------------------------------------------- PETSc Performance Summary: ----------------------------------------------

/ibrix/home11/bnorris2/research/lighthouse/sandbox/petsc/new/solvers-aciss on a arch-linux2-c-mpich3.1-gcc4.9 named cn167 with 1 processor, by bnorris2 Thu Dec  3 17:10:08 2015
Using Petsc Release Version 3.5.3, Jan, 31, 2015 

                         Max       Max/Min        Avg      Total 
Time (sec):           4.019e-02      1.00000   4.019e-02
Objects:              3.200e+01      1.00000   3.200e+01
Flops:                1.383e+07      1.00000   1.383e+07  1.383e+07
Flops/sec:            3.441e+08      1.00000   3.441e+08  3.441e+08
Memory:               3.874e+06      1.00000              3.874e+06
MPI Messages:         0.000e+00      0.00000   0.000e+00  0.000e+00
MPI Message Lengths:  0.000e+00      0.00000   0.000e+00  0.000e+00
MPI Reductions:       0.000e+00      0.00000

Flop counting convention: 1 flop = 1 real number operation of type (multiply/divide/add/subtract)
                            e.g., VecAXPY() for real vectors of length N --> 2N flops
                            and VecAXPY() for complex vectors of length N --> 8N flops

Summary of Stages:   ----- Time ------  ----- Flops -----  --- Messages ---  -- Message Lengths --  -- Reductions --
                        Avg     %Total     Avg     %Total   counts   %Total     Avg         %Total   counts   %Total 
 0:      Main Stage: 3.8696e-02  96.3%  1.3829e+07 100.0%  0.000e+00   0.0%  0.000e+00        0.0%  0.000e+00   0.0% 

------------------------------------------------------------------------------------------------------------------------
See the 'Profiling' chapter of the users' manual for details on interpreting output.
Phase summary info:
   Count: number of times phase was executed
   Time and Flops: Max - maximum over all processors
                   Ratio - ratio of maximum to minimum over all processors
   Mess: number of messages sent
   Avg. len: average message length (bytes)
   Reduct: number of global reductions
   Global: entire computation
   Stage: stages of a computation. Set stages with PetscLogStagePush() and PetscLogStagePop().
      %T - percent time in this phase         %F - percent flops in this phase
      %M - percent messages in this phase     %L - percent message lengths in this phase
      %R - percent reductions in this phase
   Total Mflop/s: 10e-6 * (sum of flops over all processors)/(max time over all processors)
------------------------------------------------------------------------------------------------------------------------


      ##########################################################
      #                                                        #
      #                          WARNING!!!                    #
      #                                                        #
      #   This code was compiled with a debugging option,      #
      #   To get timing results run ./configure                #
      #   using --with-debugging=no, the performance will      #
      #   be generally two or three times faster.              #
      #                                                        #
      ##########################################################


Event                Count      Time (sec)     Flops                             --- Global ---  --- Stage ---   Total
                   Max Ratio  Max     Ratio   Max  Ratio  Mess   Avg len Reduct  %T %F %M %L %R  %T %F %M %L %R Mflop/s
------------------------------------------------------------------------------------------------------------------------

--- Event Stage 0: Main Stage

ThreadCommRunKer       1 1.0 4.0531e-06 1.0 0.00e+00 0.0 0.0e+00 0.0e+00 0.0e+00  0  0  0  0  0   0  0  0  0  0     0
ThreadCommBarrie       1 1.0 1.9073e-06 1.0 0.00e+00 0.0 0.0e+00 0.0e+00 0.0e+00  0  0  0  0  0   0  0  0  0  0     0
MatMult               20 1.0 2.4607e-03 1.0 3.72e+06 1.0 0.0e+00 0.0e+00 0.0e+00  6 27  0  0  0   6 27  0  0  0  1511
MatMultTranspose      20 1.0 2.8620e-03 1.0 3.76e+06 1.0 0.0e+00 0.0e+00 0.0e+00  7 27  0  0  0   7 27  0  0  0  1314
MatSolve              20 1.0 2.7177e-03 1.0 3.72e+06 1.0 0.0e+00 0.0e+00 0.0e+00  7 27  0  0  0   7 27  0  0  0  1368
MatLUFactorNum         1 1.0 3.4611e-03 1.0 2.00e+06 1.0 0.0e+00 0.0e+00 0.0e+00  9 14  0  0  0   9 14  0  0  0   577
MatILUFactorSym        1 1.0 6.3419e-04 1.0 0.00e+00 0.0 0.0e+00 0.0e+00 0.0e+00  2  0  0  0  0   2  0  0  0  0     0
MatAssemblyBegin       2 1.0 4.7684e-06 1.0 0.00e+00 0.0 0.0e+00 0.0e+00 0.0e+00  0  0  0  0  0   0  0  0  0  0     0
MatAssemblyEnd         2 1.0 2.9421e-04 1.0 0.00e+00 0.0 0.0e+00 0.0e+00 0.0e+00  1  0  0  0  0   1  0  0  0  0     0
MatGetRowIJ            1 1.0 2.8610e-06 1.0 0.00e+00 0.0 0.0e+00 0.0e+00 0.0e+00  0  0  0  0  0   0  0  0  0  0     0
MatGetSubMatrice       1 1.0 1.0960e-03 1.0 0.00e+00 0.0 0.0e+00 0.0e+00 0.0e+00  3  0  0  0  0   3  0  0  0  0     0
MatGetOrdering         1 1.0 2.7394e-04 1.0 0.00e+00 0.0 0.0e+00 0.0e+00 0.0e+00  1  0  0  0  0   1  0  0  0  0     0
MatIncreaseOvrlp       1 1.0 4.6206e-04 1.0 0.00e+00 0.0 0.0e+00 0.0e+00 0.0e+00  1  0  0  0  0   1  0  0  0  0     0
MatLoad                1 1.0 1.2679e-03 1.0 0.00e+00 0.0 0.0e+00 0.0e+00 0.0e+00  3  0  0  0  0   3  0  0  0  0     0
MatView                6 1.0 1.9710e-03 1.0 0.00e+00 0.0 0.0e+00 0.0e+00 0.0e+00  5  0  0  0  0   5  0  0  0  0     0
VecDot                20 1.0 4.2248e-04 1.0 8.65e+04 1.0 0.0e+00 0.0e+00 0.0e+00  1  1  0  0  0   1  1  0  0  0   205
VecNorm               20 1.0 1.0967e-04 1.0 8.65e+04 1.0 0.0e+00 0.0e+00 0.0e+00  0  1  0  0  0   0  1  0  0  0   789
VecScale              60 1.0 8.5378e-04 1.0 1.30e+05 1.0 0.0e+00 0.0e+00 0.0e+00  2  1  0  0  0   2  1  0  0  0   152
VecCopy                2 1.0 1.5974e-05 1.0 0.00e+00 0.0 0.0e+00 0.0e+00 0.0e+00  0  0  0  0  0   0  0  0  0  0     0
VecSet                77 1.0 3.5572e-04 1.0 0.00e+00 0.0 0.0e+00 0.0e+00 0.0e+00  1  0  0  0  0   1  0  0  0  0     0
VecAXPY               58 1.0 1.1287e-03 1.0 2.51e+05 1.0 0.0e+00 0.0e+00 0.0e+00  3  2  0  0  0   3  2  0  0  0   222
VecAYPX               19 1.0 1.0848e-04 1.0 8.22e+04 1.0 0.0e+00 0.0e+00 0.0e+00  0  1  0  0  0   0  1  0  0  0   758
VecScatterBegin       40 1.0 2.5105e-04 1.0 0.00e+00 0.0 0.0e+00 0.0e+00 0.0e+00  1  0  0  0  0   1  0  0  0  0     0
KSPSetUp               2 1.0 3.1781e-04 1.0 0.00e+00 0.0 0.0e+00 0.0e+00 0.0e+00  1  0  0  0  0   1  0  0  0  0     0
KSPSolve               1 1.0 1.8122e-02 1.0 1.16e+07 1.0 0.0e+00 0.0e+00 0.0e+00 45 84  0  0  0  47 84  0  0  0   642
PCSetUp                2 1.0 6.6051e-03 1.0 2.00e+06 1.0 0.0e+00 0.0e+00 0.0e+00 16 14  0  0  0  17 14  0  0  0   302
PCSetUpOnBlocks        2 1.0 4.5252e-03 1.0 2.00e+06 1.0 0.0e+00 0.0e+00 0.0e+00 11 14  0  0  0  12 14  0  0  0   441
PCApply               20 1.0 5.7909e-03 1.0 3.72e+06 1.0 0.0e+00 0.0e+00 0.0e+00 14 27  0  0  0  15 27  0  0  0   642
------------------------------------------------------------------------------------------------------------------------

Memory usage is given in bytes:

Object Type          Creations   Destructions     Memory  Descendants' Mem.
Reports information only for process 0.

--- Event Stage 0: Main Stage

              Viewer     3              1          752     0
              Matrix     3              2      2331396     0
              Vector    15             15       282120     0
      Vector Scatter     1              1          644     0
       Krylov Solver     2              2         2384     0
      Preconditioner     2              2         1960     0
           Index Set     6              6        30660     0
========================================================================================================================
Average time to get PetscTime(): 9.53674e-08
#PETSc Option Table entries:
-f /home11/bnorris2/UFloridaSparseMat/petsc/ex26.petsc
-hash 37052868
-ksp_type lsqr
-log_summary
-matload_block_size 1
-options_left
-pc_asm_overlap 1
-pc_type asm
#End of PETSc Option Table entries
Compiled without FORTRAN kernels
Compiled with full precision matrices (default)
sizeof(short) 2 sizeof(int) 4 sizeof(long) 8 sizeof(void*) 8 sizeof(PetscScalar) 8 sizeof(PetscInt) 4
Configure options: --download-hypre=yes --COPTFLAGS="-g -O3" --FOPTFLAGS="-g -O3" --FFLAGS="-g -O3" --CFLAGS="-g -O3" --download-superlu=yes
-----------------------------------------
Libraries compiled on Fri Nov 27 17:45:54 2015 on cn164 
Machine characteristics: Linux-2.6.32-358.23.2.el6.x86_64-x86_64-with-redhat-6.6-Santiago
Using PETSc directory: /home11/bnorris2/petsc/petsc-3.5.3
Using PETSc arch: arch-linux2-c-mpich3.1-gcc4.9
-----------------------------------------

Using C compiler: mpicc -g -O3 -fPIC -g -O3  ${COPTFLAGS} ${CFLAGS}
Using Fortran compiler: mpif90 -g -O3 -fPIC -g -O3   ${FOPTFLAGS} ${FFLAGS} 
-----------------------------------------

Using include paths: -I/home11/bnorris2/petsc/petsc-3.5.3/arch-linux2-c-mpich3.1-gcc4.9/include -I/home11/bnorris2/petsc/petsc-3.5.3/include -I/home11/bnorris2/petsc/petsc-3.5.3/include -I/home11/bnorris2/petsc/petsc-3.5.3/arch-linux2-c-mpich3.1-gcc4.9/include -I/ibrix/users/home11/bnorris2/petsc/petsc-3.5.3/arch-linux2-c-mpich3.1-gcc4.9/include -I/packages/mpich2/3.1.4_gcc-4.9.2/include
-----------------------------------------

Using C linker: mpicc
Using Fortran linker: mpif90
Using libraries: -Wl,-rpath,/home11/bnorris2/petsc/petsc-3.5.3/arch-linux2-c-mpich3.1-gcc4.9/lib -L/home11/bnorris2/petsc/petsc-3.5.3/arch-linux2-c-mpich3.1-gcc4.9/lib -lpetsc -Wl,-rpath,/ibrix/users/home11/bnorris2/petsc/petsc-3.5.3/arch-linux2-c-mpich3.1-gcc4.9/lib -L/ibrix/users/home11/bnorris2/petsc/petsc-3.5.3/arch-linux2-c-mpich3.1-gcc4.9/lib -lsuperlu_4.3 -lHYPRE -Wl,-rpath,/packages/mpich2/3.1.4_gcc-4.9.2/lib -L/packages/mpich2/3.1.4_gcc-4.9.2/lib -Wl,-rpath,/ibrix/packages/gcc/4.9.3/lib/gcc/x86_64-unknown-linux-gnu/4.9.3 -L/ibrix/packages/gcc/4.9.3/lib/gcc/x86_64-unknown-linux-gnu/4.9.3 -Wl,-rpath,/ibrix/packages/gcc/4.9.3/lib/gcc -L/ibrix/packages/gcc/4.9.3/lib/gcc -Wl,-rpath,/ibrix/packages/gcc/4.9.3/lib64 -L/ibrix/packages/gcc/4.9.3/lib64 -Wl,-rpath,/ibrix/packages/gcc/4.9.3/lib -L/ibrix/packages/gcc/4.9.3/lib -lmpicxx -lstdc++ -llapack -lblas -lX11 -lssl -lcrypto -lpthread -lmpifort -lgfortran -lm -lgfortran -lm -lquadmath -lm -lmpicxx -lstdc++ -Wl,-rpath,/packages/mpich2/3.1.4_gcc-4.9.2/lib -L/packages/mpich2/3.1.4_gcc-4.9.2/lib -Wl,-rpath,/ibrix/packages/gcc/4.9.3/lib/gcc/x86_64-unknown-linux-gnu/4.9.3 -L/ibrix/packages/gcc/4.9.3/lib/gcc/x86_64-unknown-linux-gnu/4.9.3 -Wl,-rpath,/ibrix/packages/gcc/4.9.3/lib/gcc -L/ibrix/packages/gcc/4.9.3/lib/gcc -Wl,-rpath,/ibrix/packages/gcc/4.9.3/lib64 -L/ibrix/packages/gcc/4.9.3/lib64 -Wl,-rpath,/ibrix/packages/gcc/4.9.3/lib -L/ibrix/packages/gcc/4.9.3/lib -ldl -Wl,-rpath,/packages/mpich2/3.1.4_gcc-4.9.2/lib -lmpi -lgcc_s -ldl  
-----------------------------------------

#PETSc Option Table entries:
-f /home11/bnorris2/UFloridaSparseMat/petsc/ex26.petsc
-hash 37052868
-ksp_type lsqr
-log_summary
-matload_block_size 1
-options_left
-pc_asm_overlap 1
-pc_type asm
#End of PETSc Option Table entries
There are no unused options.
