Hash: 7285382
cg | ilu | reason=2 | time=1.580954e-03 | norm=0.000498471 | its=2
KSP Object: 1 MPI processes
  type: cg
  maximum iterations=10000, initial guess is zero
  tolerances:  relative=1e-05, absolute=1e-50, divergence=10000
  left preconditioning
  using PRECONDITIONED norm type for convergence test
PC Object: 1 MPI processes
  type: ilu
    ILU: out-of-place factorization
    2 levels of fill
    tolerance for zero pivot 2.22045e-14
    using diagonal shift on blocks to prevent zero pivot [INBLOCKS]
    matrix ordering: natural
    factor fill ratio given 1, needed 1.8359
      Factored matrix follows:
        Mat Object:         1 MPI processes
          type: seqaij
          rows=2870, cols=2870
          package used to perform factorization: petsc
          total: nonzeros=43610, allocated nonzeros=43610
          total number of mallocs used during MatSetValues calls =0
            not using I-node routines
  linear system matrix = precond matrix:
  Mat Object:   1 MPI processes
    type: seqaij
    rows=2870, cols=2870
    total: nonzeros=23754, allocated nonzeros=23754
    total number of mallocs used during MatSetValues calls =0
      not using I-node routines
PC Object: 1 MPI processes
  type: ilu
    ILU: out-of-place factorization
    2 levels of fill
    tolerance for zero pivot 2.22045e-14
    using diagonal shift on blocks to prevent zero pivot [INBLOCKS]
    matrix ordering: natural
    factor fill ratio given 1, needed 1.8359
      Factored matrix follows:
        Mat Object:         1 MPI processes
          type: seqaij
          rows=2870, cols=2870
          package used to perform factorization: petsc
          total: nonzeros=43610, allocated nonzeros=43610
          total number of mallocs used during MatSetValues calls =0
            not using I-node routines
  linear system matrix = precond matrix:
  Mat Object:   1 MPI processes
    type: seqaij
    rows=2870, cols=2870
    total: nonzeros=23754, allocated nonzeros=23754
    total number of mallocs used during MatSetValues calls =0
      not using I-node routines
************************************************************************************************************************
***             WIDEN YOUR WINDOW TO 120 CHARACTERS.  Use 'enscript -r -fCourier9' to print this document            ***
************************************************************************************************************************

---------------------------------------------- PETSc Performance Summary: ----------------------------------------------

/home11/bnorris2/research/lighthouse/sandbox/petsc/new/solvers-aciss on a arch-linux2-c-mpich3.1-gcc4.9 named cn59 with 1 processor, by bnorris2 Wed Mar 23 15:22:17 2016
Using Petsc Release Version 3.5.3, Jan, 31, 2015 

                         Max       Max/Min        Avg      Total 
Time (sec):           8.067e-01      1.00000   8.067e-01
Objects:              1.700e+01      1.00000   1.700e+01
Flops:                8.051e+05      1.00000   8.051e+05  8.051e+05
Flops/sec:            9.981e+05      1.00000   9.981e+05  9.981e+05
Memory:               1.391e+06      1.00000              1.391e+06
MPI Messages:         0.000e+00      0.00000   0.000e+00  0.000e+00
MPI Message Lengths:  0.000e+00      0.00000   0.000e+00  0.000e+00
MPI Reductions:       0.000e+00      0.00000

Flop counting convention: 1 flop = 1 real number operation of type (multiply/divide/add/subtract)
                            e.g., VecAXPY() for real vectors of length N --> 2N flops
                            and VecAXPY() for complex vectors of length N --> 8N flops

Summary of Stages:   ----- Time ------  ----- Flops -----  --- Messages ---  -- Message Lengths --  -- Reductions --
                        Avg     %Total     Avg     %Total   counts   %Total     Avg         %Total   counts   %Total 
 0:      Main Stage: 8.0667e-01 100.0%  8.0515e+05 100.0%  0.000e+00   0.0%  0.000e+00        0.0%  0.000e+00   0.0% 

------------------------------------------------------------------------------------------------------------------------
See the 'Profiling' chapter of the users' manual for details on interpreting output.
Phase summary info:
   Count: number of times phase was executed
   Time and Flops: Max - maximum over all processors
                   Ratio - ratio of maximum to minimum over all processors
   Mess: number of messages sent
   Avg. len: average message length (bytes)
   Reduct: number of global reductions
   Global: entire computation
   Stage: stages of a computation. Set stages with PetscLogStagePush() and PetscLogStagePop().
      %T - percent time in this phase         %F - percent flops in this phase
      %M - percent messages in this phase     %L - percent message lengths in this phase
      %R - percent reductions in this phase
   Total Mflop/s: 10e-6 * (sum of flops over all processors)/(max time over all processors)
------------------------------------------------------------------------------------------------------------------------


      ##########################################################
      #                                                        #
      #                          WARNING!!!                    #
      #                                                        #
      #   This code was compiled with a debugging option,      #
      #   To get timing results run ./configure                #
      #   using --with-debugging=no, the performance will      #
      #   be generally two or three times faster.              #
      #                                                        #
      ##########################################################


Event                Count      Time (sec)     Flops                             --- Global ---  --- Stage ---   Total
                   Max Ratio  Max     Ratio   Max  Ratio  Mess   Avg len Reduct  %T %F %M %L %R  %T %F %M %L %R Mflop/s
------------------------------------------------------------------------------------------------------------------------

--- Event Stage 0: Main Stage

ThreadCommRunKer       1 1.0 4.0531e-06 1.0 0.00e+00 0.0 0.0e+00 0.0e+00 0.0e+00  0  0  0  0  0   0  0  0  0  0     0
ThreadCommBarrie       1 1.0 2.1458e-06 1.0 0.00e+00 0.0 0.0e+00 0.0e+00 0.0e+00  0  0  0  0  0   0  0  0  0  0     0
MatMult                3 1.0 1.1969e-04 1.0 1.34e+05 1.0 0.0e+00 0.0e+00 0.0e+00  0 17  0  0  0   0 17  0  0  0  1119
MatSolve               3 1.0 2.1005e-04 1.0 2.53e+05 1.0 0.0e+00 0.0e+00 0.0e+00  0 31  0  0  0   0 31  0  0  0  1205
MatLUFactorNum         1 1.0 1.1530e-03 1.0 3.38e+05 1.0 0.0e+00 0.0e+00 0.0e+00  0 42  0  0  0   0 42  0  0  0   293
MatILUFactorSym        1 1.0 2.0211e-03 1.0 0.00e+00 0.0 0.0e+00 0.0e+00 0.0e+00  0  0  0  0  0   0  0  0  0  0     0
MatAssemblyBegin       1 1.0 2.1458e-06 1.0 0.00e+00 0.0 0.0e+00 0.0e+00 0.0e+00  0  0  0  0  0   0  0  0  0  0     0
MatAssemblyEnd         1 1.0 1.8287e-04 1.0 0.00e+00 0.0 0.0e+00 0.0e+00 0.0e+00  0  0  0  0  0   0  0  0  0  0     0
MatGetRowIJ            1 1.0 3.0994e-06 1.0 0.00e+00 0.0 0.0e+00 0.0e+00 0.0e+00  0  0  0  0  0   0  0  0  0  0     0
MatGetOrdering         1 1.0 3.6097e-04 1.0 0.00e+00 0.0 0.0e+00 0.0e+00 0.0e+00  0  0  0  0  0   0  0  0  0  0     0
MatLoad                1 1.0 1.8811e-03 1.0 0.00e+00 0.0 0.0e+00 0.0e+00 0.0e+00  0  0  0  0  0   0  0  0  0  0     0
MatView                6 1.0 6.0314e-01 1.0 0.00e+00 0.0 0.0e+00 0.0e+00 0.0e+00 75  0  0  0  0  75  0  0  0  0     0
VecTDot                4 1.0 7.7248e-05 1.0 2.30e+04 1.0 0.0e+00 0.0e+00 0.0e+00  0  3  0  0  0   0  3  0  0  0   297
VecNorm                4 1.0 2.7895e-05 1.0 2.30e+04 1.0 0.0e+00 0.0e+00 0.0e+00  0  3  0  0  0   0  3  0  0  0   823
VecCopy                2 1.0 1.7166e-05 1.0 0.00e+00 0.0 0.0e+00 0.0e+00 0.0e+00  0  0  0  0  0   0  0  0  0  0     0
VecSet                 9 1.0 7.7963e-05 1.0 0.00e+00 0.0 0.0e+00 0.0e+00 0.0e+00  0  0  0  0  0   0  0  0  0  0     0
VecAXPY                5 1.0 8.2016e-05 1.0 2.87e+04 1.0 0.0e+00 0.0e+00 0.0e+00  0  4  0  0  0   0  4  0  0  0   350
VecAYPX                1 1.0 8.1062e-06 1.0 5.74e+03 1.0 0.0e+00 0.0e+00 0.0e+00  0  1  0  0  0   0  1  0  0  0   708
KSPSetUp               1 1.0 1.6212e-04 1.0 0.00e+00 0.0 0.0e+00 0.0e+00 0.0e+00  0  0  0  0  0   0  0  0  0  0     0
KSPSolve               1 1.0 9.8419e-04 1.0 4.11e+05 1.0 0.0e+00 0.0e+00 0.0e+00  0 51  0  0  0   0 51  0  0  0   418
PCSetUp                1 1.0 3.6750e-03 1.0 3.38e+05 1.0 0.0e+00 0.0e+00 0.0e+00  0 42  0  0  0   0 42  0  0  0    92
PCApply                3 1.0 2.2793e-04 1.0 2.53e+05 1.0 0.0e+00 0.0e+00 0.0e+00  0 31  0  0  0   0 31  0  0  0  1110
------------------------------------------------------------------------------------------------------------------------

Memory usage is given in bytes:

Object Type          Creations   Destructions     Memory  Descendants' Mem.
Reports information only for process 0.

--- Event Stage 0: Main Stage

              Viewer     3              1          752     0
              Matrix     2              0            0     0
              Vector     7              1        24464     0
       Krylov Solver     1              0            0     0
      Preconditioner     1              0            0     0
           Index Set     3              0            0     0
========================================================================================================================
Average time to get PetscTime(): 9.53674e-08
#PETSc Option Table entries:
-f /home11/bnorris2/UFloridaSparseMat/petsc/ex29.petsc
-hash 7285382
-ksp_converged_reason
-ksp_error_if_not_converged 1
-ksp_type cg
-ksp_view
-log_summary
-logfile /home11/bnorris2/UFloridaSparseMat/timing-aciss/ex29.7285382.log
-matload_block_size 1
-options_left
-pc_factor_levels 2
-pc_type ilu
#End of PETSc Option Table entries
Compiled without FORTRAN kernels
Compiled with full precision matrices (default)
sizeof(short) 2 sizeof(int) 4 sizeof(long) 8 sizeof(void*) 8 sizeof(PetscScalar) 8 sizeof(PetscInt) 4
Configure options: --download-hypre=yes --COPTFLAGS="-g -O3" --FOPTFLAGS="-g -O3" --FFLAGS="-g -O3" --CFLAGS="-g -O3" --download-superlu=yes
-----------------------------------------
Libraries compiled on Fri Nov 27 17:45:54 2015 on cn164 
Machine characteristics: Linux-2.6.32-358.23.2.el6.x86_64-x86_64-with-redhat-6.6-Santiago
Using PETSc directory: /home11/bnorris2/petsc/petsc-3.5.3
Using PETSc arch: arch-linux2-c-mpich3.1-gcc4.9
-----------------------------------------

Using C compiler: mpicc -g -O3 -fPIC -g -O3  ${COPTFLAGS} ${CFLAGS}
Using Fortran compiler: mpif90 -g -O3 -fPIC -g -O3   ${FOPTFLAGS} ${FFLAGS} 
-----------------------------------------

Using include paths: -I/home11/bnorris2/petsc/petsc-3.5.3/arch-linux2-c-mpich3.1-gcc4.9/include -I/home11/bnorris2/petsc/petsc-3.5.3/include -I/home11/bnorris2/petsc/petsc-3.5.3/include -I/home11/bnorris2/petsc/petsc-3.5.3/arch-linux2-c-mpich3.1-gcc4.9/include -I/ibrix/users/home11/bnorris2/petsc/petsc-3.5.3/arch-linux2-c-mpich3.1-gcc4.9/include -I/packages/mpich2/3.1.4_gcc-4.9.2/include
-----------------------------------------

Using C linker: mpicc
Using Fortran linker: mpif90
Using libraries: -Wl,-rpath,/home11/bnorris2/petsc/petsc-3.5.3/arch-linux2-c-mpich3.1-gcc4.9/lib -L/home11/bnorris2/petsc/petsc-3.5.3/arch-linux2-c-mpich3.1-gcc4.9/lib -lpetsc -Wl,-rpath,/ibrix/users/home11/bnorris2/petsc/petsc-3.5.3/arch-linux2-c-mpich3.1-gcc4.9/lib -L/ibrix/users/home11/bnorris2/petsc/petsc-3.5.3/arch-linux2-c-mpich3.1-gcc4.9/lib -lsuperlu_4.3 -lHYPRE -Wl,-rpath,/packages/mpich2/3.1.4_gcc-4.9.2/lib -L/packages/mpich2/3.1.4_gcc-4.9.2/lib -Wl,-rpath,/ibrix/packages/gcc/4.9.3/lib/gcc/x86_64-unknown-linux-gnu/4.9.3 -L/ibrix/packages/gcc/4.9.3/lib/gcc/x86_64-unknown-linux-gnu/4.9.3 -Wl,-rpath,/ibrix/packages/gcc/4.9.3/lib/gcc -L/ibrix/packages/gcc/4.9.3/lib/gcc -Wl,-rpath,/ibrix/packages/gcc/4.9.3/lib64 -L/ibrix/packages/gcc/4.9.3/lib64 -Wl,-rpath,/ibrix/packages/gcc/4.9.3/lib -L/ibrix/packages/gcc/4.9.3/lib -lmpicxx -lstdc++ -llapack -lblas -lX11 -lssl -lcrypto -lpthread -lmpifort -lgfortran -lm -lgfortran -lm -lquadmath -lm -lmpicxx -lstdc++ -Wl,-rpath,/packages/mpich2/3.1.4_gcc-4.9.2/lib -L/packages/mpich2/3.1.4_gcc-4.9.2/lib -Wl,-rpath,/ibrix/packages/gcc/4.9.3/lib/gcc/x86_64-unknown-linux-gnu/4.9.3 -L/ibrix/packages/gcc/4.9.3/lib/gcc/x86_64-unknown-linux-gnu/4.9.3 -Wl,-rpath,/ibrix/packages/gcc/4.9.3/lib/gcc -L/ibrix/packages/gcc/4.9.3/lib/gcc -Wl,-rpath,/ibrix/packages/gcc/4.9.3/lib64 -L/ibrix/packages/gcc/4.9.3/lib64 -Wl,-rpath,/ibrix/packages/gcc/4.9.3/lib -L/ibrix/packages/gcc/4.9.3/lib -ldl -Wl,-rpath,/packages/mpich2/3.1.4_gcc-4.9.2/lib -lmpi -lgcc_s -ldl  
-----------------------------------------

