KSP Object: 1 MPI processes
  type: tcqmr
  maximum iterations=10000, initial guess is zero
  tolerances:  relative=1e-05, absolute=1e-50, divergence=10000
  left preconditioning
  using PRECONDITIONED norm type for convergence test
PC Object: 1 MPI processes
  type: ilu
    ILU: out-of-place factorization
    3 levels of fill
    tolerance for zero pivot 2.22045e-14
    using diagonal shift on blocks to prevent zero pivot [INBLOCKS]
    matrix ordering: natural
    factor fill ratio given 1, needed 1
      Factored matrix follows:
        Mat Object:         1 MPI processes
          type: seqaij
          rows=20360, cols=20360
          package used to perform factorization: petsc
          total: nonzeros=265113, allocated nonzeros=265113
          total number of mallocs used during MatSetValues calls =0
            not using I-node routines
  linear system matrix = precond matrix:
  Mat Object:   1 MPI processes
    type: seqaij
    rows=20360, cols=20360
    total: nonzeros=265113, allocated nonzeros=265113
    total number of mallocs used during MatSetValues calls =0
      not using I-node routines
************************************************************************************************************************
***             WIDEN YOUR WINDOW TO 120 CHARACTERS.  Use 'enscript -r -fCourier9' to print this document            ***
************************************************************************************************************************

---------------------------------------------- PETSc Performance Summary: ----------------------------------------------

/ibrix/home11/bnorris2/research/lighthouse/sandbox/petsc/new/solvers-aciss on a arch-linux2-c-mpich3.1-gcc4.9 named cn80 with 1 processor, by bnorris2 Mon Feb 22 07:07:10 2016
Using Petsc Release Version 3.5.3, Jan, 31, 2015 

                         Max       Max/Min        Avg      Total 
Time (sec):           6.522e-02      1.00000   6.522e-02
Objects:              3.100e+01      1.00000   3.100e+01
Flops:                5.097e+06      1.00000   5.097e+06  5.097e+06
Flops/sec:            7.816e+07      1.00000   7.816e+07  7.816e+07
Memory:               1.095e+07      1.00000              1.095e+07
MPI Messages:         0.000e+00      0.00000   0.000e+00  0.000e+00
MPI Message Lengths:  0.000e+00      0.00000   0.000e+00  0.000e+00
MPI Reductions:       0.000e+00      0.00000

Flop counting convention: 1 flop = 1 real number operation of type (multiply/divide/add/subtract)
                            e.g., VecAXPY() for real vectors of length N --> 2N flops
                            and VecAXPY() for complex vectors of length N --> 8N flops

Summary of Stages:   ----- Time ------  ----- Flops -----  --- Messages ---  -- Message Lengths --  -- Reductions --
                        Avg     %Total     Avg     %Total   counts   %Total     Avg         %Total   counts   %Total 
 0:      Main Stage: 6.3803e-02  97.8%  5.0974e+06 100.0%  0.000e+00   0.0%  0.000e+00        0.0%  0.000e+00   0.0% 

------------------------------------------------------------------------------------------------------------------------
See the 'Profiling' chapter of the users' manual for details on interpreting output.
Phase summary info:
   Count: number of times phase was executed
   Time and Flops: Max - maximum over all processors
                   Ratio - ratio of maximum to minimum over all processors
   Mess: number of messages sent
   Avg. len: average message length (bytes)
   Reduct: number of global reductions
   Global: entire computation
   Stage: stages of a computation. Set stages with PetscLogStagePush() and PetscLogStagePop().
      %T - percent time in this phase         %F - percent flops in this phase
      %M - percent messages in this phase     %L - percent message lengths in this phase
      %R - percent reductions in this phase
   Total Mflop/s: 10e-6 * (sum of flops over all processors)/(max time over all processors)
------------------------------------------------------------------------------------------------------------------------


      ##########################################################
      #                                                        #
      #                          WARNING!!!                    #
      #                                                        #
      #   This code was compiled with a debugging option,      #
      #   To get timing results run ./configure                #
      #   using --with-debugging=no, the performance will      #
      #   be generally two or three times faster.              #
      #                                                        #
      ##########################################################


Event                Count      Time (sec)     Flops                             --- Global ---  --- Stage ---   Total
                   Max Ratio  Max     Ratio   Max  Ratio  Mess   Avg len Reduct  %T %F %M %L %R  %T %F %M %L %R Mflop/s
------------------------------------------------------------------------------------------------------------------------

--- Event Stage 0: Main Stage

ThreadCommRunKer       1 1.0 3.8147e-06 1.0 0.00e+00 0.0 0.0e+00 0.0e+00 0.0e+00  0  0  0  0  0   0  0  0  0  0     0
ThreadCommBarrie       1 1.0 9.5367e-07 1.0 0.00e+00 0.0 0.0e+00 0.0e+00 0.0e+00  0  0  0  0  0   0  0  0  0  0     0
MatMult                4 1.0 1.9088e-03 1.0 2.04e+06 1.0 0.0e+00 0.0e+00 0.0e+00  3 40  0  0  0   3 40  0  0  0  1068
MatSolve               4 1.0 2.0058e-03 1.0 2.04e+06 1.0 0.0e+00 0.0e+00 0.0e+00  3 40  0  0  0   3 40  0  0  0  1017
MatLUFactorNum         1 1.0 1.0485e-02 1.0 2.65e+05 1.0 0.0e+00 0.0e+00 0.0e+00 16  5  0  0  0  16  5  0  0  0    25
MatILUFactorSym        1 1.0 9.3720e-03 1.0 0.00e+00 0.0 0.0e+00 0.0e+00 0.0e+00 14  0  0  0  0  15  0  0  0  0     0
MatAssemblyBegin       1 1.0 3.0994e-06 1.0 0.00e+00 0.0 0.0e+00 0.0e+00 0.0e+00  0  0  0  0  0   0  0  0  0  0     0
MatAssemblyEnd         1 1.0 1.1871e-03 1.0 0.00e+00 0.0 0.0e+00 0.0e+00 0.0e+00  2  0  0  0  0   2  0  0  0  0     0
MatGetRowIJ            1 1.0 4.0531e-06 1.0 0.00e+00 0.0 0.0e+00 0.0e+00 0.0e+00  0  0  0  0  0   0  0  0  0  0     0
MatGetOrdering         1 1.0 2.4099e-03 1.0 0.00e+00 0.0 0.0e+00 0.0e+00 0.0e+00  4  0  0  0  0   4  0  0  0  0     0
MatLoad                1 1.0 1.1253e-02 1.0 0.00e+00 0.0 0.0e+00 0.0e+00 0.0e+00 17  0  0  0  0  18  0  0  0  0     0
MatView                6 1.0 1.7612e-03 1.0 0.00e+00 0.0 0.0e+00 0.0e+00 0.0e+00  3  0  0  0  0   3  0  0  0  0     0
VecDot                 3 1.0 1.3733e-04 1.0 1.22e+05 1.0 0.0e+00 0.0e+00 0.0e+00  0  2  0  0  0   0  2  0  0  0   890
VecNorm                4 1.0 9.9897e-05 1.0 1.63e+05 1.0 0.0e+00 0.0e+00 0.0e+00  0  3  0  0  0   0  3  0  0  0  1630
VecScale               5 1.0 2.2697e-04 1.0 1.02e+05 1.0 0.0e+00 0.0e+00 0.0e+00  0  2  0  0  0   0  2  0  0  0   449
VecCopy               13 1.0 3.5858e-04 1.0 0.00e+00 0.0 0.0e+00 0.0e+00 0.0e+00  1  0  0  0  0   1  0  0  0  0     0
VecSet                28 1.0 1.4405e-03 1.0 0.00e+00 0.0 0.0e+00 0.0e+00 0.0e+00  2  0  0  0  0   2  0  0  0  0     0
VecAXPY               10 1.0 3.7861e-04 1.0 3.26e+05 1.0 0.0e+00 0.0e+00 0.0e+00  1  6  0  0  0   1  6  0  0  0   860
VecAYPX                1 1.0 2.5034e-05 1.0 4.07e+04 1.0 0.0e+00 0.0e+00 0.0e+00  0  1  0  0  0   0  1  0  0  0  1627
KSPSetUp               1 1.0 1.6072e-03 1.0 0.00e+00 0.0 0.0e+00 0.0e+00 0.0e+00  2  0  0  0  0   3  0  0  0  0     0
KSPSolve               1 1.0 9.3360e-03 1.0 4.24e+06 1.0 0.0e+00 0.0e+00 0.0e+00 14 83  0  0  0  15 83  0  0  0   454
PCSetUp                1 1.0 2.2410e-02 1.0 2.65e+05 1.0 0.0e+00 0.0e+00 0.0e+00 34  5  0  0  0  35  5  0  0  0    12
PCApply                4 1.0 2.0339e-03 1.0 2.04e+06 1.0 0.0e+00 0.0e+00 0.0e+00  3 40  0  0  0   3 40  0  0  0  1003
------------------------------------------------------------------------------------------------------------------------

Memory usage is given in bytes:

Object Type          Creations   Destructions     Memory  Descendants' Mem.
Reports information only for process 0.

--- Event Stage 0: Main Stage

              Viewer     3              1          752     0
              Matrix     2              1      3184044     0
              Vector    21             21      3452064     0
       Krylov Solver     1              1         1160     0
      Preconditioner     1              1         1008     0
           Index Set     3              3       165232     0
========================================================================================================================
Average time to get PetscTime(): 0
#PETSc Option Table entries:
-f /home11/bnorris2/UFloridaSparseMat/petsc/t3dl_a.petsc
-hash 19932321
-ksp_type tcqmr
-ksp_view
-log_summary
-matload_block_size 1
-options_left
-pc_factor_levels 3
-pc_type ilu
#End of PETSc Option Table entries
Compiled without FORTRAN kernels
Compiled with full precision matrices (default)
sizeof(short) 2 sizeof(int) 4 sizeof(long) 8 sizeof(void*) 8 sizeof(PetscScalar) 8 sizeof(PetscInt) 4
Configure options: --download-hypre=yes --COPTFLAGS="-g -O3" --FOPTFLAGS="-g -O3" --FFLAGS="-g -O3" --CFLAGS="-g -O3" --download-superlu=yes
-----------------------------------------
Libraries compiled on Fri Nov 27 17:45:54 2015 on cn164 
Machine characteristics: Linux-2.6.32-358.23.2.el6.x86_64-x86_64-with-redhat-6.6-Santiago
Using PETSc directory: /home11/bnorris2/petsc/petsc-3.5.3
Using PETSc arch: arch-linux2-c-mpich3.1-gcc4.9
-----------------------------------------

Using C compiler: mpicc -g -O3 -fPIC -g -O3  ${COPTFLAGS} ${CFLAGS}
Using Fortran compiler: mpif90 -g -O3 -fPIC -g -O3   ${FOPTFLAGS} ${FFLAGS} 
-----------------------------------------

Using include paths: -I/home11/bnorris2/petsc/petsc-3.5.3/arch-linux2-c-mpich3.1-gcc4.9/include -I/home11/bnorris2/petsc/petsc-3.5.3/include -I/home11/bnorris2/petsc/petsc-3.5.3/include -I/home11/bnorris2/petsc/petsc-3.5.3/arch-linux2-c-mpich3.1-gcc4.9/include -I/ibrix/users/home11/bnorris2/petsc/petsc-3.5.3/arch-linux2-c-mpich3.1-gcc4.9/include -I/packages/mpich2/3.1.4_gcc-4.9.2/include
-----------------------------------------

Using C linker: mpicc
Using Fortran linker: mpif90
Using libraries: -Wl,-rpath,/home11/bnorris2/petsc/petsc-3.5.3/arch-linux2-c-mpich3.1-gcc4.9/lib -L/home11/bnorris2/petsc/petsc-3.5.3/arch-linux2-c-mpich3.1-gcc4.9/lib -lpetsc -Wl,-rpath,/ibrix/users/home11/bnorris2/petsc/petsc-3.5.3/arch-linux2-c-mpich3.1-gcc4.9/lib -L/ibrix/users/home11/bnorris2/petsc/petsc-3.5.3/arch-linux2-c-mpich3.1-gcc4.9/lib -lsuperlu_4.3 -lHYPRE -Wl,-rpath,/packages/mpich2/3.1.4_gcc-4.9.2/lib -L/packages/mpich2/3.1.4_gcc-4.9.2/lib -Wl,-rpath,/ibrix/packages/gcc/4.9.3/lib/gcc/x86_64-unknown-linux-gnu/4.9.3 -L/ibrix/packages/gcc/4.9.3/lib/gcc/x86_64-unknown-linux-gnu/4.9.3 -Wl,-rpath,/ibrix/packages/gcc/4.9.3/lib/gcc -L/ibrix/packages/gcc/4.9.3/lib/gcc -Wl,-rpath,/ibrix/packages/gcc/4.9.3/lib64 -L/ibrix/packages/gcc/4.9.3/lib64 -Wl,-rpath,/ibrix/packages/gcc/4.9.3/lib -L/ibrix/packages/gcc/4.9.3/lib -lmpicxx -lstdc++ -llapack -lblas -lX11 -lssl -lcrypto -lpthread -lmpifort -lgfortran -lm -lgfortran -lm -lquadmath -lm -lmpicxx -lstdc++ -Wl,-rpath,/packages/mpich2/3.1.4_gcc-4.9.2/lib -L/packages/mpich2/3.1.4_gcc-4.9.2/lib -Wl,-rpath,/ibrix/packages/gcc/4.9.3/lib/gcc/x86_64-unknown-linux-gnu/4.9.3 -L/ibrix/packages/gcc/4.9.3/lib/gcc/x86_64-unknown-linux-gnu/4.9.3 -Wl,-rpath,/ibrix/packages/gcc/4.9.3/lib/gcc -L/ibrix/packages/gcc/4.9.3/lib/gcc -Wl,-rpath,/ibrix/packages/gcc/4.9.3/lib64 -L/ibrix/packages/gcc/4.9.3/lib64 -Wl,-rpath,/ibrix/packages/gcc/4.9.3/lib -L/ibrix/packages/gcc/4.9.3/lib -ldl -Wl,-rpath,/packages/mpich2/3.1.4_gcc-4.9.2/lib -lmpi -lgcc_s -ldl  
-----------------------------------------

#PETSc Option Table entries:
-f /home11/bnorris2/UFloridaSparseMat/petsc/t3dl_a.petsc
-hash 19932321
-ksp_type tcqmr
-ksp_view
-log_summary
-matload_block_size 1
-options_left
-pc_factor_levels 3
-pc_type ilu
#End of PETSc Option Table entries
There are no unused options.
