KSP Object: 1 MPI processes
  type: bicg
  maximum iterations=10000, initial guess is zero
  tolerances:  relative=1e-05, absolute=1e-50, divergence=10000
  left preconditioning
  using PRECONDITIONED norm type for convergence test
PC Object: 1 MPI processes
  type: asm
    Additive Schwarz: total subdomain blocks = 1, amount of overlap = 0
    Additive Schwarz: restriction/interpolation type - RESTRICT
    Local solve is same for all blocks, in the following KSP and PC objects:
    KSP Object:    (sub_)     1 MPI processes
      type: preonly
      maximum iterations=10000, initial guess is zero
      tolerances:  relative=1e-05, absolute=1e-50, divergence=10000
      left preconditioning
      using NONE norm type for convergence test
    PC Object:    (sub_)     1 MPI processes
      type: ilu
        ILU: out-of-place factorization
        0 levels of fill
        tolerance for zero pivot 2.22045e-14
        using diagonal shift on blocks to prevent zero pivot [INBLOCKS]
        matrix ordering: natural
        factor fill ratio given 1, needed 1
          Factored matrix follows:
            Mat Object:             1 MPI processes
              type: seqaij
              rows=12328, cols=12328
              package used to perform factorization: petsc
              total: nonzeros=177578, allocated nonzeros=177578
              total number of mallocs used during MatSetValues calls =0
                not using I-node routines
      linear system matrix = precond matrix:
      Mat Object:       1 MPI processes
        type: seqaij
        rows=12328, cols=12328
        total: nonzeros=177578, allocated nonzeros=177578
        total number of mallocs used during MatSetValues calls =0
          not using I-node routines
  linear system matrix = precond matrix:
  Mat Object:   1 MPI processes
    type: seqaij
    rows=12328, cols=12328
    total: nonzeros=177578, allocated nonzeros=177578
    total number of mallocs used during MatSetValues calls =0
      not using I-node routines
************************************************************************************************************************
***             WIDEN YOUR WINDOW TO 120 CHARACTERS.  Use 'enscript -r -fCourier9' to print this document            ***
************************************************************************************************************************

---------------------------------------------- PETSc Performance Summary: ----------------------------------------------

/ibrix/home11/bnorris2/research/lighthouse/sandbox/petsc/new/solvers-aciss on a arch-linux2-c-mpich3.1-gcc4.9 named cn166 with 1 processor, by bnorris2 Sun Dec  6 11:19:00 2015
Using Petsc Release Version 3.5.3, Jan, 31, 2015 

                         Max       Max/Min        Avg      Total 
Time (sec):           4.000e-02      1.00000   4.000e-02
Objects:              2.900e+01      1.00000   2.900e+01
Flops:                2.791e+06      1.00000   2.791e+06  2.791e+06
Flops/sec:            6.978e+07      1.00000   6.978e+07  6.978e+07
Memory:               8.513e+06      1.00000              8.513e+06
MPI Messages:         0.000e+00      0.00000   0.000e+00  0.000e+00
MPI Message Lengths:  0.000e+00      0.00000   0.000e+00  0.000e+00
MPI Reductions:       0.000e+00      0.00000

Flop counting convention: 1 flop = 1 real number operation of type (multiply/divide/add/subtract)
                            e.g., VecAXPY() for real vectors of length N --> 2N flops
                            and VecAXPY() for complex vectors of length N --> 8N flops

Summary of Stages:   ----- Time ------  ----- Flops -----  --- Messages ---  -- Message Lengths --  -- Reductions --
                        Avg     %Total     Avg     %Total   counts   %Total     Avg         %Total   counts   %Total 
 0:      Main Stage: 3.8526e-02  96.3%  2.7910e+06 100.0%  0.000e+00   0.0%  0.000e+00        0.0%  0.000e+00   0.0% 

------------------------------------------------------------------------------------------------------------------------
See the 'Profiling' chapter of the users' manual for details on interpreting output.
Phase summary info:
   Count: number of times phase was executed
   Time and Flops: Max - maximum over all processors
                   Ratio - ratio of maximum to minimum over all processors
   Mess: number of messages sent
   Avg. len: average message length (bytes)
   Reduct: number of global reductions
   Global: entire computation
   Stage: stages of a computation. Set stages with PetscLogStagePush() and PetscLogStagePop().
      %T - percent time in this phase         %F - percent flops in this phase
      %M - percent messages in this phase     %L - percent message lengths in this phase
      %R - percent reductions in this phase
   Total Mflop/s: 10e-6 * (sum of flops over all processors)/(max time over all processors)
------------------------------------------------------------------------------------------------------------------------


      ##########################################################
      #                                                        #
      #                          WARNING!!!                    #
      #                                                        #
      #   This code was compiled with a debugging option,      #
      #   To get timing results run ./configure                #
      #   using --with-debugging=no, the performance will      #
      #   be generally two or three times faster.              #
      #                                                        #
      ##########################################################


Event                Count      Time (sec)     Flops                             --- Global ---  --- Stage ---   Total
                   Max Ratio  Max     Ratio   Max  Ratio  Mess   Avg len Reduct  %T %F %M %L %R  %T %F %M %L %R Mflop/s
------------------------------------------------------------------------------------------------------------------------

--- Event Stage 0: Main Stage

ThreadCommRunKer       1 1.0 4.0531e-06 1.0 0.00e+00 0.0 0.0e+00 0.0e+00 0.0e+00  0  0  0  0  0   0  0  0  0  0     0
ThreadCommBarrie       1 1.0 2.1458e-06 1.0 0.00e+00 0.0 0.0e+00 0.0e+00 0.0e+00  0  0  0  0  0   0  0  0  0  0     0
MatMult                2 1.0 6.0225e-04 1.0 6.86e+05 1.0 0.0e+00 0.0e+00 0.0e+00  2 25  0  0  0   2 25  0  0  0  1138
MatMultTranspose       1 1.0 3.4404e-04 1.0 3.55e+05 1.0 0.0e+00 0.0e+00 0.0e+00  1 13  0  0  0   1 13  0  0  0  1032
MatSolve               2 1.0 5.8699e-04 1.0 6.86e+05 1.0 0.0e+00 0.0e+00 0.0e+00  1 25  0  0  0   2 25  0  0  0  1168
MatSolveTranspos       2 1.0 8.4615e-04 1.0 6.86e+05 1.0 0.0e+00 0.0e+00 0.0e+00  2 25  0  0  0   2 25  0  0  0   810
MatLUFactorNum         1 1.0 6.1359e-03 1.0 1.57e+05 1.0 0.0e+00 0.0e+00 0.0e+00 15  6  0  0  0  16  6  0  0  0    26
MatILUFactorSym        1 1.0 1.3280e-03 1.0 0.00e+00 0.0 0.0e+00 0.0e+00 0.0e+00  3  0  0  0  0   3  0  0  0  0     0
MatAssemblyBegin       2 1.0 3.8147e-06 1.0 0.00e+00 0.0 0.0e+00 0.0e+00 0.0e+00  0  0  0  0  0   0  0  0  0  0     0
MatAssemblyEnd         2 1.0 1.2543e-03 1.0 0.00e+00 0.0 0.0e+00 0.0e+00 0.0e+00  3  0  0  0  0   3  0  0  0  0     0
MatGetRowIJ            1 1.0 2.8610e-06 1.0 0.00e+00 0.0 0.0e+00 0.0e+00 0.0e+00  0  0  0  0  0   0  0  0  0  0     0
MatGetSubMatrice       1 1.0 2.7249e-03 1.0 0.00e+00 0.0 0.0e+00 0.0e+00 0.0e+00  7  0  0  0  0   7  0  0  0  0     0
MatGetOrdering         1 1.0 1.2221e-03 1.0 0.00e+00 0.0 0.0e+00 0.0e+00 0.0e+00  3  0  0  0  0   3  0  0  0  0     0
MatLoad                1 1.0 2.9399e-03 1.0 0.00e+00 0.0 0.0e+00 0.0e+00 0.0e+00  7  0  0  0  0   8  0  0  0  0     0
MatView                9 1.0 2.9488e-03 1.0 0.00e+00 0.0 0.0e+00 0.0e+00 0.0e+00  7  0  0  0  0   8  0  0  0  0     0
VecDot                 2 1.0 8.6308e-05 1.0 4.93e+04 1.0 0.0e+00 0.0e+00 0.0e+00  0  2  0  0  0   0  2  0  0  0   571
VecNorm                3 1.0 5.4836e-05 1.0 7.40e+04 1.0 0.0e+00 0.0e+00 0.0e+00  0  3  0  0  0   0  3  0  0  0  1349
VecCopy                4 1.0 6.1989e-05 1.0 0.00e+00 0.0 0.0e+00 0.0e+00 0.0e+00  0  0  0  0  0   0  0  0  0  0     0
VecSet                26 1.0 6.1011e-04 1.0 0.00e+00 0.0 0.0e+00 0.0e+00 0.0e+00  2  0  0  0  0   2  0  0  0  0     0
VecAXPY                4 1.0 1.3185e-04 1.0 9.86e+04 1.0 0.0e+00 0.0e+00 0.0e+00  0  4  0  0  0   0  4  0  0  0   748
VecScatterBegin        8 1.0 9.5606e-05 1.0 0.00e+00 0.0 0.0e+00 0.0e+00 0.0e+00  0  0  0  0  0   0  0  0  0  0     0
KSPSetUp               2 1.0 4.7398e-04 1.0 0.00e+00 0.0 0.0e+00 0.0e+00 0.0e+00  1  0  0  0  0   1  0  0  0  0     0
KSPSolve               1 1.0 5.3210e-03 1.0 2.24e+06 1.0 0.0e+00 0.0e+00 0.0e+00 13 80  0  0  0  14 80  0  0  0   421
PCSetUp                2 1.0 1.2128e-02 1.0 1.57e+05 1.0 0.0e+00 0.0e+00 0.0e+00 30  6  0  0  0  31  6  0  0  0    13
PCSetUpOnBlocks        2 1.0 8.8332e-03 1.0 1.57e+05 1.0 0.0e+00 0.0e+00 0.0e+00 22  6  0  0  0  23  6  0  0  0    18
PCApply                4 1.0 2.8331e-03 1.0 1.37e+06 1.0 0.0e+00 0.0e+00 0.0e+00  7 49  0  0  0   7 49  0  0  0   484
------------------------------------------------------------------------------------------------------------------------

Memory usage is given in bytes:

Object Type          Creations   Destructions     Memory  Descendants' Mem.
Reports information only for process 0.

--- Event Stage 0: Main Stage

              Viewer     3              1          752     0
              Matrix     3              2      4661756     0
              Vector    13             13      1301664     0
      Vector Scatter     1              1          644     0
       Krylov Solver     2              2         2320     0
      Preconditioner     2              2         1960     0
           Index Set     5              5       102544     0
========================================================================================================================
Average time to get PetscTime(): 0
#PETSc Option Table entries:
-f /home11/bnorris2/UFloridaSparseMat/petsc/vibrobox.petsc
-hash 36564232
-ksp_type bicg
-ksp_view
-log_summary
-matload_block_size 1
-options_left
-pc_asm_overlap 0
-pc_type asm
#End of PETSc Option Table entries
Compiled without FORTRAN kernels
Compiled with full precision matrices (default)
sizeof(short) 2 sizeof(int) 4 sizeof(long) 8 sizeof(void*) 8 sizeof(PetscScalar) 8 sizeof(PetscInt) 4
Configure options: --download-hypre=yes --COPTFLAGS="-g -O3" --FOPTFLAGS="-g -O3" --FFLAGS="-g -O3" --CFLAGS="-g -O3" --download-superlu=yes
-----------------------------------------
Libraries compiled on Fri Nov 27 17:45:54 2015 on cn164 
Machine characteristics: Linux-2.6.32-358.23.2.el6.x86_64-x86_64-with-redhat-6.6-Santiago
Using PETSc directory: /home11/bnorris2/petsc/petsc-3.5.3
Using PETSc arch: arch-linux2-c-mpich3.1-gcc4.9
-----------------------------------------

Using C compiler: mpicc -g -O3 -fPIC -g -O3  ${COPTFLAGS} ${CFLAGS}
Using Fortran compiler: mpif90 -g -O3 -fPIC -g -O3   ${FOPTFLAGS} ${FFLAGS} 
-----------------------------------------

Using include paths: -I/home11/bnorris2/petsc/petsc-3.5.3/arch-linux2-c-mpich3.1-gcc4.9/include -I/home11/bnorris2/petsc/petsc-3.5.3/include -I/home11/bnorris2/petsc/petsc-3.5.3/include -I/home11/bnorris2/petsc/petsc-3.5.3/arch-linux2-c-mpich3.1-gcc4.9/include -I/ibrix/users/home11/bnorris2/petsc/petsc-3.5.3/arch-linux2-c-mpich3.1-gcc4.9/include -I/packages/mpich2/3.1.4_gcc-4.9.2/include
-----------------------------------------

Using C linker: mpicc
Using Fortran linker: mpif90
Using libraries: -Wl,-rpath,/home11/bnorris2/petsc/petsc-3.5.3/arch-linux2-c-mpich3.1-gcc4.9/lib -L/home11/bnorris2/petsc/petsc-3.5.3/arch-linux2-c-mpich3.1-gcc4.9/lib -lpetsc -Wl,-rpath,/ibrix/users/home11/bnorris2/petsc/petsc-3.5.3/arch-linux2-c-mpich3.1-gcc4.9/lib -L/ibrix/users/home11/bnorris2/petsc/petsc-3.5.3/arch-linux2-c-mpich3.1-gcc4.9/lib -lsuperlu_4.3 -lHYPRE -Wl,-rpath,/packages/mpich2/3.1.4_gcc-4.9.2/lib -L/packages/mpich2/3.1.4_gcc-4.9.2/lib -Wl,-rpath,/ibrix/packages/gcc/4.9.3/lib/gcc/x86_64-unknown-linux-gnu/4.9.3 -L/ibrix/packages/gcc/4.9.3/lib/gcc/x86_64-unknown-linux-gnu/4.9.3 -Wl,-rpath,/ibrix/packages/gcc/4.9.3/lib/gcc -L/ibrix/packages/gcc/4.9.3/lib/gcc -Wl,-rpath,/ibrix/packages/gcc/4.9.3/lib64 -L/ibrix/packages/gcc/4.9.3/lib64 -Wl,-rpath,/ibrix/packages/gcc/4.9.3/lib -L/ibrix/packages/gcc/4.9.3/lib -lmpicxx -lstdc++ -llapack -lblas -lX11 -lssl -lcrypto -lpthread -lmpifort -lgfortran -lm -lgfortran -lm -lquadmath -lm -lmpicxx -lstdc++ -Wl,-rpath,/packages/mpich2/3.1.4_gcc-4.9.2/lib -L/packages/mpich2/3.1.4_gcc-4.9.2/lib -Wl,-rpath,/ibrix/packages/gcc/4.9.3/lib/gcc/x86_64-unknown-linux-gnu/4.9.3 -L/ibrix/packages/gcc/4.9.3/lib/gcc/x86_64-unknown-linux-gnu/4.9.3 -Wl,-rpath,/ibrix/packages/gcc/4.9.3/lib/gcc -L/ibrix/packages/gcc/4.9.3/lib/gcc -Wl,-rpath,/ibrix/packages/gcc/4.9.3/lib64 -L/ibrix/packages/gcc/4.9.3/lib64 -Wl,-rpath,/ibrix/packages/gcc/4.9.3/lib -L/ibrix/packages/gcc/4.9.3/lib -ldl -Wl,-rpath,/packages/mpich2/3.1.4_gcc-4.9.2/lib -lmpi -lgcc_s -ldl  
-----------------------------------------

#PETSc Option Table entries:
-f /home11/bnorris2/UFloridaSparseMat/petsc/vibrobox.petsc
-hash 36564232
-ksp_type bicg
-ksp_view
-log_summary
-matload_block_size 1
-options_left
-pc_asm_overlap 0
-pc_type asm
#End of PETSc Option Table entries
There are no unused options.
