************************************************************************************************************************
***             WIDEN YOUR WINDOW TO 120 CHARACTERS.  Use 'enscript -r -fCourier9' to print this document            ***
************************************************************************************************************************

---------------------------------------------- PETSc Performance Summary: ----------------------------------------------

/ibrix/home11/bnorris2/research/lighthouse/sandbox/petsc/new/solvers-aciss on a arch-linux2-c-mpich3.1-gcc4.9 named cn148 with 1 processor, by bnorris2 Sun Nov 29 12:00:04 2015
Using Petsc Release Version 3.5.3, Jan, 31, 2015 

                         Max       Max/Min        Avg      Total 
Time (sec):           1.167e+00      1.00000   1.167e+00
Objects:              5.400e+01      1.00000   5.400e+01
Flops:                3.542e+08      1.00000   3.542e+08  3.542e+08
Flops/sec:            3.035e+08      1.00000   3.035e+08  3.035e+08
Memory:               5.099e+06      1.00000              5.099e+06
MPI Messages:         0.000e+00      0.00000   0.000e+00  0.000e+00
MPI Message Lengths:  0.000e+00      0.00000   0.000e+00  0.000e+00
MPI Reductions:       0.000e+00      0.00000

Flop counting convention: 1 flop = 1 real number operation of type (multiply/divide/add/subtract)
                            e.g., VecAXPY() for real vectors of length N --> 2N flops
                            and VecAXPY() for complex vectors of length N --> 8N flops

Summary of Stages:   ----- Time ------  ----- Flops -----  --- Messages ---  -- Message Lengths --  -- Reductions --
                        Avg     %Total     Avg     %Total   counts   %Total     Avg         %Total   counts   %Total 
 0:      Main Stage: 9.4786e-01  81.2%  3.5421e+08 100.0%  0.000e+00   0.0%  0.000e+00        0.0%  0.000e+00   0.0% 

------------------------------------------------------------------------------------------------------------------------
See the 'Profiling' chapter of the users' manual for details on interpreting output.
Phase summary info:
   Count: number of times phase was executed
   Time and Flops: Max - maximum over all processors
                   Ratio - ratio of maximum to minimum over all processors
   Mess: number of messages sent
   Avg. len: average message length (bytes)
   Reduct: number of global reductions
   Global: entire computation
   Stage: stages of a computation. Set stages with PetscLogStagePush() and PetscLogStagePop().
      %T - percent time in this phase         %F - percent flops in this phase
      %M - percent messages in this phase     %L - percent message lengths in this phase
      %R - percent reductions in this phase
   Total Mflop/s: 10e-6 * (sum of flops over all processors)/(max time over all processors)
------------------------------------------------------------------------------------------------------------------------


      ##########################################################
      #                                                        #
      #                          WARNING!!!                    #
      #                                                        #
      #   This code was compiled with a debugging option,      #
      #   To get timing results run ./configure                #
      #   using --with-debugging=no, the performance will      #
      #   be generally two or three times faster.              #
      #                                                        #
      ##########################################################


Event                Count      Time (sec)     Flops                             --- Global ---  --- Stage ---   Total
                   Max Ratio  Max     Ratio   Max  Ratio  Mess   Avg len Reduct  %T %F %M %L %R  %T %F %M %L %R Mflop/s
------------------------------------------------------------------------------------------------------------------------

--- Event Stage 0: Main Stage

ThreadCommRunKer       1 1.0 8.1062e-06 1.0 0.00e+00 0.0 0.0e+00 0.0e+00 0.0e+00  0  0  0  0  0   0  0  0  0  0     0
ThreadCommBarrie       1 1.0 2.8610e-06 1.0 0.00e+00 0.0 0.0e+00 0.0e+00 0.0e+00  0  0  0  0  0   0  0  0  0  0     0
MatMult              281 1.0 2.8936e-02 1.0 3.32e+07 1.0 0.0e+00 0.0e+00 0.0e+00  2  9  0  0  0   3  9  0  0  0  1146
MatSolve             281 1.0 1.8130e-01 1.0 2.38e+08 1.0 0.0e+00 0.0e+00 0.0e+00 16 67  0  0  0  19 67  0  0  0  1312
MatCholFctrNum         1 1.0 2.6474e-02 1.0 4.33e+03 1.0 0.0e+00 0.0e+00 0.0e+00  2  0  0  0  0   3  0  0  0  0     0
MatICCFactorSym        1 1.0 3.5269e-02 1.0 0.00e+00 0.0 0.0e+00 0.0e+00 0.0e+00  3  0  0  0  0   4  0  0  0  0     0
MatAssemblyBegin       1 1.0 3.8147e-06 1.0 0.00e+00 0.0 0.0e+00 0.0e+00 0.0e+00  0  0  0  0  0   0  0  0  0  0     0
MatAssemblyEnd         1 1.0 4.8208e-04 1.0 0.00e+00 0.0 0.0e+00 0.0e+00 0.0e+00  0  0  0  0  0   0  0  0  0  0     0
MatGetRowIJ            1 1.0 5.9605e-06 1.0 0.00e+00 0.0 0.0e+00 0.0e+00 0.0e+00  0  0  0  0  0   0  0  0  0  0     0
MatGetOrdering         1 1.0 9.3913e-04 1.0 0.00e+00 0.0 0.0e+00 0.0e+00 0.0e+00  0  0  0  0  0   0  0  0  0  0     0
MatLoad                1 1.0 1.8580e-03 1.0 0.00e+00 0.0 0.0e+00 0.0e+00 0.0e+00  0  0  0  0  0   0  0  0  0  0     0
MatView                4 1.0 3.3284e-01 1.0 0.00e+00 0.0 0.0e+00 0.0e+00 0.0e+00 29  0  0  0  0  35  0  0  0  0     0
VecMDot              286 1.0 1.5421e-02 1.0 3.71e+07 1.0 0.0e+00 0.0e+00 0.0e+00  1 10  0  0  0   2 10  0  0  0  2404
VecNorm              306 1.0 2.5728e-03 1.0 2.65e+06 1.0 0.0e+00 0.0e+00 0.0e+00  0  1  0  0  0   0  1  0  0  0  1029
VecScale             314 1.0 7.8986e-03 1.0 1.36e+06 1.0 0.0e+00 0.0e+00 0.0e+00  1  0  0  0  0   1  0  0  0  0   172
VecCopy               53 1.0 3.8409e-04 1.0 0.00e+00 0.0 0.0e+00 0.0e+00 0.0e+00  0  0  0  0  0   0  0  0  0  0     0
VecSet                65 1.0 1.0767e-03 1.0 0.00e+00 0.0 0.0e+00 0.0e+00 0.0e+00  0  0  0  0  0   0  0  0  0  0     0
VecAXPY               35 1.0 8.9741e-04 1.0 3.03e+05 1.0 0.0e+00 0.0e+00 0.0e+00  0  0  0  0  0   0  0  0  0  0   337
VecMAXPY             305 1.0 1.4961e-02 1.0 4.18e+07 1.0 0.0e+00 0.0e+00 0.0e+00  1 12  0  0  0   2 12  0  0  0  2795
KSPGMRESOrthog       286 1.0 3.2765e-02 1.0 7.42e+07 1.0 0.0e+00 0.0e+00 0.0e+00  3 21  0  0  0   3 21  0  0  0  2263
KSPSetUp               1 1.0 8.6999e-04 1.0 0.00e+00 0.0 0.0e+00 0.0e+00 0.0e+00  0  0  0  0  0   0  0  0  0  0     0
KSPSolve               1 1.0 3.6957e-01 1.0 3.54e+08 1.0 0.0e+00 0.0e+00 0.0e+00 32100  0  0  0  39100  0  0  0   958
PCSetUp                1 1.0 6.2921e-02 1.0 4.33e+03 1.0 0.0e+00 0.0e+00 0.0e+00  5  0  0  0  0   7  0  0  0  0     0
PCApply              281 1.0 1.8297e-01 1.0 2.38e+08 1.0 0.0e+00 0.0e+00 0.0e+00 16 67  0  0  0  19 67  0  0  0  1300
------------------------------------------------------------------------------------------------------------------------

Memory usage is given in bytes:

Object Type          Creations   Destructions     Memory  Descendants' Mem.
Reports information only for process 0.

--- Event Stage 0: Main Stage

              Viewer     3              1          752     0
              Matrix     2              1      2580960     0
              Vector    44             44      1588928     0
       Krylov Solver     1              1        18528     0
      Preconditioner     1              1          960     0
           Index Set     3              3        36960     0
========================================================================================================================
Average time to get PetscTime(): 1.19209e-07
#PETSc Option Table entries:
-f /home11/bnorris2/UFloridaSparseMat/petsc/viscoplastic1_C_4.petsc
-hash 32874610
-ksp_type lgmres
-log_summary
-matload_block_size 1
-options_left
-pc_factor_levels 1
-pc_type icc
#End of PETSc Option Table entries
Compiled without FORTRAN kernels
Compiled with full precision matrices (default)
sizeof(short) 2 sizeof(int) 4 sizeof(long) 8 sizeof(void*) 8 sizeof(PetscScalar) 8 sizeof(PetscInt) 4
Configure options: --download-hypre=yes --COPTFLAGS="-g -O3" --FOPTFLAGS="-g -O3" --FFLAGS="-g -O3" --CFLAGS="-g -O3" --download-superlu=yes
-----------------------------------------
Libraries compiled on Fri Nov 27 17:45:54 2015 on cn164 
Machine characteristics: Linux-2.6.32-358.23.2.el6.x86_64-x86_64-with-redhat-6.6-Santiago
Using PETSc directory: /home11/bnorris2/petsc/petsc-3.5.3
Using PETSc arch: arch-linux2-c-mpich3.1-gcc4.9
-----------------------------------------

Using C compiler: mpicc -g -O3 -fPIC -g -O3  ${COPTFLAGS} ${CFLAGS}
Using Fortran compiler: mpif90 -g -O3 -fPIC -g -O3   ${FOPTFLAGS} ${FFLAGS} 
-----------------------------------------

Using include paths: -I/home11/bnorris2/petsc/petsc-3.5.3/arch-linux2-c-mpich3.1-gcc4.9/include -I/home11/bnorris2/petsc/petsc-3.5.3/include -I/home11/bnorris2/petsc/petsc-3.5.3/include -I/home11/bnorris2/petsc/petsc-3.5.3/arch-linux2-c-mpich3.1-gcc4.9/include -I/ibrix/users/home11/bnorris2/petsc/petsc-3.5.3/arch-linux2-c-mpich3.1-gcc4.9/include -I/packages/mpich2/3.1.4_gcc-4.9.2/include
-----------------------------------------

Using C linker: mpicc
Using Fortran linker: mpif90
Using libraries: -Wl,-rpath,/home11/bnorris2/petsc/petsc-3.5.3/arch-linux2-c-mpich3.1-gcc4.9/lib -L/home11/bnorris2/petsc/petsc-3.5.3/arch-linux2-c-mpich3.1-gcc4.9/lib -lpetsc -Wl,-rpath,/ibrix/users/home11/bnorris2/petsc/petsc-3.5.3/arch-linux2-c-mpich3.1-gcc4.9/lib -L/ibrix/users/home11/bnorris2/petsc/petsc-3.5.3/arch-linux2-c-mpich3.1-gcc4.9/lib -lsuperlu_4.3 -lHYPRE -Wl,-rpath,/packages/mpich2/3.1.4_gcc-4.9.2/lib -L/packages/mpich2/3.1.4_gcc-4.9.2/lib -Wl,-rpath,/ibrix/packages/gcc/4.9.3/lib/gcc/x86_64-unknown-linux-gnu/4.9.3 -L/ibrix/packages/gcc/4.9.3/lib/gcc/x86_64-unknown-linux-gnu/4.9.3 -Wl,-rpath,/ibrix/packages/gcc/4.9.3/lib/gcc -L/ibrix/packages/gcc/4.9.3/lib/gcc -Wl,-rpath,/ibrix/packages/gcc/4.9.3/lib64 -L/ibrix/packages/gcc/4.9.3/lib64 -Wl,-rpath,/ibrix/packages/gcc/4.9.3/lib -L/ibrix/packages/gcc/4.9.3/lib -lmpicxx -lstdc++ -llapack -lblas -lX11 -lssl -lcrypto -lpthread -lmpifort -lgfortran -lm -lgfortran -lm -lquadmath -lm -lmpicxx -lstdc++ -Wl,-rpath,/packages/mpich2/3.1.4_gcc-4.9.2/lib -L/packages/mpich2/3.1.4_gcc-4.9.2/lib -Wl,-rpath,/ibrix/packages/gcc/4.9.3/lib/gcc/x86_64-unknown-linux-gnu/4.9.3 -L/ibrix/packages/gcc/4.9.3/lib/gcc/x86_64-unknown-linux-gnu/4.9.3 -Wl,-rpath,/ibrix/packages/gcc/4.9.3/lib/gcc -L/ibrix/packages/gcc/4.9.3/lib/gcc -Wl,-rpath,/ibrix/packages/gcc/4.9.3/lib64 -L/ibrix/packages/gcc/4.9.3/lib64 -Wl,-rpath,/ibrix/packages/gcc/4.9.3/lib -L/ibrix/packages/gcc/4.9.3/lib -ldl -Wl,-rpath,/packages/mpich2/3.1.4_gcc-4.9.2/lib -lmpi -lgcc_s -ldl  
-----------------------------------------

#PETSc Option Table entries:
-f /home11/bnorris2/UFloridaSparseMat/petsc/viscoplastic1_C_4.petsc
-hash 32874610
-ksp_type lgmres
-log_summary
-matload_block_size 1
-options_left
-pc_factor_levels 1
-pc_type icc
#End of PETSc Option Table entries
There are no unused options.
