\BOOKMARK [1][-]{section.1}{Introduction}{}% 1
\BOOKMARK [2][-]{subsection.1.1}{A Statement of Problem}{section.1}% 2
\BOOKMARK [2][-]{subsection.1.2}{Why orthogonal factorization is important}{section.1}% 3
\BOOKMARK [2][-]{subsection.1.3}{My contribution}{section.1}% 4
\BOOKMARK [1][-]{section.2}{Background}{}% 5
\BOOKMARK [2][-]{subsection.2.1}{Lighthouse}{section.2}% 6
\BOOKMARK [2][-]{subsection.2.2}{Linear Algebra}{section.2}% 7
\BOOKMARK [3][-]{subsubsection.2.2.1}{Least Square Problem}{subsection.2.2}% 8
\BOOKMARK [3][-]{subsubsection.2.2.2}{Ordinary Linear Least Squares}{subsection.2.2}% 9
\BOOKMARK [3][-]{subsubsection.2.2.3}{Generalized Least Square Problem}{subsection.2.2}% 10
\BOOKMARK [2][-]{subsection.2.3}{Various Orthogonal Factorization}{section.2}% 11
\BOOKMARK [3][-]{subsubsection.2.3.1}{QR and RQ Factorization}{subsection.2.3}% 12
\BOOKMARK [3][-]{subsubsection.2.3.2}{LQ and QL Factorization}{subsection.2.3}% 13
\BOOKMARK [3][-]{subsubsection.2.3.3}{Singular Value Decomposition \(SVD\)}{subsection.2.3}% 14
\BOOKMARK [3][-]{subsubsection.2.3.4}{Trapozoid Decomposition}{subsection.2.3}% 15
\BOOKMARK [2][-]{subsection.2.4}{Related Work}{section.2}% 16
\BOOKMARK [1][-]{section.3}{Research Approach}{}% 17
\BOOKMARK [1][-]{section.4}{Development Process}{}% 18
\BOOKMARK [2][-]{subsection.4.1}{Package Used}{section.4}% 19
\BOOKMARK [2][-]{subsection.4.2}{Requirements and specifications}{section.4}% 20
\BOOKMARK [3][-]{subsubsection.4.2.1}{Search Capability and User Interface design}{subsection.4.2}% 21
\BOOKMARK [3][-]{subsubsection.4.2.2}{Orthogonal routines for linear equation}{subsection.4.2}% 22
\BOOKMARK [1][-]{section.5}{Purposed work}{}% 23
\BOOKMARK [1][-]{section.6}{Conclusion}{}% 24
