Hash: 17734818
chebyshev | bjacobi | -4 | 1.038503e-01 | 4.79921e+46 | 9
KSP Object: 1 MPI processes
  type: chebyshev
    Chebyshev: eigenvalue estimates:  min = 3.83848e+102, max = 4.22232e+103
    Chebyshev: estimated using:  [0 0.1; 0 1.1]
    KSP Object:    (est_)     1 MPI processes
      type: gmres
        GMRES: restart=30, using Classical (unmodified) Gram-Schmidt Orthogonalization with no iterative refinement
        GMRES: happy breakdown tolerance 1e-30
      maximum iterations=10, initial guess is zero
      tolerances:  relative=1e-05, absolute=1e-50, divergence=10000
      left preconditioning
      using NONE norm type for convergence test
    PC Object:     1 MPI processes
      type: bjacobi
        block Jacobi: number of blocks = 1
        Local solve is same for all blocks, in the following KSP and PC objects:
        KSP Object:        (sub_)         1 MPI processes
          type: preonly
          maximum iterations=10000, initial guess is zero
          tolerances:  relative=1e-05, absolute=1e-50, divergence=10000
          left preconditioning
          using NONE norm type for convergence test
        PC Object:        (sub_)         1 MPI processes
          type: ilu
            ILU: out-of-place factorization
            0 levels of fill
            tolerance for zero pivot 2.22045e-14
            using diagonal shift on blocks to prevent zero pivot [INBLOCKS]
            matrix ordering: natural
            factor fill ratio given 1, needed 1
              Factored matrix follows:
                Mat Object:                 1 MPI processes
                  type: seqaij
                  rows=5308, cols=5308
                  package used to perform factorization: petsc
                  total: nonzeros=28221, allocated nonzeros=28221
                  total number of mallocs used during MatSetValues calls =0
                    not using I-node routines
          linear system matrix = precond matrix:
          Mat Object:           1 MPI processes
            type: seqaij
            rows=5308, cols=5308
            total: nonzeros=28221, allocated nonzeros=28221
            total number of mallocs used during MatSetValues calls =0
              not using I-node routines
      linear system matrix = precond matrix:
      Mat Object:       1 MPI processes
        type: seqaij
        rows=5308, cols=5308
        total: nonzeros=28221, allocated nonzeros=28221
        total number of mallocs used during MatSetValues calls =0
          not using I-node routines
  maximum iterations=10000, initial guess is zero
  tolerances:  relative=1e-05, absolute=1e-50, divergence=10000
  left preconditioning
  using PRECONDITIONED norm type for convergence test
PC Object: 1 MPI processes
  type: bjacobi
    block Jacobi: number of blocks = 1
    Local solve is same for all blocks, in the following KSP and PC objects:
    KSP Object:    (sub_)     1 MPI processes
      type: preonly
      maximum iterations=10000, initial guess is zero
      tolerances:  relative=1e-05, absolute=1e-50, divergence=10000
      left preconditioning
      using NONE norm type for convergence test
    PC Object:    (sub_)     1 MPI processes
      type: ilu
        ILU: out-of-place factorization
        0 levels of fill
        tolerance for zero pivot 2.22045e-14
        using diagonal shift on blocks to prevent zero pivot [INBLOCKS]
        matrix ordering: natural
        factor fill ratio given 1, needed 1
          Factored matrix follows:
            Mat Object:             1 MPI processes
              type: seqaij
              rows=5308, cols=5308
              package used to perform factorization: petsc
              total: nonzeros=28221, allocated nonzeros=28221
              total number of mallocs used during MatSetValues calls =0
                not using I-node routines
      linear system matrix = precond matrix:
      Mat Object:       1 MPI processes
        type: seqaij
        rows=5308, cols=5308
        total: nonzeros=28221, allocated nonzeros=28221
        total number of mallocs used during MatSetValues calls =0
          not using I-node routines
  linear system matrix = precond matrix:
  Mat Object:   1 MPI processes
    type: seqaij
    rows=5308, cols=5308
    total: nonzeros=28221, allocated nonzeros=28221
    total number of mallocs used during MatSetValues calls =0
      not using I-node routines
PC Object: 1 MPI processes
  type: bjacobi
    block Jacobi: number of blocks = 1
    Local solve is same for all blocks, in the following KSP and PC objects:
    KSP Object:    (sub_)     1 MPI processes
      type: preonly
      maximum iterations=10000, initial guess is zero
      tolerances:  relative=1e-05, absolute=1e-50, divergence=10000
      left preconditioning
      using NONE norm type for convergence test
    PC Object:    (sub_)     1 MPI processes
      type: ilu
        ILU: out-of-place factorization
        0 levels of fill
        tolerance for zero pivot 2.22045e-14
        using diagonal shift on blocks to prevent zero pivot [INBLOCKS]
        matrix ordering: natural
        factor fill ratio given 1, needed 1
          Factored matrix follows:
            Mat Object:             1 MPI processes
              type: seqaij
              rows=5308, cols=5308
              package used to perform factorization: petsc
              total: nonzeros=28221, allocated nonzeros=28221
              total number of mallocs used during MatSetValues calls =0
                not using I-node routines
      linear system matrix = precond matrix:
      Mat Object:       1 MPI processes
      