Hash: nohash
gmres | jacobi | -3 | 1.272015e+00 | 7025.01 | 10000
KSP Object: 1 MPI processes
  type: gmres
    GMRES: restart=30, using Classical (unmodified) Gram-Schmidt Orthogonalization with no iterative refinement
    GMRES: happy breakdown tolerance 1e-30
  maximum iterations=10000, initial guess is zero
  tolerances:  relative=1e-05, absolute=1e-50, divergence=10000
  left preconditioning
  using PRECONDITIONED norm type for convergence test
PC Object: 1 MPI processes
  type: jacobi
  linear system matrix = precond matrix:
  Mat Object:   1 MPI processes
    type: mpiaij
    rows=430, cols=430
    total: nonzeros=1608, allocated nonzeros=1608
    total number of mallocs used during MatSetValues calls =0
      not using I-node (on process 0) routines
PC Object: 1 MPI processes
  type: jacobi
  linear system matrix = precond matrix:
  Mat Object:   1 MPI processes
    type: mpiaij
    rows=430, cols=430
    total: nonzeros=1608, allocated nonzeros=1608
    total number of mallocs used during MatSetValues calls =0
      not using I-node (on process 0) routines
************************************************************************************************************************
***             WIDEN YOUR WINDOW TO 120 CHARACTERS.  Use 'enscript -r -fCourier9' to print this document            ***
************************************************************************************************************************

---------------------------------------------- PETSc Performance Summary: ----------------------------------------------

./parallel on a arch-linux2-c-debug named arya with 1 processor, by norris Wed Jun 10 18:56:27 2015
Using Petsc Release Version 3.5.3, Jan, 31, 2015 

                         Max       Max/Min        Avg      Total 
Time (sec):           1.277e+00      1.00000   1.277e+00
Objects:              5.200e+01      1.00000   5.200e+01
Flops:                3.220e+08      1.00000   3.220e+08  3.220e+08
Flops/sec:            2.522e+08      1.00000   2.522e+08  2.522e+08
Memory:               3.224e+05      1.00000              3.224e+05
MPI Messages:         0.000e+00      0.00000   0.000e+00  0.000e+00
MPI Message Lengths:  0.000e+00      0.00000   0.000e+00  0.000e+00
MPI Reductions:       0.000e+00      0.00000

Flop counting convention: 1 flop = 1 real number operation of type (multiply/divide/add/subtract)
                            e.g., VecAXPY() for real vectors of length N --> 2N flops
                            and VecAXPY() for complex vectors of length N --> 8N flops

Summary of Stages:   ----- Time ------  ----- Flops -----  --- Messages ---  -- Message Lengths --  -- Reductions --
                        Avg     %Total     Avg     %Total   counts   %Total     Avg         %Total   counts   %Total 
 0:      Main Stage: 1.2766e+00 100.0%  3.2200e+08 100.0%  0.000e+00   0.0%  0.000e+00        0.0%  0.000e+00   0.0% 

------------------------------------------------------------------------------------------------------------------------
See the 'Profiling' chapter of the users' manual for details on interpreting output.
Phase summary info:
   Count: number of times phase was executed
   Time and Flops: Max - maximum over all processors
                   Ratio - ratio of maximum to minimum over all processors
   Mess: number of messages sent
   Avg. len: average message length (bytes)
   Reduct: number of global reductions
   Global: entire computation
   Stage: stages of a computation. Set stages with PetscLogStagePush() and PetscLogStagePop().
      %T - percent time in this phase         %F - percent flops in this phase
      %M - percent messages in this phase     %L - percent message lengths in this phase
      %R - percent reductions in this phase
   Total Mflop/s: 10e-6 * (sum of flops over all processors)/(max time over all processors)
------------------------------------------------------------------------------------------------------------------------


      ##########################################################
      #                                                        #
      #                          WARNING!!!                    #
      #                                                        #
      #   This code was compiled with a debugging option,      #
      #   To get timing results run ./configure                #
      #   using --with-debugging=no, the performance will      #
      #   be generally two or three times faster.              #
      #                                                        #
      ##########################################################


Event                Count      Time (sec)     Flops                             --- Global ---  --- Stage ---   Total
                   Max Ratio  Max     Ratio   Max  Ratio  Mess   Avg len Reduct  %T %F %M %L %R  %T %F %M %L %R Mflop/s
------------------------------------------------------------------------------------------------------------------------

--- Event Stage 0: Main Stage

------------------------------------------------------------------------------------------------------------------------

Memory usage is given in bytes:

Object Type          Creations   Destructions     Memory  Descendants' Mem.
Reports information only for process 0.

--- Event Stage 0: Main Stage

              Viewer     3              1          752     0
              Matrix     3              0            0     0
              Vector    41              2         6512     0
      Vector Scatter     1              0            0     0
           Index Set     2              2         1568     0
       Krylov Solver     1              0            0     0
      Preconditioner     1              0            0     0
========================================================================================================================
Average time to get PetscTime(): 2.38419e-08
#PETSc Option Table entries:
-f /home/users/norris/UFloridaSparseMat/petsc/oscil_dcop_13.petsc
-ksp_view
-matload_block_size 1
-pc_type jacobi
#End of PETSc Option Table entries
Compiled without FORTRAN kernels
Compiled with full precision matrices (default)
sizeof(short) 2 sizeof(int) 4 sizeof(long) 8 sizeof(void*) 8 sizeof(PetscScalar) 8 sizeof(PetscInt) 4
Configure options: --CFLAGS="-g -O3" --CXXFLAGS="-g -O3" --FFLAGS="-g -O3"
-----------------------------------------
Libraries compiled on Wed Jun 10 18:07:54 2015 on arya 
Machine characteristics: Linux-3.19.0-18-generic-x86_64-with-Ubuntu-15.10-wily
Using PETSc directory: /disks/large/shared/soft/petsc-3.5.3
Using PETSc arch: arch-linux2-c-debug
-----------------------------------------

Using C compiler: mpicc -g -O3 -fPIC  ${COPTFLAGS} ${CFLAGS}
Using Fortran compiler: mpif90 -g -O3 -fPIC   ${FOPTFLAGS} ${FFLAGS} 
-----------------------------------------

Using include paths: -I/disks/large/shared/soft/petsc-3.5.3/arch-linux2-c-debug/include -I/disks/large/shared/soft/petsc-3.5.3/include -I/disks/large/shared/soft/petsc-3.5.3/include -I/disks/large/shared/soft/petsc-3.5.3/arch-linux2-c-debug/include -I/usr/include/mpich
-----------------------------------------

Using C linker: mpicc
Using Fortran linker: mpif90
Using libraries: -Wl,-rpath,/disks/large/shared/soft/petsc-3.5.3/arch-linux2-c-debug/lib -L/disks/large/shared/soft/petsc-3.5.3/arch-linux2-c-debug/lib -lpetsc -llapack -lblas -lX11 -lpthread -lm -Wl,-rpath,/usr/lib/x86_64-linux-gnu -L/usr/lib/x86_64-linux-gnu -Wl,-rpath,/usr/lib/gcc/x86_64-linux-gnu/4.9 -L/usr/lib/gcc/x86_64-linux-gnu/4.9 -Wl,-rpath,/lib/x86_64-linux-gnu -L/lib/x86_64-linux-gnu -lmpichf90 -lgfortran -lm -lgfortran -lm -lquadmath -lm -lmpichcxx -lstdc++ -Wl,-rpath,/usr/lib/x86_64-linux-gnu -L/usr/lib/x86_64-linux-gnu -Wl,-rpath,/usr/lib/gcc/x86_64-linux-gnu/4.9 -L/usr/lib/gcc/x86_64-linux-gnu/4.9 -Wl,-rpath,/usr/lib/x86_64-linux-gnu -L/usr/lib/x86_64-linux-gnu -Wl,-rpath,/lib/x86_64-linux-gnu -L/lib/x86_64-linux-gnu -Wl,-rpath,/usr/lib/x86_64-linux-gnu -L/usr/lib/x86_64-linux-gnu -ldl -lmpich -lopa -lmpl -lrt -lcr -lpthread -lgcc_s -ldl  
-----------------------------------------

