Hash: 18868444
ibcgs | ilu | 2 | 8.496827e-03 | 2512.42 | 1
KSP Object: 1 MPI processes
  type: ibcgs
  maximum iterations=10000, initial guess is zero
  tolerances:  relative=1e-05, absolute=1e-50, divergence=10000
  left preconditioning
  using PRECONDITIONED norm type for convergence test
PC Object: 1 MPI processes
  type: ilu
    ILU: out-of-place factorization
    1 level of fill
    tolerance for zero pivot 2.22045e-14
    using diagonal shift on blocks to prevent zero pivot [INBLOCKS]
    matrix ordering: natural
    factor fill ratio given 1, needed 1.50083
      Factored matrix follows:
        Mat Object:         1 MPI processes
          type: seqaij
          rows=66, cols=66
          package used to perform factorization: petsc
          total: nonzeros=1807, allocated nonzeros=1807
          total number of mallocs used during MatSetValues calls =0
            not using I-node routines
  linear system matrix = precond matrix:
  Mat Object:   1 MPI processes
    type: seqaij
    rows=66, cols=66
    total: nonzeros=1204, allocated nonzeros=1204
    total number of mallocs used during MatSetValues calls =0
      not using I-node routines
PC Object: 1 MPI processes
  type: ilu
    ILU: out-of-place factorization
    1 level of fill
    tolerance for zero pivot 2.22045e-14
    using diagonal shift on blocks to prevent zero pivot [INBLOCKS]
    matrix ordering: natural
    factor fill ratio given 1, needed 1.50083
      Factored matrix follows:
        Mat Object:         1 MPI processes
          type: seqaij
          rows=66, cols=66
          package used to perform factorization: petsc
          total: nonzeros=1807, allocated nonzeros=1807
          total number of mallocs used during MatSetValues calls =0
            not using I-node routines
  linear system matrix = precond matrix:
  Mat Object:   1 MPI processes
    type: seqaij
    rows=66, cols=66
    total: nonzeros=1204, allocated nonzeros=1204
    total number of mallocs used during MatSetValues calls =0
      not using I-node routines
************************************************************************************************************************
***             WIDEN YOUR WINDOW TO 120 CHARACTERS.  Use 'enscript -r -fCourier9' to print this document            ***
************************************************************************************************************************

---------------------------------------------- PETSc Performance Summary: ----------------------------------------------

/gpfs/mira-home/norris/lighthouse/sandbox/petsc/new/parallel-bgq on a arch-linux2-c-debug named Q04-I5-J05 with 1 processor, by Unknown Fri Nov 20 16:45:52 2015
Using Petsc Release Version 3.5.3, Jan, 31, 2015 

                         Max       Max/Min        Avg      Total 
Time (sec):           1.817e-01      1.00000   1.817e-01
Objects:              2.200e+01      1.00000   2.200e+01
Flops:                5.602e+04      1.00000   5.602e+04  5.602e+04
Flops/sec:            3.084e+05      1.00000   3.084e+05  3.084e+05
Memory:               1.464e+05      1.00000              1.464e+05
MPI Messages:         0.000e+00      0.00000   0.000e+00  0.000e+00
MPI Message Lengths:  0.000e+00      0.00000   0.000e+00  0.000e+00
MPI Reductions:       0.000e+00      0.00000

Flop counting convention: 1 flop = 1 real number operation of type (multiply/divide/add/subtract)
                            e.g., VecAXPY() for real vectors of length N --> 2N flops
                            and VecAXPY() for complex vectors of length N --> 8N flops

Summary of Stages:   ----- Time ------  ----- Flops -----  --- Messages ---  -- Message Lengths --  -- Reductions --
                        Avg     %Total     Avg     %Total   counts   %Total     Avg         %Total   counts   %Total 
 0:      Main Stage: 1.8162e-01 100.0%  5.6022e+04 100.0%  0.000e+00   0.0%  0.000e+00        0.0%  0.000e+00   0.0% 

------------------------------------------------------------------------------------------------------------------------
See the 'Profiling' chapter of the users' manual for details on interpreting output.
Phase summary info:
   Count: number of times phase was executed
   Time and Flops: Max - maximum over all processors
                   Ratio - ratio of maximum to minimum over all processors
   Mess: number of messages sent
   Avg. len: average message length (bytes)
   Reduct: number of global reductions
   Global: entire computation
   Stage: stages of a computation. Set stages with PetscLogStagePush() and PetscLogStagePop().
      %T - percent time in this phase         %F - percent flops in this phase
      %M - percent messages in this phase     %L - percent message lengths in this phase
      %R - percent reductions in this phase
   Total Mflop/s: 10e-6 * (sum of flops over all processors)/(max time over all processors)
------------------------------------------------------------------------------------------------------------------------


      ##########################################################
      #                                                        #
      #                          WARNING!!!                    #
      #                                                        #
      #   This code was compiled with a debugging option,      #
      #   To get timing results run ./configure                #
      #   using --with-debugging=no, the performance will      #
      #   be generally two or three times faster.              #
      #                                                        #
      ##########################################################


Event                Count      Time (sec)     Flops                             --- Global ---  --- Stage ---   Total
                   Max Ratio  Max     Ratio   Max  Ratio  Mess   Avg len Reduct  %T %F %M %L %R  %T %F %M %L %R Mflop/s
------------------------------------------------------------------------------------------------------------------------

--- Event Stage 0: Main Stage

------------------------------------------------------------------------------------------------------------------------

Memory usage is given in bytes:

Object Type          Creations   Destructions     Memory  Descendants' Mem.
Reports information only for process 0.

--- Event Stage 0: Main Stage

              Viewer     2              1          752     0
              Matrix     2              0            0     0
              Vector    13              1         2032     0
       Krylov Solver     1              0            0     0
      Preconditioner     1              0            0     0
           Index Set     3              0            0     0
========================================================================================================================
Average time to get PetscTime(): 1.19687e-07
#PETSc Option Table entries:
-f /home/norris/UFloridaSparseMat/petsc/ww_36_pmec_36.petsc
-hash 18868444
-ksp_type ibcgs
-matload_block_size 1
-pc_factor_levels 1
-pc_type ilu
#End of PETSc Option Table entries
Compiled without FORTRAN kernels
Compiled with full precision matrices (default)
sizeof(short) 2 sizeof(int) 4 sizeof(long) 8 sizeof(void*) 8 sizeof(PetscScalar) 8 sizeof(PetscInt) 4
Configure options: --known-level1-dcache-size=32768 --known-level1-dcache-linesize=32 --known-level1-dcache-assoc=0 --known-memcmp-ok=1 --known-sizeof-char=1 --known-sizeof-void-p=8 --known-sizeof-short=2 --known-sizeof-int=4 --known-sizeof-long=8 --known-sizeof-long-long=8 --known-sizeof-float=4 --known-sizeof-double=8 --known-sizeof-size_t=8 --known-bits-per-byte=8 --known-sizeof-MPI_Comm=4 --known-sizeof-MPI_Fint=4 --known-mpi-long-double=1 --known-mpi-int64_t=1 --known-mpi-c-double-complex=1 --known-sdot-returns-double=0 --known-snrm2-returns-double=0 --with-blas-lapack-dir=/gpfs/mira-fs0/projects/PEACEndStation/norris/petsc-3.5.3/BLASLAPACK --with-batch=1 --with-c2html=0 --with-cc=mpixlc_r --with-cxx=mpixlcxx_r --with-debugging=1 --with-fc=mpixlf77_r -qnosave --with-shared-libraries=0 --with-x=0 -COPTFLAGS=" -g -O3 -qhot=level=0 -qsimd=auto -qmaxmem=-1 -qstrict -qstrict_induction" -CXXOPTFLAGS=" -g -O3 -qhot=level=0 -qsimd=auto -qmaxmem=-1 -qstrict -qstrict_induction" -FOPTFLAGS="-g -O3 -qhot=level=0 -qsimd=auto -qmaxmem=-1 -qstrict -qstrict_induction " --known-mpi-shared-libraries=0
-----------------------------------------
Libraries compiled on Thu May 21 03:12:53 2015 on cetuslac1 
Machine characteristics: Linux-2.6.32-431.el6.ppc64-ppc64-with-redhat-6.5-Santiago
Using PETSc directory: /home/norris/norris/petsc-3.5.3
Using PETSc arch: arch-linux2-c-debug
-----------------------------------------

Using C compiler: mpixlc_r  -g -O3 -qhot=level=0 -qsimd=auto -qmaxmem=-1 -qstrict -qstrict_induction  ${COPTFLAGS} ${CFLAGS}
Using Fortran compiler: mpixlf77_r  -g -O3 -qhot=level=0 -qsimd=auto -qmaxmem=-1 -qstrict -qstrict_induction   ${FOPTFLAGS} ${FFLAGS} 
-----------------------------------------

Using include paths: -I/home/norris/norris/petsc-3.5.3/arch-linux2-c-debug/include -I/home/norris/norris/petsc-3.5.3/include -I/home/norris/norris/petsc-3.5.3/include -I/home/norris/norris/petsc-3.5.3/arch-linux2-c-debug/include -I/bgsys/drivers/V1R2M2/ppc64/comm/include -I/bgsys/drivers/V1R2M2/ppc64/comm/lib/xl -I/bgsys/drivers/V1R2M2/ppc64 -I/bgsys/drivers/V1R2M2/ppc64/comm/sys/include -I/bgsys/drivers/V1R2M2/ppc64/spi/include -I/bgsys/drivers/V1R2M2/ppc64/spi/include/kernel/cnk
-----------------------------------------

Using C linker: mpixlc_r
Using Fortran linker: mpixlf77_r
Using libraries: -Wl,-rpath,/home/norris/norris/petsc-3.5.3/arch-linux2-c-debug/lib -L/home/norris/norris/petsc-3.5.3/arch-linux2-c-debug/lib -lpetsc -Wl,-rpath,/gpfs/mira-fs0/projects/PEACEndStation/norris/petsc-3.5.3/BLASLAPACK -L/gpfs/mira-fs0/projects/PEACEndStation/norris/petsc-3.5.3/BLASLAPACK -llapack -lblas -lpthread -L/bgsys/drivers/V1R2M2/ppc64/comm/lib -L/bgsys/drivers/V1R2M2/ppc64/comm/lib64 -L/bgsys/drivers/V1R2M2/ppc64/spi/lib -L/bgsys/drivers/V1R2M2/ppc64/comm/sys/lib -L/soft/compilers/ibmcmp-feb2015/xlsmp/bg/3.1/bglib64 -L/soft/compilers/ibmcmp-feb2015/xlmass/bg/7.3/bglib64 -L/soft/compilers/ibmcmp-feb2015/vac/bg/12.1/bglib64 -L/soft/compilers/ibmcmp-feb2015/vacpp/bg/12.1/bglib64 -L/bgsys/drivers/toolchain/V1R2M2_base-efix014/gnu-linux/lib/gcc/powerpc64-bgq-linux/4.4.7 -L/bgsys/drivers/toolchain/V1R2M2_base-efix014/gnu-linux/lib/gcc -L/bgsys/drivers/toolchain/V1R2M2_base-efix014/gnu-linux/powerpc64-bgq-linux/lib -L/soft/compilers/ibmcmp-feb2015/xlf/bg/14.1/bglib64 -Wl,-rpath,/soft/compilers/ibmcmp-feb2015/lib64/bg/bglib64 -lmpichf77-xl -lxlf90_r -lxlomp_ser -lxlfmath -lm -lmpichcxx-xl -libmc++ -L/bgsys/drivers/V1R2M2/ppc64/comm/lib -L/bgsys/drivers/V1R2M2/ppc64/comm/lib -L/bgsys/drivers/V1R2M2/ppc64/comm/lib64 -L/bgsys/drivers/V1R2M2/ppc64/comm/lib -L/bgsys/drivers/V1R2M2/ppc64/spi/lib -L/bgsys/drivers/V1R2M2/ppc64/comm/sys/lib -L/bgsys/drivers/V1R2M2/ppc64/spi/lib -L/bgsys/drivers/V1R2M2/ppc64/comm/sys/lib -L/bgsys/drivers/V1R2M2/ppc64/comm/lib64 -L/bgsys/drivers/V1R2M2/ppc64/comm/lib -L/bgsys/drivers/V1R2M2/ppc64/spi/lib -L/bgsys/drivers/V1R2M2/ppc64/comm/lib -L/soft/compilers/ibmcmp-feb2015/xlsmp/bg/3.1/bglib64 -L/soft/compilers/ibmcmp-feb2015/xlmass/bg/7.3/bglib64 -L/soft/compilers/ibmcmp-feb2015/vac/bg/12.1/bglib64 -L/soft/compilers/ibmcmp-feb2015/vacpp/bg/12.1/bglib64 -Wl,-rpath,/soft/compilers/ibmcmp-feb2015/lib64/bg/bglib64 -L/bgsys/drivers/toolchain/V1R2M2_base-efix014/gnu-linux/lib/gcc/powerpc64-bgq-linux/4.4.7 -L/bgsys/drivers/toolchain/V1R2M2_base-efix014/gnu-linux/lib/gcc -L/bgsys/drivers/toolchain/V1R2M2_base-efix014/gnu-linux/powerpc64-bgq-linux/lib -L/bgsys/drivers/toolchain/V1R2M2_base-efix014/gnu-linux/lib/gcc/powerpc64-bgq-linux/4.4.7 -L/bgsys/drivers/toolchain/V1R2M2_base-efix014/gnu-linux/lib/gcc -L/bgsys/drivers/toolchain/V1R2M2_base-efix014/gnu-linux/powerpc64-bgq-linux/lib -ldl -lmpich-xl -lopa-xl -lmpl-xl -lpami-gcc -lSPI -lSPI_cnk -lrt -lpthread -lstdc++ -lxlopt -lxl -lnss_files -lnss_dns -lresolv -lgcc_eh -ldl  
-----------------------------------------

