Adding .update.log
Adding AC_mobility_derivative_coupled_test_10_1_1.90197667.log
Adding AC_mobility_derivative_coupled_test_10_2_1.91068410.log
Adding AC_mobility_derivative_coupled_test_10_3_1.91068410.log
Adding AC_mobility_derivative_coupled_test_10_4_1.91068410.log
Adding AC_mobility_derivative_coupled_test_10_5_1.91068410.log
Adding AC_mobility_derivative_coupled_test_2_4_1.59072884.log
Adding AC_mobility_derivative_coupled_test_2_4_1.91068410.log
Adding AC_mobility_derivative_coupled_test_2_5_1.91068410.log
Adding AC_mobility_derivative_coupled_test_3_3_1.90197667.log
Adding AC_mobility_derivative_coupled_test_5_4_1.91068410.log
Adding AC_mobility_derivative_test_10_3_1.91068410.log
Adding AC_mobility_derivative_test_10_9_1.91068410.log
Adding AC_mobility_derivative_test_11_5_1.91068410.log
Adding AC_mobility_derivative_test_12_10_1.91068410.log
Adding AC_mobility_derivative_test_12_9_1.91068410.log
Adding AC_mobility_derivative_test_13_4_1.91068410.log
Adding AC_mobility_derivative_test_13_5_1.91068410.log
Adding AC_mobility_derivative_test_14_4_1.59072884.log
Adding AC_mobility_derivative_test_14_8_1.91068410.log
Adding AC_mobility_derivative_test_15_4_1.90197667.log
Adding AC_mobility_derivative_test_15_4_1.91068410.log
Adding AC_mobility_derivative_test_16_6_1.91068410.log
Adding AC_mobility_derivative_test_17_7_1.59072884.log
Adding AC_mobility_derivative_test_17_7_1.91068410.log
Adding AC_mobility_derivative_test_18_5_1.91068410.log
Adding AC_mobility_derivative_test_19_6_1.91068410.log
Adding AC_mobility_derivative_test_1_10_1.91068410.log
Adding AC_mobility_derivative_test_1_1_1.91068410.log
Adding AC_mobility_derivative_test_20_2_1.91068410.log
Adding AC_mobility_derivative_test_2_10_1.90197667.log
Adding AC_mobility_derivative_test_3_3_1.91068410.log
Adding AC_mobility_derivative_test_3_5_1.90197667.log
Adding AC_mobility_derivative_test_4_9_1.59072884.log
Adding AC_mobility_derivative_test_5_3_1.91068410.log
Adding AC_mobility_derivative_test_5_7_1.91068410.log
Adding AC_mobility_derivative_test_5_8_1.59072884.log
Adding AC_mobility_derivative_test_5_8_1.91068410.log
Adding AC_mobility_derivative_test_6_7_1.59072884.log
Adding AC_mobility_derivative_test_6_8_1.91068410.log
Adding AC_mobility_derivative_test_7_9_1.91068410.log
Adding AC_mobility_derivative_test_8_7_1.91068410.log
Adding AC_mobility_derivative_test_8_8_1.59072884.log
Adding AC_mobility_derivative_test_9_6_1.91068410.log
Adding TotalFreeEnergy_test_3_3_1.59072884.log
Adding direct_16_10_1.91068410.log
Adding direct_17_4_1.91068410.log
Adding direct_25_3_1.91068410.log
Adding direct_28_3_1.91068410.log
Adding direct_29_3_1.91068410.log
Adding direct_2_1_1.91068410.log
Adding direct_36_11_1.91068410.log
Adding direct_48_10_1.59072884.log
Adding direct_60_2_1.59072884.log
Adding direct_60_2_1.91068410.log
Adding direct_9_1_1.91068410.log
Adding direct_order4_test_15_8_1.91068410.log
Adding direct_order4_test_18_6_1.91068410.log
Adding direct_order4_test_1_2_1.91068410.log
Adding direct_order4_test_24_7_1.91068410.log
Adding direct_order4_test_25_6_1.59072884.log
Adding direct_order4_test_25_6_1.91068410.log
Adding direct_order4_test_26_2_1.91068410.log
Adding direct_order4_test_27_1_1.90197667.log
Adding direct_order4_test_27_6_1.91068410.log
Adding direct_order4_test_27_9_1.91068410.log
Adding direct_order4_test_29_10_1.91068410.log
Adding direct_order4_test_30_9_1.91068410.log
Adding direct_order4_test_34_8_1.91068410.log
Adding direct_order4_test_38_10_1.90197667.log
Adding direct_order4_test_3_11_1.59072884.log
Adding direct_order4_test_3_11_1.91068410.log
Adding direct_order4_test_40_6_1.91068410.log
Adding direct_order4_test_40_7_1.91068410.log
Adding direct_order4_test_40_8_1.91068410.log
Adding direct_order4_test_42_6_1.91068410.log
Adding direct_order4_test_44_3_1.91068410.log
Adding direct_order4_test_45_7_1.91068410.log
Adding direct_order4_test_49_3_1.90197667.log
Adding direct_order4_test_50_2_1.91068410.log
Adding direct_order4_test_54_8_1.59072884.log
Adding direct_order4_test_54_8_1.91068410.log
Adding direct_order4_test_55_7_1.91068410.log
Adding direct_order4_test_56_8_1.91068410.log
Adding direct_order4_test_57_6_1.91068410.log
Adding direct_order4_test_63_9_1.91068410.log
Adding direct_order4_test_66_9_1.91068410.log
Adding direct_order4_test_67_3_1.59072884.log
Adding direct_order4_test_67_3_1.91068410.log
Adding direct_order4_test_68_10_1.90197667.log
Adding direct_order4_test_68_10_1.91068410.log
Adding direct_order4_test_72_2_1.59072884.log
Adding direct_order4_test_73_1_1.91068410.log
Adding direct_order4_test_77_10_1.91068410.log
Adding direct_order4_test_77_3_1.91068410.log
Adding direct_order4_test_78_6_1.59072884.log
Adding direct_order4_test_78_6_1.91068410.log
Adding direct_order4_test_79_3_1.90197667.log
Adding direct_order4_test_79_3_1.91068410.log
Adding direct_order4_test_7_10_1.91068410.log
Adding direct_order4_test_7_2_1.90197667.log
Adding direct_order4_test_7_2_1.91068410.log
Adding direct_order4_test_7_4_1.59072884.log
Adding direct_order4_test_7_4_1.91068410.log
Adding direct_order4_test_81_9_1.59072884.log
Adding direct_order4_test_84_8_1.90197667.log
Adding direct_order4_test_84_8_1.91068410.log
Adding direct_order4_test_86_2_1.90197667.log
Adding direct_order4_test_86_2_1.91068410.log
Adding direct_order4_test_86_3_1.91068410.log
Adding direct_order4_test_88_8_1.90197667.log
Adding direct_order4_test_8_1_1.91068410.log
Adding direct_order4_test_91_3_1.91068410.log
Adding direct_order4_test_91_6_1.91068410.log
Adding direct_order4_test_95_8_1.59072884.log
Adding direct_order4_test_97_5_1.91068410.log
Adding direct_order6_test_100_1_1.91068410.log
Adding direct_order6_test_12_9_1.91068410.log
Adding direct_order6_test_16_5_1.91068410.log
Adding direct_order6_test_18_10_1.59072884.log
Adding direct_order6_test_20_1_1.59072884.log
Adding direct_order6_test_20_1_1.91068410.log
Adding direct_order6_test_20_9_1.91068410.log
Adding direct_order6_test_21_11_1.91068410.log
Adding direct_order6_test_24_10_1.91068410.log
Adding direct_order6_test_24_11_1.91068410.log
Adding direct_order6_test_27_3_1.59072884.log
Adding direct_order6_test_2_15_1.91068410.log
Adding direct_order6_test_2_9_1.91068410.log
Adding direct_order6_test_30_8_1.91068410.log
Adding direct_order6_test_31_7_1.59072884.log
Adding direct_order6_test_31_7_1.91068410.log
Adding direct_order6_test_34_2_1.91068410.log
Adding direct_order6_test_35_11_1.91068410.log
Adding direct_order6_test_40_2_1.91068410.log
Adding direct_order6_test_40_8_1.90197667.log
Adding direct_order6_test_40_8_1.91068410.log
Adding direct_order6_test_47_3_1.91068410.log
Adding direct_order6_test_50_10_1.91068410.log
Adding direct_order6_test_52_2_1.90197667.log
Adding direct_order6_test_54_10_1.91068410.log
Adding direct_order6_test_54_1_1.91068410.log
Adding direct_order6_test_61_4_1.91068410.log
Adding direct_order6_test_61_6_1.91068410.log
Adding direct_order6_test_66_1_1.91068410.log
Adding direct_order6_test_66_7_1.91068410.log
Adding direct_order6_test_67_4_1.91068410.log
Adding direct_order6_test_67_5_1.59072884.log
Adding direct_order6_test_68_3_1.91068410.log
Adding direct_order6_test_6_2_1.90197667.log
Adding direct_order6_test_6_2_1.91068410.log
Adding direct_order6_test_72_1_1.90197667.log
Adding direct_order6_test_73_2_1.91068410.log
Adding direct_order6_test_77_9_1.91068410.log
Adding direct_order6_test_78_4_1.91068410.log
Adding direct_order6_test_79_8_1.91068410.log
Adding direct_order6_test_7_12_1.91068410.log
Adding direct_order6_test_82_4_1.59072884.log
Adding direct_order6_test_82_7_1.90197667.log
Adding direct_order6_test_82_7_1.91068410.log
Adding direct_order6_test_85_6_1.91068410.log
Adding direct_order6_test_86_6_1.91068410.log
Adding direct_order6_test_92_4_1.90197667.log
Adding direct_order6_test_92_4_1.91068410.log
Adding direct_order6_test_94_11_1.91068410.log
Adding direct_order6_test_96_9_1.91068410.log
Adding direct_order6_test_97_5_1.59072884.log
Adding direct_order6_test_97_5_1.91068410.log
Adding direct_order6_test_97_9_1.90197667.log
Adding direct_order6_test_9_14_1.91068410.log
Adding direct_order8_test_10_2_1.91068410.log
Adding direct_order8_test_11_17_1.59072884.log
Adding direct_order8_test_14_3_1.91068410.log
Adding direct_order8_test_14_6_1.91068410.log
Adding direct_order8_test_18_10_1.90197667.log
Adding direct_order8_test_18_12_1.90197667.log
Adding direct_order8_test_18_12_1.91068410.log
Adding direct_order8_test_21_3_1.91068410.log
Adding direct_order8_test_24_11_1.91068410.log
Adding direct_order8_test_29_12_1.91068410.log
Adding direct_order8_test_29_6_1.90197667.log
Adding direct_order8_test_29_6_1.91068410.log
Adding direct_order8_test_30_7_1.91068410.log
Adding direct_order8_test_31_9_1.91068410.log
Adding direct_order8_test_33_4_1.91068410.log
Adding direct_order8_test_35_10_1.91068410.log
Adding direct_order8_test_39_1_1.91068410.log
Adding direct_order8_test_39_3_1.90197667.log
Adding direct_order8_test_39_3_1.91068410.log
Adding direct_order8_test_40_9_1.90197667.log
Adding direct_order8_test_44_4_1.91068410.log
Adding direct_order8_test_47_1_1.90197667.log
Adding direct_order8_test_47_9_1.91068410.log
Adding direct_order8_test_48_10_1.59072884.log
Adding direct_order8_test_48_10_1.91068410.log
Adding direct_order8_test_51_1_1.90197667.log
Adding direct_order8_test_54_10_1.91068410.log
Adding direct_order8_test_56_6_1.90197667.log
Adding direct_order8_test_56_6_1.91068410.log
Adding direct_order8_test_57_2_1.90197667.log
Adding direct_order8_test_58_2_1.91068410.log
Adding direct_order8_test_59_10_1.91068410.log
Adding direct_order8_test_5_3_1.91068410.log
Adding direct_order8_test_5_5_1.91068410.log
Adding direct_order8_test_60_9_1.91068410.log
Adding direct_order8_test_63_3_1.91068410.log
Adding direct_order8_test_63_4_1.59072884.log
Adding direct_order8_test_63_4_1.91068410.log
Adding direct_order8_test_6_1_1.90197667.log
Adding direct_order8_test_6_1_1.91068410.log
Adding direct_order8_test_74_5_1.91068410.log
Adding direct_order8_test_76_9_1.59072884.log
Adding direct_order8_test_76_9_1.91068410.log
Adding direct_order8_test_77_6_1.91068410.log
Adding direct_order8_test_78_8_1.90197667.log
Adding direct_order8_test_78_8_1.91068410.log
Adding direct_order8_test_81_2_1.90197667.log
Adding direct_order8_test_81_2_1.91068410.log
Adding direct_order8_test_82_7_1.59072884.log
Adding direct_order8_test_82_7_1.91068410.log
Adding direct_order8_test_83_1_1.91068410.log
Adding direct_order8_test_87_5_1.90197667.log
Adding direct_order8_test_87_5_1.91068410.log
Adding direct_order8_test_8_13_1.90197667.log
Adding direct_order8_test_8_6_1.91068410.log
Adding direct_order8_test_90_11_1.90197667.log
Adding direct_order8_test_90_11_1.91068410.log
Adding direct_order8_test_91_11_1.91068410.log
Adding direct_order8_test_93_6_1.91068410.log
Adding direct_order8_test_9_10_1.91068410.log
Adding kobayashi_2_7_1.91068410.log
Adding kobayashi_7_20_1.91068410.log
Adding langmuir_desorption_1_1_1.90197667.log
Adding langmuir_desorption_97_1_1.90197667.log
Adding langmuir_desorption_97_1_1.91068410.log
Adding material_3_1_1.90197667.log
Adding material_3_1_1.91068410.log
Adding material_4_1_1.59072884.log
Adding material_4_1_1.91068410.log
Adding material_6_1_1.91068410.log
Adding material_7_1_1.91068410.log
Adding material_8_1_1.91068410.log
Adding mollified_langmuir_desorption_148_1_1.91068410.log
Adding split_order4_test_37_1_1.90197667.log
Adding split_order8_test_2_1_1.90197667.log
Adding split_order8_test_8_3_1.90197667.log
