Hash: 85490472
chebyshev | ilu | reason=2 | time=5.312014e-02 | norm=8.21099e-06 | its=21
KSP Object: 1 MPI processes
  type: chebyshev
    Chebyshev: eigenvalue estimates:  min = 0.313862, max = 3.45249
    Chebyshev: estimated using:  [0 0.1; 0 1.1]
    KSP Object:    (est_)     1 MPI processes
      type: gmres
        GMRES: restart=30, using Classical (unmodified) Gram-Schmidt Orthogonalization with no iterative refinement
        GMRES: happy breakdown tolerance 1e-30
      maximum iterations=10, initial guess is zero
      tolerances:  relative=1e-05, absolute=1e-50, divergence=10000
      left preconditioning
      using NONE norm type for convergence test
    PC Object:     1 MPI processes
      type: ilu
        ILU: out-of-place factorization
        0 levels of fill
        tolerance for zero pivot 2.22045e-14
        using diagonal shift on blocks to prevent zero pivot [INBLOCKS]
        matrix ordering: natural
        factor fill ratio given 1, needed 1
          Factored matrix follows:
            Mat Object:             1 MPI processes
              type: seqaij
              rows=20002, cols=20002
              package used to perform factorization: petsc
              total: nonzeros=120004, allocated nonzeros=120004
              total number of mallocs used during MatSetValues calls =0
                using I-node routines: found 10001 nodes, limit used is 5
      linear system matrix = precond matrix:
      Mat Object:       1 MPI processes
        type: seqaij
        rows=20002, cols=20002
        total: nonzeros=120004, allocated nonzeros=120004
        total number of mallocs used during MatSetValues calls =0
          using I-node routines: found 10001 nodes, limit used is 5
  maximum iterations=10000, initial guess is zero
  tolerances:  relative=1e-05, absolute=1e-50, divergence=10000
  left preconditioning
  using PRECONDITIONED norm type for convergence test
PC Object: 1 MPI processes
  type: ilu
    ILU: out-of-place factorization
    0 levels of fill
    tolerance for zero pivot 2.22045e-14
    using diagonal shift on blocks to prevent zero pivot [INBLOCKS]
    matrix ordering: natural
    factor fill ratio given 1, needed 1
      Factored matrix follows:
        Mat Object:         1 MPI processes
          type: seqaij
          rows=20002, cols=20002
          package used to perform factorization: petsc
          total: nonzeros=120004, allocated nonzeros=120004
          total number of mallocs used during MatSetValues calls =0
            using I-node routines: found 10001 nodes, limit used is 5
  linear system matrix = precond matrix:
  Mat Object:   1 MPI processes
    type: seqaij
    rows=20002, cols=20002
    total: nonzeros=120004, allocated nonzeros=120004
    total number of mallocs used during MatSetValues calls =0
      using I-node routines: found 10001 nodes, limit used is 5
PC Object: 1 MPI processes
  type: ilu
    ILU: out-of-place factorization
    0 levels of fill
    tolerance for zero pivot 2.22045e-14
    using diagonal shift on blocks to prevent zero pivot [INBLOCKS]
    matrix ordering: natural
    factor fill ratio given 1, needed 1
      Factored matrix follows:
        Mat Object:         1 MPI processes
          type: seqaij
          rows=20002, cols=20002
          package used to perform factorization: petsc
          total: nonzeros=120004, allocated nonzeros=120004
          total number of mallocs used during MatSetValues calls =0
            using I-node routines: found 10001 nodes, limit used is 5
  linear system matrix = precond matrix:
  Mat Object:   1 MPI processes
    type: seqaij
    rows=20002, cols=20002
    total: nonzeros=120004, allocated nonzeros=120004
    total number of mallocs used during MatSetValues calls =0
      using I-node routines: found 10001 nodes, limit used is 5
************************************************************************************************************************
***             WIDEN YOUR WINDOW TO 120 CHARACTERS.  Use 'enscript -r -fCourier9' to print this document            ***
************************************************************************************************************************

---------------------------------------------- PETSc Performance Summary: ----------------------------------------------

/home11/bnorris2/research/lighthouse/sandbox/petsc/new/solvers-aciss on a arch-linux2-c-mpich3.1-gcc4.9 named cn175 with 1 processor, by bnorris2 Mon Apr  4 12:11:53 2016
Using Petsc Release Version 3.5.3, Jan, 31, 2015 

                         Max       Max/Min        Avg      Total 
Time (sec):           7.255e-02      1.00000   7.255e-02
Objects:              3.600e+01      1.00000   3.600e+01
Flops:                2.351e+07      1.00000   2.351e+07  2.351e+07
Flops/sec:            3.241e+08      1.00000   3.241e+08  3.241e+08
Memory:               7.581e+06      1.00000              7.581e+06
MPI Messages:         0.000e+00      0.00000   0.000e+00  0.000e+00
MPI Message Lengths:  0.000e+00      0.00000   0.000e+00  0.000e+00
MPI Reductions:       0.000e+00      0.00000

Flop counting convention: 1 flop = 1 real number operation of type (multiply/divide/add/subtract)
                            e.g., VecAXPY() for real vectors of length N --> 2N flops
                            and VecAXPY() for complex vectors of length N --> 8N flops

Summary of Stages:   ----- Time ------  ----- Flops -----  --- Messages ---  -- Message Lengths --  -- Reductions --
                        Avg     %Total     Avg     %Total   counts   %Total     Avg         %Total   counts   %Total 
 0:      Main Stage: 7.2534e-02 100.0%  2.3511e+07 100.0%  0.000e+00   0.0%  0.000e+00        0.0%  0.000e+00   0.0% 

------------------------------------------------------------------------------------------------------------------------
See the 'Profiling' chapter of the users' manual for details on interpreting output.
Phase summary info:
   Count: number of times phase was executed
   Time and Flops: Max - maximum over all processors
                   Ratio - ratio of maximum to minimum over all processors
   Mess: number of messages sent
   Avg. len: average message length (bytes)
   Reduct: number of global reductions
   Global: entire computation
   Stage: stages of a computation. Set stages with PetscLogStagePush() and PetscLogStagePop().
      %T - percent time in this phase         %F - percent flops in this phase
      %M - percent messages in this phase     %L - percent message lengths in this phase
      %R - percent reductions in this phase
   Total Mflop/s: 10e-6 * (sum of flops over all processors)/(max time over all processors)
------------------------------------------------------------------------------------------------------------------------


      ##########################################################
      #                                                        #
      #                          WARNING!!!                    #
      #                                                        #
      #   This code was compiled with a debugging option,      #
      #   To get timing results run ./configure                #
      #   using --with-debugging=no, the performance will      #
      #   be generally two or three times faster.              #
      #                                                        #
      ##########################################################


Event                Count      Time (sec)     Flops                             --- Global ---  --- Stage ---   Total
                   Max Ratio  Max     Ratio   Max  Ratio  Mess   Avg len Reduct  %T %F %M %L %R  %T %F %M %L %R Mflop/s
------------------------------------------------------------------------------------------------------------------------

--- Event Stage 0: Main Stage

ThreadCommRunKer       1 1.0 4.0531e-06 1.0 0.00e+00 0.0 0.0e+00 0.0e+00 0.0e+00  0  0  0  0  0   0  0  0  0  0     0
ThreadCommBarrie       1 1.0 2.1458e-06 1.0 0.00e+00 0.0 0.0e+00 0.0e+00 0.0e+00  0  0  0  0  0   0  0  0  0  0     0
MatMult               32 1.0 6.0573e-03 1.0 7.04e+06 1.0 0.0e+00 0.0e+00 0.0e+00  8 30  0  0  0   8 30  0  0  0  1162
MatSolve              33 1.0 1.1714e-02 1.0 7.26e+06 1.0 0.0e+00 0.0e+00 0.0e+00 16 31  0  0  0  16 31  0  0  0   620
MatLUFactorNum         1 1.0 3.0029e-03 1.0 3.30e+05 1.0 0.0e+00 0.0e+00 0.0e+00  4  1  0  0  0   4  1  0  0  0   110
MatILUFactorSym        1 1.0 3.2420e-03 1.0 0.00e+00 0.0 0.0e+00 0.0e+00 0.0e+00  4  0  0  0  0   4  0  0  0  0     0
MatAssemblyBegin       1 1.0 1.9073e-06 1.0 0.00e+00 0.0 0.0e+00 0.0e+00 0.0e+00  0  0  0  0  0   0  0  0  0  0     0
MatAssemblyEnd         1 1.0 1.1692e-03 1.0 0.00e+00 0.0 0.0e+00 0.0e+00 0.0e+00  2  0  0  0  0   2  0  0  0  0     0
MatGetRowIJ            1 1.0 3.0994e-06 1.0 0.00e+00 0.0 0.0e+00 0.0e+00 0.0e+00  0  0  0  0  0   0  0  0  0  0     0
MatGetOrdering         1 1.0 2.6150e-03 1.0 0.00e+00 0.0 0.0e+00 0.0e+00 0.0e+00  4  0  0  0  0   4  0  0  0  0     0
MatLoad                1 1.0 2.8679e-03 1.0 0.00e+00 0.0 0.0e+00 0.0e+00 0.0e+00  4  0  0  0  0   4  0  0  0  0     0
MatView               10 1.0 2.2883e-03 1.0 0.00e+00 0.0 0.0e+00 0.0e+00 0.0e+00  3  0  0  0  0   3  0  0  0  0     0
VecMDot               10 1.0 6.7902e-04 1.0 2.20e+06 1.0 0.0e+00 0.0e+00 0.0e+00  1  9  0  0  0   1  9  0  0  0  3240
VecNorm               33 1.0 7.8440e-04 1.0 1.32e+06 1.0 0.0e+00 0.0e+00 0.0e+00  1  6  0  0  0   1  6  0  0  0  1683
VecScale              11 1.0 3.5644e-04 1.0 2.20e+05 1.0 0.0e+00 0.0e+00 0.0e+00  0  1  0  0  0   0  1  0  0  0   617
VecCopy                2 1.0 4.6015e-05 1.0 0.00e+00 0.0 0.0e+00 0.0e+00 0.0e+00  0  0  0  0  0   0  0  0  0  0     0
VecSet                27 1.0 1.2519e-03 1.0 0.00e+00 0.0 0.0e+00 0.0e+00 0.0e+00  2  0  0  0  0   2  0  0  0  0     0
VecAXPY                2 1.0 8.7976e-05 1.0 8.00e+04 1.0 0.0e+00 0.0e+00 0.0e+00  0  0  0  0  0   0  0  0  0  0   909
VecAYPX               22 1.0 4.3726e-04 1.0 4.60e+05 1.0 0.0e+00 0.0e+00 0.0e+00  1  2  0  0  0   1  2  0  0  0  1052
VecAXPBYCZ            20 1.0 5.7340e-04 1.0 2.00e+06 1.0 0.0e+00 0.0e+00 0.0e+00  1  9  0  0  0   1  9  0  0  0  3488
VecMAXPY              11 1.0 6.9356e-04 1.0 2.60e+06 1.0 0.0e+00 0.0e+00 0.0e+00  1 11  0  0  0   1 11  0  0  0  3749
VecNormalize          11 1.0 6.9404e-04 1.0 6.60e+05 1.0 0.0e+00 0.0e+00 0.0e+00  1  3  0  0  0   1  3  0  0  0   951
KSPGMRESOrthog        10 1.0 1.3926e-03 1.0 4.40e+06 1.0 0.0e+00 0.0e+00 0.0e+00  2 19  0  0  0   2 19  0  0  0  3160
KSPSetUp               2 1.0 9.1910e-04 1.0 0.00e+00 0.0 0.0e+00 0.0e+00 0.0e+00  1  0  0  0  0   1  0  0  0  0     0
KSPSolve               1 1.0 5.1751e-02 1.0 2.29e+07 1.0 0.0e+00 0.0e+00 0.0e+00 71 97  0  0  0  71 97  0  0  0   442
PCSetUp                1 1.0 8.9860e-03 1.0 3.30e+05 1.0 0.0e+00 0.0e+00 0.0e+00 12  1  0  0  0  12  1  0  0  0    37
PCApply               33 1.0 1.1897e-02 1.0 7.26e+06 1.0 0.0e+00 0.0e+00 0.0e+00 16 31  0  0  0  16 31  0  0  0   610
------------------------------------------------------------------------------------------------------------------------

Memory usage is given in bytes:

Object Type          Creations   Destructions     Memory  Descendants' Mem.
Reports information only for process 0.

--- Event Stage 0: Main Stage

              Viewer     3              1          752     0
              Matrix     2              0            0     0
              Vector    22              1       161520     0
       Krylov Solver     2              0            0     0
      Preconditioner     2              0            0     0
           Index Set     5              2        41572     0
========================================================================================================================
Average time to get PetscTime(): 9.53674e-08
#PETSc Option Table entries:
-f /home11/bnorris2/UFloridaSparseMat/moose/direct_41_7_1.mat
-hash 85490472
-ksp_converged_reason
-ksp_error_if_not_converged 1
-ksp_type chebyshev
-ksp_view
-log_summary
-logfile /home11/bnorris2/UFloridaSparseMat/timing-moose-aciss/direct_41_7_1.85490472.log
-matload_block_size 1
-options_left
-pc_factor_levels 0
-pc_type ilu
#End of PETSc Option Table entries
Compiled without FORTRAN kernels
Compiled with full precision matrices (default)
sizeof(short) 2 sizeof(int) 4 sizeof(long) 8 sizeof(void*) 8 sizeof(PetscScalar) 8 sizeof(PetscInt) 4
Configure options: --download-hypre=yes --COPTFLAGS="-g -O3" --FOPTFLAGS="-g -O3" --FFLAGS="-g -O3" --CFLAGS="-g -O3" --download-superlu=yes
-----------------------------------------
Libraries compiled on Fri Nov 27 17:45:54 2015 on cn164 
Machine characteristics: Linux-2.6.32-358.23.2.el6.x86_64-x86_64-with-redhat-6.6-Santiago
Using PETSc directory: /home11/bnorris2/petsc/petsc-3.5.3
Using PETSc arch: arch-linux2-c-mpich3.1-gcc4.9
-----------------------------------------

Using C compiler: mpicc -g -O3 -fPIC -g -O3  ${COPTFLAGS} ${CFLAGS}
Using Fortran compiler: mpif90 -g -O3 -fPIC -g -O3   ${FOPTFLAGS} ${FFLAGS} 
-----------------------------------------

Using include paths: -I/home11/bnorris2/petsc/petsc-3.5.3/arch-linux2-c-mpich3.1-gcc4.9/include -I/home11/bnorris2/petsc/petsc-3.5.3/include -I/home11/bnorris2/petsc/petsc-3.5.3/include -I/home11/bnorris2/petsc/petsc-3.5.3/arch-linux2-c-mpich3.1-gcc4.9/include -I/ibrix/users/home11/bnorris2/petsc/petsc-3.5.3/arch-linux2-c-mpich3.1-gcc4.9/include -I/packages/mpich2/3.1.4_gcc-4.9.2/include
-----------------------------------------

Using C linker: mpicc
Using Fortran linker: mpif90
Using libraries: -Wl,-rpath,/home11/bnorris2/petsc/petsc-3.5.3/arch-linux2-c-mpich3.1-gcc4.9/lib -L/home11/bnorris2/petsc/petsc-3.5.3/arch-linux2-c-mpich3.1-gcc4.9/lib -lpetsc -Wl,-rpath,/ibrix/users/home11/bnorris2/petsc/petsc-3.5.3/arch-linux2-c-mpich3.1-gcc4.9/lib -L/ibrix/users/home11/bnorris2/petsc/petsc-3.5.3/arch-linux2-c-mpich3.1-gcc4.9/lib -lsuperlu_4.3 -lHYPRE -Wl,-rpath,/packages/mpich2/3.1.4_gcc-4.9.2/lib -L/packages/mpich2/3.1.4_gcc-4.9.2/lib -Wl,-rpath,/ibrix/packages/gcc/4.9.3/lib/gcc/x86_64-unknown-linux-gnu/4.9.3 -L/ibrix/packages/gcc/4.9.3/lib/gcc/x86_64-unknown-linux-gnu/4.9.3 -Wl,-rpath,/ibrix/packages/gcc/4.9.3/lib/gcc -L/ibrix/packages/gcc/4.9.3/lib/gcc -Wl,-rpath,/ibrix/packages/gcc/4.9.3/lib64 -L/ibrix/packages/gcc/4.9.3/lib64 -Wl,-rpath,/ibrix/packages/gcc/4.9.3/lib -L/ibrix/packages/gcc/4.9.3/lib -lmpicxx -lstdc++ -llapack -lblas -lX11 -lssl -lcrypto -lpthread -lmpifort -lgfortran -lm -lgfortran -lm -lquadmath -lm -lmpicxx -lstdc++ -Wl,-rpath,/packages/mpich2/3.1.4_gcc-4.9.2/lib -L/packages/mpich2/3.1.4_gcc-4.9.2/lib -Wl,-rpath,/ibrix/packages/gcc/4.9.3/lib/gcc/x86_64-unknown-linux-gnu/4.9.3 -L/ibrix/packages/gcc/4.9.3/lib/gcc/x86_64-unknown-linux-gnu/4.9.3 -Wl,-rpath,/ibrix/packages/gcc/4.9.3/lib/gcc -L/ibrix/packages/gcc/4.9.3/lib/gcc -Wl,-rpath,/ibrix/packages/gcc/4.9.3/lib64 -L/ibrix/packages/gcc/4.9.3/lib64 -Wl,-rpath,/ibrix/packages/gcc/4.9.3/lib -L/ibrix/packages/gcc/4.9.3/lib -ldl -Wl,-rpath,/packages/mpich2/3.1.4_gcc-4.9.2/lib -lmpi -lgcc_s -ldl  
-----------------------------------------

