Hash: 88865077
fgmres | ilu | reason=2 | time=3.782988e-03 | norm=0.000176577 | its=1
KSP Object: 1 MPI processes
  type: fgmres
    GMRES: restart=30, using Classical (unmodified) Gram-Schmidt Orthogonalization with no iterative refinement
    GMRES: happy breakdown tolerance 1e-30
  maximum iterations=10000, initial guess is zero
  tolerances:  relative=1e-05, absolute=1e-50, divergence=10000
  right preconditioning
  using UNPRECONDITIONED norm type for convergence test
PC Object: 1 MPI processes
  type: ilu
    ILU: out-of-place factorization
    3 levels of fill
    tolerance for zero pivot 2.22045e-14
    using diagonal shift on blocks to prevent zero pivot [INBLOCKS]
    matrix ordering: natural
    factor fill ratio given 1, needed 2.30363
      Factored matrix follows:
        Mat Object:         1 MPI processes
          type: seqaij
          rows=20164, cols=20164
          package used to perform factorization: petsc
          total: nonzeros=412184, allocated nonzeros=412184
          total number of mallocs used during MatSetValues calls =0
            not using I-node routines
  linear system matrix = precond matrix:
  Mat Object:   1 MPI processes
    type: seqaij
    rows=20164, cols=20164
    total: nonzeros=178928, allocated nonzeros=178928
    total number of mallocs used during MatSetValues calls =0
      not using I-node routines
PC Object: 1 MPI processes
  type: ilu
    ILU: out-of-place factorization
    3 levels of fill
    tolerance for zero pivot 2.22045e-14
    using diagonal shift on blocks to prevent zero pivot [INBLOCKS]
    matrix ordering: natural
    factor fill ratio given 1, needed 2.30363
      Factored matrix follows:
        Mat Object:         1 MPI processes
          type: seqaij
          rows=20164, cols=20164
          package used to perform factorization: petsc
          total: nonzeros=412184, allocated nonzeros=412184
          total number of mallocs used during MatSetValues calls =0
            not using I-node routines
  linear system matrix = precond matrix:
  Mat Object:   1 MPI processes
    type: seqaij
    rows=20164, cols=20164
    total: nonzeros=178928, allocated nonzeros=178928
    total number of mallocs used during MatSetValues calls =0
      not using I-node routines
************************************************************************************************************************
***             WIDEN YOUR WINDOW TO 120 CHARACTERS.  Use 'enscript -r -fCourier9' to print this document            ***
************************************************************************************************************************

---------------------------------------------- PETSc Performance Summary: ----------------------------------------------

/home11/bnorris2/research/lighthouse/sandbox/petsc/new/solvers-aciss on a arch-linux2-c-mpich3.1-gcc4.9 named cn28 with 1 processor, by bnorris2 Mon Apr  4 16:12:44 2016
Using Petsc Release Version 3.5.3, Jan, 31, 2015 

                         Max       Max/Min        Avg      Total 
Time (sec):           4.699e-02      1.00000   4.699e-02
Objects:              2.500e+01      1.00000   2.500e+01
Flops:                5.870e+06      1.00000   5.870e+06  5.870e+06
Flops/sec:            1.249e+08      1.00000   1.249e+08  1.249e+08
Memory:               1.246e+07      1.00000              1.246e+07
MPI Messages:         0.000e+00      0.00000   0.000e+00  0.000e+00
MPI Message Lengths:  0.000e+00      0.00000   0.000e+00  0.000e+00
MPI Reductions:       0.000e+00      0.00000

Flop counting convention: 1 flop = 1 real number operation of type (multiply/divide/add/subtract)
                            e.g., VecAXPY() for real vectors of length N --> 2N flops
                            and VecAXPY() for complex vectors of length N --> 8N flops

Summary of Stages:   ----- Time ------  ----- Flops -----  --- Messages ---  -- Message Lengths --  -- Reductions --
                        Avg     %Total     Avg     %Total   counts   %Total     Avg         %Total   counts   %Total 
 0:      Main Stage: 4.6972e-02 100.0%  5.8697e+06 100.0%  0.000e+00   0.0%  0.000e+00        0.0%  0.000e+00   0.0% 

------------------------------------------------------------------------------------------------------------------------
See the 'Profiling' chapter of the users' manual for details on interpreting output.
Phase summary info:
   Count: number of times phase was executed
   Time and Flops: Max - maximum over all processors
                   Ratio - ratio of maximum to minimum over all processors
   Mess: number of messages sent
   Avg. len: average message length (bytes)
   Reduct: number of global reductions
   Global: entire computation
   Stage: stages of a computation. Set stages with PetscLogStagePush() and PetscLogStagePop().
      %T - percent time in this phase         %F - percent flops in this phase
      %M - percent messages in this phase     %L - percent message lengths in this phase
      %R - percent reductions in this phase
   Total Mflop/s: 10e-6 * (sum of flops over all processors)/(max time over all processors)
------------------------------------------------------------------------------------------------------------------------


      ##########################################################
      #                                                        #
      #                          WARNING!!!                    #
      #                                                        #
      #   This code was compiled with a debugging option,      #
      #   To get timing results run ./configure                #
      #   using --with-debugging=no, the performance will      #
      #   be generally two or three times faster.              #
      #                                                        #
      ##########################################################


Event                Count      Time (sec)     Flops                             --- Global ---  --- Stage ---   Total
                   Max Ratio  Max     Ratio   Max  Ratio  Mess   Avg len Reduct  %T %F %M %L %R  %T %F %M %L %R Mflop/s
------------------------------------------------------------------------------------------------------------------------

--- Event Stage 0: Main Stage

ThreadCommRunKer       1 1.0 2.8610e-06 1.0 0.00e+00 0.0 0.0e+00 0.0e+00 0.0e+00  0  0  0  0  0   0  0  0  0  0     0
ThreadCommBarrie       1 1.0 1.9073e-06 1.0 0.00e+00 0.0 0.0e+00 0.0e+00 0.0e+00  0  0  0  0  0   0  0  0  0  0     0
MatMult                2 1.0 5.4288e-04 1.0 6.75e+05 1.0 0.0e+00 0.0e+00 0.0e+00  1 12  0  0  0   1 12  0  0  0  1244
MatSolve               1 1.0 5.5695e-04 1.0 8.04e+05 1.0 0.0e+00 0.0e+00 0.0e+00  1 14  0  0  0   1 14  0  0  0  1444
MatLUFactorNum         1 1.0 1.1030e-02 1.0 4.07e+06 1.0 0.0e+00 0.0e+00 0.0e+00 23 69  0  0  0  23 69  0  0  0   369
MatILUFactorSym        1 1.0 1.9987e-02 1.0 0.00e+00 0.0 0.0e+00 0.0e+00 0.0e+00 43  0  0  0  0  43  0  0  0  0     0
MatAssemblyBegin       1 1.0 2.8610e-06 1.0 0.00e+00 0.0 0.0e+00 0.0e+00 0.0e+00  0  0  0  0  0   0  0  0  0  0     0
MatAssemblyEnd         1 1.0 1.0841e-03 1.0 0.00e+00 0.0 0.0e+00 0.0e+00 0.0e+00  2  0  0  0  0   2  0  0  0  0     0
MatGetRowIJ            1 1.0 2.8610e-06 1.0 0.00e+00 0.0 0.0e+00 0.0e+00 0.0e+00  0  0  0  0  0   0  0  0  0  0     0
MatGetOrdering         1 1.0 2.2380e-03 1.0 0.00e+00 0.0 0.0e+00 0.0e+00 0.0e+00  5  0  0  0  0   5  0  0  0  0     0
MatLoad                1 1.0 3.2949e-03 1.0 0.00e+00 0.0 0.0e+00 0.0e+00 0.0e+00  7  0  0  0  0   7  0  0  0  0     0
MatView                6 1.0 1.7378e-03 1.0 0.00e+00 0.0 0.0e+00 0.0e+00 0.0e+00  4  0  0  0  0   4  0  0  0  0     0
VecMDot                1 1.0 2.4796e-05 1.0 4.03e+04 1.0 0.0e+00 0.0e+00 0.0e+00  0  1  0  0  0   0  1  0  0  0  1626
VecNorm                2 1.0 5.2929e-05 1.0 8.07e+04 1.0 0.0e+00 0.0e+00 0.0e+00  0  1  0  0  0   0  1  0  0  0  1524
VecScale               2 1.0 9.5129e-05 1.0 4.03e+04 1.0 0.0e+00 0.0e+00 0.0e+00  0  1  0  0  0   0  1  0  0  0   424
VecCopy                1 1.0 3.6001e-05 1.0 0.00e+00 0.0 0.0e+00 0.0e+00 0.0e+00  0  0  0  0  0   0  0  0  0  0     0
VecSet                18 1.0 9.1004e-04 1.0 0.00e+00 0.0 0.0e+00 0.0e+00 0.0e+00  2  0  0  0  0   2  0  0  0  0     0
VecAXPY                2 1.0 8.3208e-05 1.0 8.07e+04 1.0 0.0e+00 0.0e+00 0.0e+00  0  1  0  0  0   0  1  0  0  0   969
VecMAXPY               2 1.0 4.6968e-05 1.0 8.07e+04 1.0 0.0e+00 0.0e+00 0.0e+00  0  1  0  0  0   0  1  0  0  0  1717
KSPGMRESOrthog         1 1.0 6.3181e-05 1.0 8.07e+04 1.0 0.0e+00 0.0e+00 0.0e+00  0  1  0  0  0   0  1  0  0  0  1277
KSPSetUp               1 1.0 1.0691e-03 1.0 0.00e+00 0.0 0.0e+00 0.0e+00 0.0e+00  2  0  0  0  0   2  0  0  0  0     0
KSPSolve               1 1.0 2.0549e-03 1.0 1.38e+06 1.0 0.0e+00 0.0e+00 0.0e+00  4 24  0  0  0   4 24  0  0  0   673
PCSetUp                1 1.0 3.3382e-02 1.0 4.07e+06 1.0 0.0e+00 0.0e+00 0.0e+00 71 69  0  0  0  71 69  0  0  0   122
PCApply                1 1.0 5.6601e-04 1.0 8.04e+05 1.0 0.0e+00 0.0e+00 0.0e+00  1 14  0  0  0   1 14  0  0  0  1421
------------------------------------------------------------------------------------------------------------------------

Memory usage is given in bytes:

Object Type          Creations   Destructions     Memory  Descendants' Mem.
Reports information only for process 0.

--- Event Stage 0: Main Stage

              Viewer     3              1          752     0
              Matrix     2              0            0     0
              Vector    15              2       325632     0
       Krylov Solver     1              0            0     0
      Preconditioner     1              0            0     0
           Index Set     3              0            0     0
========================================================================================================================
Average time to get PetscTime(): 0
#PETSc Option Table entries:
-f /home11/bnorris2/UFloridaSparseMat/moose/kobayashi_7_20_1.mat
-hash 88865077
-ksp_converged_reason
-ksp_error_if_not_converged 1
-ksp_type fgmres
-ksp_view
-log_summary
-logfile /home11/bnorris2/UFloridaSparseMat/timing-moose-aciss/kobayashi_7_20_1.88865077.log
-matload_block_size 1
-options_left
-pc_factor_levels 3
-pc_type ilu
#End of PETSc Option Table entries
Compiled without FORTRAN kernels
Compiled with full precision matrices (default)
sizeof(short) 2 sizeof(int) 4 sizeof(long) 8 sizeof(void*) 8 sizeof(PetscScalar) 8 sizeof(PetscInt) 4
Configure options: --download-hypre=yes --COPTFLAGS="-g -O3" --FOPTFLAGS="-g -O3" --FFLAGS="-g -O3" --CFLAGS="-g -O3" --download-superlu=yes
-----------------------------------------
Libraries compiled on Fri Nov 27 17:45:54 2015 on cn164 
Machine characteristics: Linux-2.6.32-358.23.2.el6.x86_64-x86_64-with-redhat-6.6-Santiago
Using PETSc directory: /home11/bnorris2/petsc/petsc-3.5.3
Using PETSc arch: arch-linux2-c-mpich3.1-gcc4.9
-----------------------------------------

Using C compiler: mpicc -g -O3 -fPIC -g -O3  ${COPTFLAGS} ${CFLAGS}
Using Fortran compiler: mpif90 -g -O3 -fPIC -g -O3   ${FOPTFLAGS} ${FFLAGS} 
-----------------------------------------

Using include paths: -I/home11/bnorris2/petsc/petsc-3.5.3/arch-linux2-c-mpich3.1-gcc4.9/include -I/home11/bnorris2/petsc/petsc-3.5.3/include -I/home11/bnorris2/petsc/petsc-3.5.3/include -I/home11/bnorris2/petsc/petsc-3.5.3/arch-linux2-c-mpich3.1-gcc4.9/include -I/ibrix/users/home11/bnorris2/petsc/petsc-3.5.3/arch-linux2-c-mpich3.1-gcc4.9/include -I/packages/mpich2/3.1.4_gcc-4.9.2/include
-----------------------------------------

Using C linker: mpicc
Using Fortran linker: mpif90
Using libraries: -Wl,-rpath,/home11/bnorris2/petsc/petsc-3.5.3/arch-linux2-c-mpich3.1-gcc4.9/lib -L/home11/bnorris2/petsc/petsc-3.5.3/arch-linux2-c-mpich3.1-gcc4.9/lib -lpetsc -Wl,-rpath,/ibrix/users/home11/bnorris2/petsc/petsc-3.5.3/arch-linux2-c-mpich3.1-gcc4.9/lib -L/ibrix/users/home11/bnorris2/petsc/petsc-3.5.3/arch-linux2-c-mpich3.1-gcc4.9/lib -lsuperlu_4.3 -lHYPRE -Wl,-rpath,/packages/mpich2/3.1.4_gcc-4.9.2/lib -L/packages/mpich2/3.1.4_gcc-4.9.2/lib -Wl,-rpath,/ibrix/packages/gcc/4.9.3/lib/gcc/x86_64-unknown-linux-gnu/4.9.3 -L/ibrix/packages/gcc/4.9.3/lib/gcc/x86_64-unknown-linux-gnu/4.9.3 -Wl,-rpath,/ibrix/packages/gcc/4.9.3/lib/gcc -L/ibrix/packages/gcc/4.9.3/lib/gcc -Wl,-rpath,/ibrix/packages/gcc/4.9.3/lib64 -L/ibrix/packages/gcc/4.9.3/lib64 -Wl,-rpath,/ibrix/packages/gcc/4.9.3/lib -L/ibrix/packages/gcc/4.9.3/lib -lmpicxx -lstdc++ -llapack -lblas -lX11 -lssl -lcrypto -lpthread -lmpifort -lgfortran -lm -lgfortran -lm -lquadmath -lm -lmpicxx -lstdc++ -Wl,-rpath,/packages/mpich2/3.1.4_gcc-4.9.2/lib -L/packages/mpich2/3.1.4_gcc-4.9.2/lib -Wl,-rpath,/ibrix/packages/gcc/4.9.3/lib/gcc/x86_64-unknown-linux-gnu/4.9.3 -L/ibrix/packages/gcc/4.9.3/lib/gcc/x86_64-unknown-linux-gnu/4.9.3 -Wl,-rpath,/ibrix/packages/gcc/4.9.3/lib/gcc -L/ibrix/packages/gcc/4.9.3/lib/gcc -Wl,-rpath,/ibrix/packages/gcc/4.9.3/lib64 -L/ibrix/packages/gcc/4.9.3/lib64 -Wl,-rpath,/ibrix/packages/gcc/4.9.3/lib -L/ibrix/packages/gcc/4.9.3/lib -ldl -Wl,-rpath,/packages/mpich2/3.1.4_gcc-4.9.2/lib -lmpi -lgcc_s -ldl  
-----------------------------------------

